{"/home/conun/conun_network/conun-blockchain-middleware/app.js": {"path":"/home/conun/conun_network/conun-blockchain-middleware/app.js","statementMap":{"0":{"start":{"line":2,"column":16},"end":{"line":2,"column":34}},"1":{"start":{"line":3,"column":12},"end":{"line":3,"column":21}},"2":{"start":{"line":4,"column":13},"end":{"line":4,"column":28}},"3":{"start":{"line":5,"column":19},"end":{"line":5,"column":41}},"4":{"start":{"line":6,"column":18},"end":{"line":6,"column":52}},"5":{"start":{"line":8,"column":0},"end":{"line":8,"column":29}},"6":{"start":{"line":9,"column":0},"end":{"line":9,"column":36}},"7":{"start":{"line":10,"column":0},"end":{"line":10,"column":40}},"8":{"start":{"line":11,"column":0},"end":{"line":11,"column":26}},"9":{"start":{"line":12,"column":0},"end":{"line":12,"column":30}},"10":{"start":{"line":14,"column":0},"end":{"line":14,"column":21}},"11":{"start":{"line":15,"column":0},"end":{"line":15,"column":25}},"12":{"start":{"line":16,"column":0},"end":{"line":16,"column":16}},"13":{"start":{"line":17,"column":0},"end":{"line":17,"column":27}},"14":{"start":{"line":18,"column":0},"end":{"line":20,"column":4}},"15":{"start":{"line":22,"column":13},"end":{"line":22,"column":47}},"16":{"start":{"line":23,"column":15},"end":{"line":25,"column":2}},"17":{"start":{"line":24,"column":4},"end":{"line":24,"column":48}},"18":{"start":{"line":26,"column":0},"end":{"line":26,"column":23}},"19":{"start":{"line":28,"column":0},"end":{"line":30,"column":3}},"20":{"start":{"line":29,"column":4},"end":{"line":29,"column":42}},"21":{"start":{"line":32,"column":0},"end":{"line":32,"column":24}}},"fnMap":{"0":{"name":"(anonymous_0)","decl":{"start":{"line":23,"column":32},"end":{"line":23,"column":33}},"loc":{"start":{"line":23,"column":38},"end":{"line":25,"column":1}},"line":23},"1":{"name":"(anonymous_1)","decl":{"start":{"line":28,"column":13},"end":{"line":28,"column":14}},"loc":{"start":{"line":28,"column":34},"end":{"line":30,"column":1}},"line":28}},"branchMap":{"0":{"loc":{"start":{"line":22,"column":13},"end":{"line":22,"column":47}},"type":"binary-expr","locations":[{"start":{"line":22,"column":13},"end":{"line":22,"column":29}},{"start":{"line":22,"column":33},"end":{"line":22,"column":47}}],"line":22}},"s":{"0":1,"1":1,"2":1,"3":1,"4":1,"5":1,"6":1,"7":1,"8":1,"9":1,"10":1,"11":1,"12":1,"13":1,"14":1,"15":1,"16":1,"17":1,"18":1,"19":1,"20":0,"21":1},"f":{"0":1,"1":0},"b":{"0":[1,1]},"_coverageSchema":"1a1c01bbd47fc00a2c39e90264f33305004495a9","hash":"d735666f3302a69d4f2fdb71e9add7cf363c883e"}
,"/home/conun/conun_network/conun-blockchain-middleware/app/helper.js": {"path":"/home/conun/conun_network/conun-blockchain-middleware/app/helper.js","statementMap":{"0":{"start":{"line":3,"column":27},"end":{"line":3,"column":52}},"1":{"start":{"line":4,"column":13},"end":{"line":4,"column":28}},"2":{"start":{"line":5,"column":25},"end":{"line":5,"column":52}},"3":{"start":{"line":6,"column":11},"end":{"line":6,"column":24}},"4":{"start":{"line":8,"column":13},"end":{"line":8,"column":28}},"5":{"start":{"line":11,"column":16},"end":{"line":11,"column":79}},"6":{"start":{"line":12,"column":16},"end":{"line":12,"column":48}},"7":{"start":{"line":13,"column":12},"end":{"line":13,"column":31}},"8":{"start":{"line":16,"column":26},"end":{"line":73,"column":1}},"9":{"start":{"line":17,"column":4},"end":{"line":17,"column":70}},"10":{"start":{"line":20,"column":18},"end":{"line":20,"column":71}},"11":{"start":{"line":21,"column":15},"end":{"line":21,"column":42}},"12":{"start":{"line":22,"column":4},"end":{"line":22,"column":32}},"13":{"start":{"line":23,"column":23},"end":{"line":23,"column":57}},"14":{"start":{"line":24,"column":19},"end":{"line":24,"column":64}},"15":{"start":{"line":25,"column":4},"end":{"line":25,"column":46}},"16":{"start":{"line":27,"column":25},"end":{"line":27,"column":57}},"17":{"start":{"line":28,"column":4},"end":{"line":35,"column":5}},"18":{"start":{"line":29,"column":8},"end":{"line":29,"column":95}},"19":{"start":{"line":30,"column":23},"end":{"line":33,"column":9}},"20":{"start":{"line":34,"column":8},"end":{"line":34,"column":23}},"21":{"start":{"line":38,"column":24},"end":{"line":38,"column":49}},"22":{"start":{"line":39,"column":4},"end":{"line":44,"column":5}},"23":{"start":{"line":40,"column":8},"end":{"line":40,"column":91}},"24":{"start":{"line":41,"column":8},"end":{"line":41,"column":28}},"25":{"start":{"line":42,"column":8},"end":{"line":42,"column":50}},"26":{"start":{"line":43,"column":8},"end":{"line":43,"column":50}},"27":{"start":{"line":47,"column":21},"end":{"line":47,"column":81}},"28":{"start":{"line":48,"column":22},"end":{"line":48,"column":75}},"29":{"start":{"line":51,"column":19},"end":{"line":51,"column":130}},"30":{"start":{"line":54,"column":23},"end":{"line":54,"column":98}},"31":{"start":{"line":56,"column":25},"end":{"line":63,"column":5}},"32":{"start":{"line":65,"column":4},"end":{"line":65,"column":51}},"33":{"start":{"line":66,"column":4},"end":{"line":66,"column":117}},"34":{"start":{"line":68,"column":19},"end":{"line":71,"column":5}},"35":{"start":{"line":72,"column":4},"end":{"line":72,"column":19}},"36":{"start":{"line":76,"column":20},"end":{"line":118,"column":1}},"37":{"start":{"line":78,"column":4},"end":{"line":78,"column":46}},"38":{"start":{"line":80,"column":4},"end":{"line":115,"column":5}},"39":{"start":{"line":82,"column":23},"end":{"line":82,"column":72}},"40":{"start":{"line":83,"column":29},"end":{"line":83,"column":50}},"41":{"start":{"line":84,"column":19},"end":{"line":84,"column":113}},"42":{"start":{"line":87,"column":27},"end":{"line":87,"column":61}},"43":{"start":{"line":88,"column":23},"end":{"line":88,"column":68}},"44":{"start":{"line":89,"column":8},"end":{"line":89,"column":50}},"45":{"start":{"line":92,"column":25},"end":{"line":92,"column":50}},"46":{"start":{"line":93,"column":8},"end":{"line":96,"column":9}},"47":{"start":{"line":94,"column":12},"end":{"line":94,"column":95}},"48":{"start":{"line":95,"column":12},"end":{"line":95,"column":19}},"49":{"start":{"line":99,"column":27},"end":{"line":99,"column":98}},"50":{"start":{"line":100,"column":29},"end":{"line":107,"column":9}},"51":{"start":{"line":108,"column":8},"end":{"line":108,"column":48}},"52":{"start":{"line":109,"column":8},"end":{"line":109,"column":96}},"53":{"start":{"line":110,"column":8},"end":{"line":110,"column":14}},"54":{"start":{"line":114,"column":8},"end":{"line":114,"column":71}},"55":{"start":{"line":120,"column":0},"end":{"line":120,"column":45}}},"fnMap":{"0":{"name":"(anonymous_0)","decl":{"start":{"line":16,"column":26},"end":{"line":16,"column":27}},"loc":{"start":{"line":16,"column":69},"end":{"line":73,"column":1}},"line":16},"1":{"name":"(anonymous_1)","decl":{"start":{"line":76,"column":20},"end":{"line":76,"column":21}},"loc":{"start":{"line":76,"column":32},"end":{"line":118,"column":1}},"line":76}},"branchMap":{"0":{"loc":{"start":{"line":28,"column":4},"end":{"line":35,"column":5}},"type":"if","locations":[{"start":{"line":28,"column":4},"end":{"line":35,"column":5}},{"start":{"line":28,"column":4},"end":{"line":35,"column":5}}],"line":28},"1":{"loc":{"start":{"line":39,"column":4},"end":{"line":44,"column":5}},"type":"if","locations":[{"start":{"line":39,"column":4},"end":{"line":44,"column":5}},{"start":{"line":39,"column":4},"end":{"line":44,"column":5}}],"line":39},"2":{"loc":{"start":{"line":93,"column":8},"end":{"line":96,"column":9}},"type":"if","locations":[{"start":{"line":93,"column":8},"end":{"line":96,"column":9}},{"start":{"line":93,"column":8},"end":{"line":96,"column":9}}],"line":93}},"s":{"0":1,"1":1,"2":1,"3":1,"4":1,"5":1,"6":1,"7":1,"8":1,"9":0,"10":0,"11":0,"12":0,"13":0,"14":0,"15":0,"16":0,"17":0,"18":0,"19":0,"20":0,"21":0,"22":0,"23":0,"24":0,"25":0,"26":0,"27":0,"28":0,"29":0,"30":0,"31":0,"32":0,"33":0,"34":0,"35":0,"36":1,"37":0,"38":0,"39":0,"40":0,"41":0,"42":0,"43":0,"44":0,"45":0,"46":0,"47":0,"48":0,"49":0,"50":0,"51":0,"52":0,"53":0,"54":0,"55":1},"f":{"0":0,"1":0},"b":{"0":[0,0],"1":[0,0],"2":[0,0]},"_coverageSchema":"1a1c01bbd47fc00a2c39e90264f33305004495a9","hash":"c067e2671a93dfd3c2838cbbf4a891af5c021e3e"}
,"/home/conun/conun_network/conun-blockchain-middleware/app/invoke.js": {"path":"/home/conun/conun_network/conun-blockchain-middleware/app/invoke.js","statementMap":{"0":{"start":{"line":1,"column":115},"end":{"line":1,"column":140}},"1":{"start":{"line":2,"column":11},"end":{"line":2,"column":24}},"2":{"start":{"line":3,"column":13},"end":{"line":3,"column":28}},"3":{"start":{"line":4,"column":15},"end":{"line":4,"column":34}},"4":{"start":{"line":8,"column":4},"end":{"line":8,"column":61}},"5":{"start":{"line":9,"column":23},"end":{"line":9,"column":57}},"6":{"start":{"line":10,"column":19},"end":{"line":10,"column":64}},"7":{"start":{"line":11,"column":4},"end":{"line":11,"column":60}},"8":{"start":{"line":12,"column":19},"end":{"line":12,"column":51}},"9":{"start":{"line":13,"column":4},"end":{"line":15,"column":5}},"10":{"start":{"line":14,"column":8},"end":{"line":14,"column":20}},"11":{"start":{"line":16,"column":4},"end":{"line":16,"column":15}},"12":{"start":{"line":20,"column":4},"end":{"line":54,"column":5}},"13":{"start":{"line":21,"column":8},"end":{"line":21,"column":65}},"14":{"start":{"line":22,"column":24},"end":{"line":22,"column":87}},"15":{"start":{"line":23,"column":24},"end":{"line":23,"column":56}},"16":{"start":{"line":24,"column":20},"end":{"line":24,"column":39}},"17":{"start":{"line":27,"column":27},"end":{"line":27,"column":61}},"18":{"start":{"line":28,"column":23},"end":{"line":28,"column":68}},"19":{"start":{"line":29,"column":8},"end":{"line":29,"column":64}},"20":{"start":{"line":32,"column":23},"end":{"line":32,"column":55}},"21":{"start":{"line":33,"column":8},"end":{"line":39,"column":9}},"22":{"start":{"line":38,"column":12},"end":{"line":38,"column":19}},"23":{"start":{"line":41,"column":31},"end":{"line":47,"column":9}},"24":{"start":{"line":48,"column":8},"end":{"line":51,"column":10}},"25":{"start":{"line":53,"column":8},"end":{"line":53,"column":48}},"26":{"start":{"line":57,"column":0},"end":{"line":159,"column":1}},"27":{"start":{"line":59,"column":8},"end":{"line":82,"column":9}},"28":{"start":{"line":60,"column":12},"end":{"line":60,"column":46}},"29":{"start":{"line":61,"column":31},"end":{"line":61,"column":74}},"30":{"start":{"line":63,"column":28},"end":{"line":63,"column":41}},"31":{"start":{"line":64,"column":12},"end":{"line":64,"column":77}},"32":{"start":{"line":67,"column":28},"end":{"line":67,"column":69}},"33":{"start":{"line":68,"column":29},"end":{"line":68,"column":67}},"34":{"start":{"line":69,"column":25},"end":{"line":69,"column":70}},"35":{"start":{"line":70,"column":12},"end":{"line":70,"column":37}},"36":{"start":{"line":70,"column":24},"end":{"line":70,"column":37}},"37":{"start":{"line":72,"column":25},"end":{"line":72,"column":96}},"38":{"start":{"line":74,"column":12},"end":{"line":74,"column":39}},"39":{"start":{"line":77,"column":12},"end":{"line":77,"column":49}},"40":{"start":{"line":80,"column":12},"end":{"line":80,"column":50}},"41":{"start":{"line":81,"column":12},"end":{"line":81,"column":24}},"42":{"start":{"line":86,"column":8},"end":{"line":108,"column":9}},"43":{"start":{"line":87,"column":12},"end":{"line":87,"column":42}},"44":{"start":{"line":88,"column":31},"end":{"line":88,"column":81}},"45":{"start":{"line":90,"column":28},"end":{"line":90,"column":41}},"46":{"start":{"line":91,"column":12},"end":{"line":91,"column":77}},"47":{"start":{"line":94,"column":28},"end":{"line":94,"column":69}},"48":{"start":{"line":95,"column":29},"end":{"line":95,"column":67}},"49":{"start":{"line":97,"column":25},"end":{"line":97,"column":78}},"50":{"start":{"line":99,"column":12},"end":{"line":99,"column":39}},"51":{"start":{"line":101,"column":12},"end":{"line":101,"column":39}},"52":{"start":{"line":103,"column":12},"end":{"line":103,"column":26}},"53":{"start":{"line":106,"column":12},"end":{"line":106,"column":50}},"54":{"start":{"line":107,"column":12},"end":{"line":107,"column":24}},"55":{"start":{"line":112,"column":8},"end":{"line":132,"column":9}},"56":{"start":{"line":113,"column":12},"end":{"line":113,"column":42}},"57":{"start":{"line":114,"column":31},"end":{"line":114,"column":83}},"58":{"start":{"line":116,"column":28},"end":{"line":116,"column":41}},"59":{"start":{"line":117,"column":12},"end":{"line":117,"column":77}},"60":{"start":{"line":120,"column":28},"end":{"line":120,"column":69}},"61":{"start":{"line":121,"column":29},"end":{"line":121,"column":67}},"62":{"start":{"line":123,"column":25},"end":{"line":123,"column":78}},"63":{"start":{"line":125,"column":12},"end":{"line":125,"column":39}},"64":{"start":{"line":127,"column":12},"end":{"line":127,"column":49}},"65":{"start":{"line":130,"column":12},"end":{"line":130,"column":50}},"66":{"start":{"line":131,"column":12},"end":{"line":131,"column":24}},"67":{"start":{"line":136,"column":8},"end":{"line":156,"column":9}},"68":{"start":{"line":137,"column":12},"end":{"line":137,"column":42}},"69":{"start":{"line":138,"column":31},"end":{"line":138,"column":83}},"70":{"start":{"line":140,"column":28},"end":{"line":140,"column":41}},"71":{"start":{"line":141,"column":12},"end":{"line":141,"column":77}},"72":{"start":{"line":144,"column":28},"end":{"line":144,"column":69}},"73":{"start":{"line":145,"column":29},"end":{"line":145,"column":67}},"74":{"start":{"line":147,"column":25},"end":{"line":147,"column":86}},"75":{"start":{"line":149,"column":12},"end":{"line":149,"column":39}},"76":{"start":{"line":151,"column":12},"end":{"line":151,"column":49}},"77":{"start":{"line":154,"column":12},"end":{"line":154,"column":50}},"78":{"start":{"line":155,"column":12},"end":{"line":155,"column":24}}},"fnMap":{"0":{"name":"checkWalletAddress","decl":{"start":{"line":7,"column":15},"end":{"line":7,"column":33}},"loc":{"start":{"line":7,"column":60},"end":{"line":17,"column":1}},"line":7},"1":{"name":"connectionOrg","decl":{"start":{"line":19,"column":15},"end":{"line":19,"column":28}},"loc":{"start":{"line":19,"column":55},"end":{"line":55,"column":1}},"line":19},"2":{"name":"(anonymous_2)","decl":{"start":{"line":58,"column":14},"end":{"line":58,"column":15}},"loc":{"start":{"line":58,"column":29},"end":{"line":83,"column":5}},"line":58},"3":{"name":"(anonymous_3)","decl":{"start":{"line":85,"column":10},"end":{"line":85,"column":11}},"loc":{"start":{"line":85,"column":25},"end":{"line":109,"column":5}},"line":85},"4":{"name":"(anonymous_4)","decl":{"start":{"line":111,"column":10},"end":{"line":111,"column":11}},"loc":{"start":{"line":111,"column":25},"end":{"line":133,"column":5}},"line":111},"5":{"name":"(anonymous_5)","decl":{"start":{"line":135,"column":10},"end":{"line":135,"column":11}},"loc":{"start":{"line":135,"column":25},"end":{"line":157,"column":5}},"line":135}},"branchMap":{"0":{"loc":{"start":{"line":13,"column":4},"end":{"line":15,"column":5}},"type":"if","locations":[{"start":{"line":13,"column":4},"end":{"line":15,"column":5}},{"start":{"line":13,"column":4},"end":{"line":15,"column":5}}],"line":13},"1":{"loc":{"start":{"line":33,"column":8},"end":{"line":39,"column":9}},"type":"if","locations":[{"start":{"line":33,"column":8},"end":{"line":39,"column":9}},{"start":{"line":33,"column":8},"end":{"line":39,"column":9}}],"line":33},"2":{"loc":{"start":{"line":70,"column":12},"end":{"line":70,"column":37}},"type":"if","locations":[{"start":{"line":70,"column":12},"end":{"line":70,"column":37}},{"start":{"line":70,"column":12},"end":{"line":70,"column":37}}],"line":70}},"s":{"0":1,"1":1,"2":1,"3":1,"4":1,"5":1,"6":1,"7":1,"8":1,"9":1,"10":0,"11":1,"12":2,"13":2,"14":2,"15":2,"16":2,"17":2,"18":2,"19":2,"20":2,"21":2,"22":1,"23":1,"24":1,"25":0,"26":1,"27":2,"28":2,"29":2,"30":2,"31":2,"32":1,"33":1,"34":1,"35":1,"36":0,"37":1,"38":1,"39":1,"40":1,"41":1,"42":0,"43":0,"44":0,"45":0,"46":0,"47":0,"48":0,"49":0,"50":0,"51":0,"52":0,"53":0,"54":0,"55":0,"56":0,"57":0,"58":0,"59":0,"60":0,"61":0,"62":0,"63":0,"64":0,"65":0,"66":0,"67":0,"68":0,"69":0,"70":0,"71":0,"72":0,"73":0,"74":0,"75":0,"76":0,"77":0,"78":0},"f":{"0":1,"1":2,"2":2,"3":0,"4":0,"5":0},"b":{"0":[0,1],"1":[1,1],"2":[0,1]},"_coverageSchema":"1a1c01bbd47fc00a2c39e90264f33305004495a9","hash":"707d54752e97b96eeebd21fb4b02ba3c26455131"}
,"/home/conun/conun_network/conun-blockchain-middleware/app/query.js": {"path":"/home/conun/conun_network/conun-blockchain-middleware/app/query.js","statementMap":{"0":{"start":{"line":1,"column":42},"end":{"line":1,"column":67}},"1":{"start":{"line":2,"column":11},"end":{"line":2,"column":24}},"2":{"start":{"line":3,"column":13},"end":{"line":3,"column":28}},"3":{"start":{"line":4,"column":15},"end":{"line":4,"column":34}},"4":{"start":{"line":6,"column":15},"end":{"line":6,"column":32}},"5":{"start":{"line":7,"column":15},"end":{"line":7,"column":47}},"6":{"start":{"line":10,"column":4},"end":{"line":42,"column":5}},"7":{"start":{"line":11,"column":8},"end":{"line":11,"column":65}},"8":{"start":{"line":13,"column":24},"end":{"line":13,"column":87}},"9":{"start":{"line":14,"column":24},"end":{"line":14,"column":56}},"10":{"start":{"line":15,"column":20},"end":{"line":15,"column":39}},"11":{"start":{"line":18,"column":27},"end":{"line":18,"column":61}},"12":{"start":{"line":19,"column":23},"end":{"line":19,"column":68}},"13":{"start":{"line":20,"column":8},"end":{"line":20,"column":50}},"14":{"start":{"line":23,"column":23},"end":{"line":23,"column":55}},"15":{"start":{"line":24,"column":8},"end":{"line":30,"column":9}},"16":{"start":{"line":29,"column":12},"end":{"line":29,"column":19}},"17":{"start":{"line":32,"column":31},"end":{"line":34,"column":9}},"18":{"start":{"line":36,"column":8},"end":{"line":39,"column":9}},"19":{"start":{"line":41,"column":8},"end":{"line":41,"column":48}},"20":{"start":{"line":45,"column":0},"end":{"line":133,"column":1}},"21":{"start":{"line":47,"column":8},"end":{"line":66,"column":9}},"22":{"start":{"line":48,"column":12},"end":{"line":48,"column":38}},"23":{"start":{"line":49,"column":31},"end":{"line":49,"column":83}},"24":{"start":{"line":51,"column":28},"end":{"line":51,"column":41}},"25":{"start":{"line":52,"column":12},"end":{"line":52,"column":77}},"26":{"start":{"line":55,"column":28},"end":{"line":55,"column":69}},"27":{"start":{"line":58,"column":29},"end":{"line":58,"column":67}},"28":{"start":{"line":60,"column":25},"end":{"line":60,"column":88}},"29":{"start":{"line":61,"column":12},"end":{"line":61,"column":80}},"30":{"start":{"line":62,"column":12},"end":{"line":62,"column":49}},"31":{"start":{"line":64,"column":12},"end":{"line":64,"column":70}},"32":{"start":{"line":65,"column":12},"end":{"line":65,"column":24}},"33":{"start":{"line":70,"column":8},"end":{"line":83,"column":9}},"34":{"start":{"line":71,"column":12},"end":{"line":71,"column":38}},"35":{"start":{"line":72,"column":31},"end":{"line":72,"column":83}},"36":{"start":{"line":73,"column":28},"end":{"line":73,"column":41}},"37":{"start":{"line":74,"column":12},"end":{"line":74,"column":77}},"38":{"start":{"line":75,"column":28},"end":{"line":75,"column":69}},"39":{"start":{"line":76,"column":29},"end":{"line":76,"column":67}},"40":{"start":{"line":77,"column":25},"end":{"line":77,"column":68}},"41":{"start":{"line":78,"column":12},"end":{"line":78,"column":80}},"42":{"start":{"line":79,"column":12},"end":{"line":79,"column":49}},"43":{"start":{"line":81,"column":12},"end":{"line":81,"column":70}},"44":{"start":{"line":82,"column":12},"end":{"line":82,"column":24}},"45":{"start":{"line":87,"column":8},"end":{"line":100,"column":9}},"46":{"start":{"line":88,"column":12},"end":{"line":88,"column":38}},"47":{"start":{"line":89,"column":31},"end":{"line":89,"column":83}},"48":{"start":{"line":90,"column":28},"end":{"line":90,"column":41}},"49":{"start":{"line":91,"column":12},"end":{"line":91,"column":77}},"50":{"start":{"line":92,"column":28},"end":{"line":92,"column":69}},"51":{"start":{"line":93,"column":29},"end":{"line":93,"column":67}},"52":{"start":{"line":94,"column":25},"end":{"line":94,"column":68}},"53":{"start":{"line":95,"column":12},"end":{"line":95,"column":80}},"54":{"start":{"line":96,"column":12},"end":{"line":96,"column":37}},"55":{"start":{"line":98,"column":12},"end":{"line":98,"column":70}},"56":{"start":{"line":99,"column":12},"end":{"line":99,"column":24}},"57":{"start":{"line":104,"column":8},"end":{"line":131,"column":9}},"58":{"start":{"line":105,"column":12},"end":{"line":105,"column":38}},"59":{"start":{"line":106,"column":31},"end":{"line":106,"column":83}},"60":{"start":{"line":108,"column":28},"end":{"line":108,"column":41}},"61":{"start":{"line":109,"column":12},"end":{"line":109,"column":77}},"62":{"start":{"line":112,"column":28},"end":{"line":112,"column":69}},"63":{"start":{"line":124,"column":25},"end":{"line":124,"column":149}},"64":{"start":{"line":126,"column":12},"end":{"line":126,"column":80}},"65":{"start":{"line":127,"column":12},"end":{"line":127,"column":49}},"66":{"start":{"line":129,"column":12},"end":{"line":129,"column":70}},"67":{"start":{"line":130,"column":12},"end":{"line":130,"column":24}}},"fnMap":{"0":{"name":"connectionOrg","decl":{"start":{"line":9,"column":15},"end":{"line":9,"column":28}},"loc":{"start":{"line":9,"column":55},"end":{"line":43,"column":1}},"line":9},"1":{"name":"(anonymous_1)","decl":{"start":{"line":46,"column":15},"end":{"line":46,"column":16}},"loc":{"start":{"line":46,"column":30},"end":{"line":67,"column":5}},"line":46},"2":{"name":"(anonymous_2)","decl":{"start":{"line":69,"column":16},"end":{"line":69,"column":17}},"loc":{"start":{"line":69,"column":31},"end":{"line":84,"column":5}},"line":69},"3":{"name":"(anonymous_3)","decl":{"start":{"line":86,"column":21},"end":{"line":86,"column":22}},"loc":{"start":{"line":86,"column":36},"end":{"line":101,"column":5}},"line":86},"4":{"name":"(anonymous_4)","decl":{"start":{"line":103,"column":25},"end":{"line":103,"column":26}},"loc":{"start":{"line":103,"column":40},"end":{"line":132,"column":5}},"line":103}},"branchMap":{"0":{"loc":{"start":{"line":24,"column":8},"end":{"line":30,"column":9}},"type":"if","locations":[{"start":{"line":24,"column":8},"end":{"line":30,"column":9}},{"start":{"line":24,"column":8},"end":{"line":30,"column":9}}],"line":24}},"s":{"0":1,"1":1,"2":1,"3":1,"4":1,"5":1,"6":0,"7":0,"8":0,"9":0,"10":0,"11":0,"12":0,"13":0,"14":0,"15":0,"16":0,"17":0,"18":0,"19":0,"20":1,"21":0,"22":0,"23":0,"24":0,"25":0,"26":0,"27":0,"28":0,"29":0,"30":0,"31":0,"32":0,"33":0,"34":0,"35":0,"36":0,"37":0,"38":0,"39":0,"40":0,"41":0,"42":0,"43":0,"44":0,"45":0,"46":0,"47":0,"48":0,"49":0,"50":0,"51":0,"52":0,"53":0,"54":0,"55":0,"56":0,"57":0,"58":0,"59":0,"60":0,"61":0,"62":0,"63":0,"64":0,"65":0,"66":0,"67":0},"f":{"0":0,"1":0,"2":0,"3":0,"4":0},"b":{"0":[0,0]},"_coverageSchema":"1a1c01bbd47fc00a2c39e90264f33305004495a9","hash":"55b32b91e18ef097431d4091e786511bbb5e9378"}
,"/home/conun/conun_network/conun-blockchain-middleware/middleware/auth.js": {"path":"/home/conun/conun_network/conun-blockchain-middleware/middleware/auth.js","statementMap":{"0":{"start":{"line":1,"column":12},"end":{"line":1,"column":35}},"1":{"start":{"line":2,"column":15},"end":{"line":2,"column":32}},"2":{"start":{"line":4,"column":0},"end":{"line":14,"column":1}},"3":{"start":{"line":5,"column":4},"end":{"line":13,"column":5}},"4":{"start":{"line":6,"column":18},"end":{"line":6,"column":44}},"5":{"start":{"line":7,"column":4},"end":{"line":8,"column":55}},"6":{"start":{"line":8,"column":8},"end":{"line":8,"column":55}},"7":{"start":{"line":9,"column":8},"end":{"line":9,"column":66}},"8":{"start":{"line":10,"column":8},"end":{"line":10,"column":15}},"9":{"start":{"line":12,"column":8},"end":{"line":12,"column":53}}},"fnMap":{"0":{"name":"auth","decl":{"start":{"line":4,"column":26},"end":{"line":4,"column":30}},"loc":{"start":{"line":4,"column":47},"end":{"line":14,"column":1}},"line":4}},"branchMap":{"0":{"loc":{"start":{"line":7,"column":4},"end":{"line":8,"column":55}},"type":"if","locations":[{"start":{"line":7,"column":4},"end":{"line":8,"column":55}},{"start":{"line":7,"column":4},"end":{"line":8,"column":55}}],"line":7}},"s":{"0":1,"1":1,"2":1,"3":4,"4":4,"5":4,"6":0,"7":4,"8":4,"9":0},"f":{"0":4},"b":{"0":[0,4]},"_coverageSchema":"1a1c01bbd47fc00a2c39e90264f33305004495a9","hash":"16a2bda2a0c6844a5dd2e4e8c095cffaf7280016"}
,"/home/conun/conun_network/conun-blockchain-middleware/middleware/verify.js": {"path":"/home/conun/conun_network/conun-blockchain-middleware/middleware/verify.js","statementMap":{"0":{"start":{"line":1,"column":0},"end":{"line":23,"column":1}},"1":{"start":{"line":2,"column":4},"end":{"line":22,"column":5}},"2":{"start":{"line":3,"column":8},"end":{"line":3,"column":48}},"3":{"start":{"line":4,"column":8},"end":{"line":9,"column":9}},"4":{"start":{"line":5,"column":12},"end":{"line":8,"column":15}},"5":{"start":{"line":10,"column":8},"end":{"line":15,"column":9}},"6":{"start":{"line":11,"column":12},"end":{"line":14,"column":15}},"7":{"start":{"line":16,"column":8},"end":{"line":16,"column":15}},"8":{"start":{"line":18,"column":8},"end":{"line":21,"column":11}}},"fnMap":{"0":{"name":"verify","decl":{"start":{"line":1,"column":26},"end":{"line":1,"column":32}},"loc":{"start":{"line":1,"column":49},"end":{"line":23,"column":1}},"line":1}},"branchMap":{"0":{"loc":{"start":{"line":4,"column":8},"end":{"line":9,"column":9}},"type":"if","locations":[{"start":{"line":4,"column":8},"end":{"line":9,"column":9}},{"start":{"line":4,"column":8},"end":{"line":9,"column":9}}],"line":4},"1":{"loc":{"start":{"line":10,"column":8},"end":{"line":15,"column":9}},"type":"if","locations":[{"start":{"line":10,"column":8},"end":{"line":15,"column":9}},{"start":{"line":10,"column":8},"end":{"line":15,"column":9}}],"line":10}},"s":{"0":1,"1":4,"2":4,"3":4,"4":0,"5":4,"6":0,"7":4,"8":0},"f":{"0":4},"b":{"0":[0,4],"1":[0,4]},"_coverageSchema":"1a1c01bbd47fc00a2c39e90264f33305004495a9","hash":"01e567e46654797f8a8c083ff4ac9be0911c82eb"}
,"/home/conun/conun_network/conun-blockchain-middleware/models/profile/user.js": {"path":"/home/conun/conun_network/conun-blockchain-middleware/models/profile/user.js","statementMap":{"0":{"start":{"line":1,"column":12},"end":{"line":1,"column":26}},"1":{"start":{"line":2,"column":17},"end":{"line":2,"column":36}},"2":{"start":{"line":3,"column":12},"end":{"line":3,"column":35}},"3":{"start":{"line":4,"column":15},"end":{"line":4,"column":32}},"4":{"start":{"line":6,"column":19},"end":{"line":39,"column":2}},"5":{"start":{"line":41,"column":0},"end":{"line":43,"column":1}},"6":{"start":{"line":42,"column":4},"end":{"line":42,"column":89}},"7":{"start":{"line":45,"column":13},"end":{"line":45,"column":47}},"8":{"start":{"line":49,"column":4},"end":{"line":49,"column":36}},"9":{"start":{"line":50,"column":19},"end":{"line":57,"column":6}},"10":{"start":{"line":58,"column":4},"end":{"line":58,"column":33}},"11":{"start":{"line":61,"column":0},"end":{"line":61,"column":20}},"12":{"start":{"line":62,"column":0},"end":{"line":62,"column":32}}},"fnMap":{"0":{"name":"(anonymous_0)","decl":{"start":{"line":41,"column":39},"end":{"line":41,"column":40}},"loc":{"start":{"line":41,"column":51},"end":{"line":43,"column":1}},"line":41},"1":{"name":"validateUser","decl":{"start":{"line":48,"column":9},"end":{"line":48,"column":21}},"loc":{"start":{"line":48,"column":28},"end":{"line":59,"column":1}},"line":48}},"branchMap":{},"s":{"0":2,"1":2,"2":2,"3":2,"4":2,"5":2,"6":0,"7":2,"8":0,"9":0,"10":0,"11":2,"12":2},"f":{"0":0,"1":0},"b":{},"_coverageSchema":"1a1c01bbd47fc00a2c39e90264f33305004495a9","hash":"2fa719ae6424b1ee73bf4e5f288fb018868aa556"}
,"/home/conun/conun_network/conun-blockchain-middleware/routes/chaincode/token.js": {"path":"/home/conun/conun_network/conun-blockchain-middleware/routes/chaincode/token.js","statementMap":{"0":{"start":{"line":1,"column":16},"end":{"line":1,"column":34}},"1":{"start":{"line":2,"column":15},"end":{"line":2,"column":31}},"2":{"start":{"line":3,"column":10},"end":{"line":3,"column":27}},"3":{"start":{"line":4,"column":22},"end":{"line":4,"column":49}},"4":{"start":{"line":5,"column":21},"end":{"line":5,"column":47}},"5":{"start":{"line":6,"column":13},"end":{"line":6,"column":45}},"6":{"start":{"line":7,"column":15},"end":{"line":7,"column":49}},"7":{"start":{"line":8,"column":15},"end":{"line":8,"column":32}},"8":{"start":{"line":11,"column":22},"end":{"line":11,"column":47}},"9":{"start":{"line":12,"column":4},"end":{"line":76,"column":5}},"10":{"start":{"line":14,"column":12},"end":{"line":26,"column":14}},"11":{"start":{"line":15,"column":29},"end":{"line":23,"column":18}},"12":{"start":{"line":24,"column":16},"end":{"line":24,"column":42}},"13":{"start":{"line":24,"column":28},"end":{"line":24,"column":42}},"14":{"start":{"line":25,"column":16},"end":{"line":25,"column":32}},"15":{"start":{"line":29,"column":12},"end":{"line":40,"column":14}},"16":{"start":{"line":30,"column":29},"end":{"line":37,"column":18}},"17":{"start":{"line":38,"column":16},"end":{"line":38,"column":42}},"18":{"start":{"line":38,"column":28},"end":{"line":38,"column":42}},"19":{"start":{"line":39,"column":16},"end":{"line":39,"column":31}},"20":{"start":{"line":43,"column":12},"end":{"line":54,"column":14}},"21":{"start":{"line":44,"column":29},"end":{"line":51,"column":18}},"22":{"start":{"line":52,"column":16},"end":{"line":52,"column":42}},"23":{"start":{"line":52,"column":28},"end":{"line":52,"column":42}},"24":{"start":{"line":53,"column":16},"end":{"line":53,"column":31}},"25":{"start":{"line":57,"column":12},"end":{"line":68,"column":14}},"26":{"start":{"line":58,"column":29},"end":{"line":65,"column":18}},"27":{"start":{"line":66,"column":16},"end":{"line":66,"column":42}},"28":{"start":{"line":66,"column":28},"end":{"line":66,"column":42}},"29":{"start":{"line":67,"column":16},"end":{"line":67,"column":31}},"30":{"start":{"line":70,"column":25},"end":{"line":70,"column":46}},"31":{"start":{"line":71,"column":12},"end":{"line":74,"column":13}},"32":{"start":{"line":72,"column":16},"end":{"line":72,"column":47}},"33":{"start":{"line":73,"column":16},"end":{"line":73,"column":31}},"34":{"start":{"line":80,"column":23},"end":{"line":80,"column":48}},"35":{"start":{"line":81,"column":4},"end":{"line":129,"column":5}},"36":{"start":{"line":83,"column":12},"end":{"line":94,"column":14}},"37":{"start":{"line":84,"column":16},"end":{"line":84,"column":46}},"38":{"start":{"line":85,"column":29},"end":{"line":91,"column":18}},"39":{"start":{"line":92,"column":16},"end":{"line":92,"column":42}},"40":{"start":{"line":92,"column":28},"end":{"line":92,"column":42}},"41":{"start":{"line":93,"column":16},"end":{"line":93,"column":31}},"42":{"start":{"line":96,"column":12},"end":{"line":107,"column":14}},"43":{"start":{"line":97,"column":16},"end":{"line":97,"column":46}},"44":{"start":{"line":98,"column":29},"end":{"line":104,"column":18}},"45":{"start":{"line":105,"column":16},"end":{"line":105,"column":42}},"46":{"start":{"line":105,"column":28},"end":{"line":105,"column":42}},"47":{"start":{"line":106,"column":16},"end":{"line":106,"column":31}},"48":{"start":{"line":109,"column":12},"end":{"line":120,"column":14}},"49":{"start":{"line":110,"column":16},"end":{"line":110,"column":46}},"50":{"start":{"line":111,"column":29},"end":{"line":117,"column":18}},"51":{"start":{"line":118,"column":16},"end":{"line":118,"column":42}},"52":{"start":{"line":118,"column":28},"end":{"line":118,"column":42}},"53":{"start":{"line":119,"column":16},"end":{"line":119,"column":31}},"54":{"start":{"line":122,"column":25},"end":{"line":122,"column":47}},"55":{"start":{"line":123,"column":12},"end":{"line":123,"column":47}},"56":{"start":{"line":124,"column":12},"end":{"line":127,"column":13}},"57":{"start":{"line":125,"column":16},"end":{"line":125,"column":48}},"58":{"start":{"line":126,"column":16},"end":{"line":126,"column":31}},"59":{"start":{"line":133,"column":0},"end":{"line":162,"column":3}},"60":{"start":{"line":134,"column":4},"end":{"line":161,"column":5}},"61":{"start":{"line":135,"column":8},"end":{"line":135,"column":46}},"62":{"start":{"line":136,"column":8},"end":{"line":153,"column":11}},"63":{"start":{"line":138,"column":16},"end":{"line":138,"column":55}},"64":{"start":{"line":139,"column":20},"end":{"line":144,"column":22}},"65":{"start":{"line":147,"column":12},"end":{"line":152,"column":14}},"66":{"start":{"line":155,"column":33},"end":{"line":159,"column":9}},"67":{"start":{"line":160,"column":8},"end":{"line":160,"column":46}},"68":{"start":{"line":164,"column":0},"end":{"line":195,"column":3}},"69":{"start":{"line":165,"column":4},"end":{"line":194,"column":5}},"70":{"start":{"line":166,"column":8},"end":{"line":166,"column":44}},"71":{"start":{"line":167,"column":8},"end":{"line":167,"column":42}},"72":{"start":{"line":168,"column":8},"end":{"line":168,"column":40}},"73":{"start":{"line":169,"column":8},"end":{"line":186,"column":11}},"74":{"start":{"line":171,"column":16},"end":{"line":171,"column":52}},"75":{"start":{"line":172,"column":41},"end":{"line":176,"column":17}},"76":{"start":{"line":177,"column":16},"end":{"line":177,"column":55}},"77":{"start":{"line":180,"column":12},"end":{"line":185,"column":14}},"78":{"start":{"line":188,"column":33},"end":{"line":192,"column":9}},"79":{"start":{"line":193,"column":8},"end":{"line":193,"column":46}},"80":{"start":{"line":196,"column":0},"end":{"line":196,"column":24}}},"fnMap":{"0":{"name":"CallInvoke","decl":{"start":{"line":10,"column":9},"end":{"line":10,"column":19}},"loc":{"start":{"line":10,"column":32},"end":{"line":77,"column":1}},"line":10},"1":{"name":"(anonymous_1)","decl":{"start":{"line":13,"column":8},"end":{"line":13,"column":9}},"loc":{"start":{"line":13,"column":29},"end":{"line":75,"column":9}},"line":13},"2":{"name":"(anonymous_2)","decl":{"start":{"line":14,"column":37},"end":{"line":14,"column":38}},"loc":{"start":{"line":14,"column":49},"end":{"line":26,"column":13}},"line":14},"3":{"name":"(anonymous_3)","decl":{"start":{"line":29,"column":33},"end":{"line":29,"column":34}},"loc":{"start":{"line":29,"column":45},"end":{"line":40,"column":13}},"line":29},"4":{"name":"(anonymous_4)","decl":{"start":{"line":43,"column":33},"end":{"line":43,"column":34}},"loc":{"start":{"line":43,"column":45},"end":{"line":54,"column":13}},"line":43},"5":{"name":"(anonymous_5)","decl":{"start":{"line":57,"column":33},"end":{"line":57,"column":34}},"loc":{"start":{"line":57,"column":45},"end":{"line":68,"column":13}},"line":57},"6":{"name":"CallQuery","decl":{"start":{"line":79,"column":9},"end":{"line":79,"column":18}},"loc":{"start":{"line":79,"column":31},"end":{"line":130,"column":1}},"line":79},"7":{"name":"(anonymous_7)","decl":{"start":{"line":82,"column":8},"end":{"line":82,"column":9}},"loc":{"start":{"line":82,"column":29},"end":{"line":128,"column":9}},"line":82},"8":{"name":"(anonymous_8)","decl":{"start":{"line":83,"column":39},"end":{"line":83,"column":40}},"loc":{"start":{"line":83,"column":51},"end":{"line":94,"column":13}},"line":83},"9":{"name":"(anonymous_9)","decl":{"start":{"line":96,"column":40},"end":{"line":96,"column":41}},"loc":{"start":{"line":96,"column":52},"end":{"line":107,"column":13}},"line":96},"10":{"name":"(anonymous_10)","decl":{"start":{"line":109,"column":45},"end":{"line":109,"column":46}},"loc":{"start":{"line":109,"column":57},"end":{"line":120,"column":13}},"line":109},"11":{"name":"(anonymous_11)","decl":{"start":{"line":133,"column":78},"end":{"line":133,"column":79}},"loc":{"start":{"line":133,"column":98},"end":{"line":162,"column":1}},"line":133},"12":{"name":"(anonymous_12)","decl":{"start":{"line":137,"column":18},"end":{"line":137,"column":19}},"loc":{"start":{"line":137,"column":32},"end":{"line":145,"column":13}},"line":137},"13":{"name":"(anonymous_13)","decl":{"start":{"line":146,"column":16},"end":{"line":146,"column":17}},"loc":{"start":{"line":146,"column":25},"end":{"line":153,"column":9}},"line":146},"14":{"name":"(anonymous_14)","decl":{"start":{"line":164,"column":76},"end":{"line":164,"column":77}},"loc":{"start":{"line":164,"column":96},"end":{"line":195,"column":1}},"line":164},"15":{"name":"(anonymous_15)","decl":{"start":{"line":170,"column":18},"end":{"line":170,"column":19}},"loc":{"start":{"line":170,"column":32},"end":{"line":178,"column":13}},"line":170},"16":{"name":"(anonymous_16)","decl":{"start":{"line":179,"column":16},"end":{"line":179,"column":17}},"loc":{"start":{"line":179,"column":25},"end":{"line":186,"column":9}},"line":179}},"branchMap":{"0":{"loc":{"start":{"line":24,"column":16},"end":{"line":24,"column":42}},"type":"if","locations":[{"start":{"line":24,"column":16},"end":{"line":24,"column":42}},{"start":{"line":24,"column":16},"end":{"line":24,"column":42}}],"line":24},"1":{"loc":{"start":{"line":38,"column":16},"end":{"line":38,"column":42}},"type":"if","locations":[{"start":{"line":38,"column":16},"end":{"line":38,"column":42}},{"start":{"line":38,"column":16},"end":{"line":38,"column":42}}],"line":38},"2":{"loc":{"start":{"line":52,"column":16},"end":{"line":52,"column":42}},"type":"if","locations":[{"start":{"line":52,"column":16},"end":{"line":52,"column":42}},{"start":{"line":52,"column":16},"end":{"line":52,"column":42}}],"line":52},"3":{"loc":{"start":{"line":66,"column":16},"end":{"line":66,"column":42}},"type":"if","locations":[{"start":{"line":66,"column":16},"end":{"line":66,"column":42}},{"start":{"line":66,"column":16},"end":{"line":66,"column":42}}],"line":66},"4":{"loc":{"start":{"line":71,"column":12},"end":{"line":74,"column":13}},"type":"if","locations":[{"start":{"line":71,"column":12},"end":{"line":74,"column":13}},{"start":{"line":71,"column":12},"end":{"line":74,"column":13}}],"line":71},"5":{"loc":{"start":{"line":92,"column":16},"end":{"line":92,"column":42}},"type":"if","locations":[{"start":{"line":92,"column":16},"end":{"line":92,"column":42}},{"start":{"line":92,"column":16},"end":{"line":92,"column":42}}],"line":92},"6":{"loc":{"start":{"line":105,"column":16},"end":{"line":105,"column":42}},"type":"if","locations":[{"start":{"line":105,"column":16},"end":{"line":105,"column":42}},{"start":{"line":105,"column":16},"end":{"line":105,"column":42}}],"line":105},"7":{"loc":{"start":{"line":118,"column":16},"end":{"line":118,"column":42}},"type":"if","locations":[{"start":{"line":118,"column":16},"end":{"line":118,"column":42}},{"start":{"line":118,"column":16},"end":{"line":118,"column":42}}],"line":118},"8":{"loc":{"start":{"line":124,"column":12},"end":{"line":127,"column":13}},"type":"if","locations":[{"start":{"line":124,"column":12},"end":{"line":127,"column":13}},{"start":{"line":124,"column":12},"end":{"line":127,"column":13}}],"line":124}},"s":{"0":1,"1":1,"2":1,"3":1,"4":1,"5":1,"6":1,"7":1,"8":4,"9":4,"10":4,"11":2,"12":2,"13":1,"14":2,"15":4,"16":0,"17":0,"18":0,"19":0,"20":4,"21":0,"22":0,"23":0,"24":0,"25":4,"26":0,"27":0,"28":0,"29":0,"30":4,"31":4,"32":2,"33":2,"34":0,"35":0,"36":0,"37":0,"38":0,"39":0,"40":0,"41":0,"42":0,"43":0,"44":0,"45":0,"46":0,"47":0,"48":0,"49":0,"50":0,"51":0,"52":0,"53":0,"54":0,"55":0,"56":0,"57":0,"58":0,"59":1,"60":4,"61":4,"62":4,"63":1,"64":1,"65":3,"66":0,"67":0,"68":1,"69":0,"70":0,"71":0,"72":0,"73":0,"74":0,"75":0,"76":0,"77":0,"78":0,"79":0,"80":1},"f":{"0":4,"1":4,"2":2,"3":0,"4":0,"5":0,"6":0,"7":0,"8":0,"9":0,"10":0,"11":4,"12":1,"13":3,"14":0,"15":0,"16":0},"b":{"0":[1,1],"1":[0,0],"2":[0,0],"3":[0,0],"4":[2,2],"5":[0,0],"6":[0,0],"7":[0,0],"8":[0,0]},"_coverageSchema":"1a1c01bbd47fc00a2c39e90264f33305004495a9","hash":"3abaca7fcd7ce9e2cd8cfb79cf8b46795e046570"}
,"/home/conun/conun_network/conun-blockchain-middleware/routes/profile/admin.js": {"path":"/home/conun/conun_network/conun-blockchain-middleware/routes/profile/admin.js","statementMap":{"0":{"start":{"line":1,"column":16},"end":{"line":1,"column":34}},"1":{"start":{"line":2,"column":15},"end":{"line":2,"column":32}},"2":{"start":{"line":3,"column":15},"end":{"line":3,"column":31}},"3":{"start":{"line":4,"column":10},"end":{"line":4,"column":27}},"4":{"start":{"line":5,"column":13},"end":{"line":5,"column":45}},"5":{"start":{"line":6,"column":25},"end":{"line":6,"column":61}},"6":{"start":{"line":7,"column":15},"end":{"line":7,"column":42}},"7":{"start":{"line":9,"column":0},"end":{"line":12,"column":3}},"8":{"start":{"line":10,"column":21},"end":{"line":10,"column":74}},"9":{"start":{"line":11,"column":8},"end":{"line":11,"column":23}},"10":{"start":{"line":14,"column":0},"end":{"line":17,"column":3}},"11":{"start":{"line":15,"column":17},"end":{"line":15,"column":49}},"12":{"start":{"line":16,"column":4},"end":{"line":16,"column":19}},"13":{"start":{"line":19,"column":0},"end":{"line":56,"column":3}},"14":{"start":{"line":20,"column":22},"end":{"line":20,"column":40}},"15":{"start":{"line":21,"column":4},"end":{"line":22,"column":84}},"16":{"start":{"line":22,"column":8},"end":{"line":22,"column":84}},"17":{"start":{"line":23,"column":4},"end":{"line":24,"column":63}},"18":{"start":{"line":24,"column":8},"end":{"line":24,"column":63}},"19":{"start":{"line":25,"column":15},"end":{"line":25,"column":60}},"20":{"start":{"line":26,"column":4},"end":{"line":27,"column":80}},"21":{"start":{"line":27,"column":8},"end":{"line":27,"column":80}},"22":{"start":{"line":28,"column":4},"end":{"line":55,"column":5}},"23":{"start":{"line":29,"column":29},"end":{"line":29,"column":52}},"24":{"start":{"line":30,"column":22},"end":{"line":30,"column":38}},"25":{"start":{"line":31,"column":23},"end":{"line":31,"column":84}},"26":{"start":{"line":33,"column":8},"end":{"line":40,"column":11}},"27":{"start":{"line":42,"column":21},"end":{"line":42,"column":43}},"28":{"start":{"line":43,"column":8},"end":{"line":43,"column":63}},"29":{"start":{"line":45,"column":8},"end":{"line":45,"column":25}},"30":{"start":{"line":47,"column":8},"end":{"line":52,"column":9}},"31":{"start":{"line":48,"column":12},"end":{"line":48,"column":92}},"32":{"start":{"line":51,"column":12},"end":{"line":51,"column":72}},"33":{"start":{"line":54,"column":8},"end":{"line":54,"column":88}},"34":{"start":{"line":58,"column":0},"end":{"line":58,"column":24}}},"fnMap":{"0":{"name":"(anonymous_0)","decl":{"start":{"line":9,"column":24},"end":{"line":9,"column":25}},"loc":{"start":{"line":9,"column":44},"end":{"line":12,"column":1}},"line":9},"1":{"name":"(anonymous_1)","decl":{"start":{"line":14,"column":22},"end":{"line":14,"column":23}},"loc":{"start":{"line":14,"column":42},"end":{"line":17,"column":1}},"line":14},"2":{"name":"(anonymous_2)","decl":{"start":{"line":19,"column":17},"end":{"line":19,"column":18}},"loc":{"start":{"line":19,"column":37},"end":{"line":56,"column":1}},"line":19}},"branchMap":{"0":{"loc":{"start":{"line":21,"column":4},"end":{"line":22,"column":84}},"type":"if","locations":[{"start":{"line":21,"column":4},"end":{"line":22,"column":84}},{"start":{"line":21,"column":4},"end":{"line":22,"column":84}}],"line":21},"1":{"loc":{"start":{"line":23,"column":4},"end":{"line":24,"column":63}},"type":"if","locations":[{"start":{"line":23,"column":4},"end":{"line":24,"column":63}},{"start":{"line":23,"column":4},"end":{"line":24,"column":63}}],"line":23},"2":{"loc":{"start":{"line":26,"column":4},"end":{"line":27,"column":80}},"type":"if","locations":[{"start":{"line":26,"column":4},"end":{"line":27,"column":80}},{"start":{"line":26,"column":4},"end":{"line":27,"column":80}}],"line":26},"3":{"loc":{"start":{"line":47,"column":8},"end":{"line":52,"column":9}},"type":"if","locations":[{"start":{"line":47,"column":8},"end":{"line":52,"column":9}},{"start":{"line":47,"column":8},"end":{"line":52,"column":9}}],"line":47}},"s":{"0":1,"1":1,"2":1,"3":1,"4":1,"5":1,"6":1,"7":1,"8":0,"9":0,"10":1,"11":0,"12":0,"13":1,"14":0,"15":0,"16":0,"17":0,"18":0,"19":0,"20":0,"21":0,"22":0,"23":0,"24":0,"25":0,"26":0,"27":0,"28":0,"29":0,"30":0,"31":0,"32":0,"33":0,"34":1},"f":{"0":0,"1":0,"2":0},"b":{"0":[0,0],"1":[0,0],"2":[0,0],"3":[0,0]},"_coverageSchema":"1a1c01bbd47fc00a2c39e90264f33305004495a9","hash":"084c2b62aeca2fdfd76c993b737d2b1b31f98386"}
,"/home/conun/conun_network/conun-blockchain-middleware/routes/profile/auth.js": {"path":"/home/conun/conun_network/conun-blockchain-middleware/routes/profile/auth.js","statementMap":{"0":{"start":{"line":1,"column":16},"end":{"line":1,"column":34}},"1":{"start":{"line":2,"column":15},"end":{"line":2,"column":32}},"2":{"start":{"line":3,"column":12},"end":{"line":3,"column":26}},"3":{"start":{"line":4,"column":10},"end":{"line":4,"column":27}},"4":{"start":{"line":5,"column":15},"end":{"line":5,"column":51}},"5":{"start":{"line":6,"column":15},"end":{"line":6,"column":31}},"6":{"start":{"line":8,"column":0},"end":{"line":26,"column":3}},"7":{"start":{"line":9,"column":22},"end":{"line":9,"column":40}},"8":{"start":{"line":10,"column":4},"end":{"line":11,"column":62}},"9":{"start":{"line":11,"column":8},"end":{"line":11,"column":62}},"10":{"start":{"line":13,"column":15},"end":{"line":13,"column":60}},"11":{"start":{"line":14,"column":4},"end":{"line":15,"column":94}},"12":{"start":{"line":15,"column":8},"end":{"line":15,"column":94}},"13":{"start":{"line":17,"column":28},"end":{"line":17,"column":82}},"14":{"start":{"line":18,"column":4},"end":{"line":19,"column":94}},"15":{"start":{"line":19,"column":8},"end":{"line":19,"column":94}},"16":{"start":{"line":21,"column":18},"end":{"line":21,"column":42}},"17":{"start":{"line":22,"column":4},"end":{"line":25,"column":7}},"18":{"start":{"line":29,"column":19},"end":{"line":32,"column":6}},"19":{"start":{"line":33,"column":4},"end":{"line":33,"column":32}},"20":{"start":{"line":36,"column":0},"end":{"line":36,"column":24}}},"fnMap":{"0":{"name":"(anonymous_0)","decl":{"start":{"line":8,"column":17},"end":{"line":8,"column":18}},"loc":{"start":{"line":8,"column":37},"end":{"line":26,"column":1}},"line":8},"1":{"name":"validate","decl":{"start":{"line":28,"column":9},"end":{"line":28,"column":17}},"loc":{"start":{"line":28,"column":23},"end":{"line":34,"column":1}},"line":28}},"branchMap":{"0":{"loc":{"start":{"line":10,"column":4},"end":{"line":11,"column":62}},"type":"if","locations":[{"start":{"line":10,"column":4},"end":{"line":11,"column":62}},{"start":{"line":10,"column":4},"end":{"line":11,"column":62}}],"line":10},"1":{"loc":{"start":{"line":14,"column":4},"end":{"line":15,"column":94}},"type":"if","locations":[{"start":{"line":14,"column":4},"end":{"line":15,"column":94}},{"start":{"line":14,"column":4},"end":{"line":15,"column":94}}],"line":14},"2":{"loc":{"start":{"line":18,"column":4},"end":{"line":19,"column":94}},"type":"if","locations":[{"start":{"line":18,"column":4},"end":{"line":19,"column":94}},{"start":{"line":18,"column":4},"end":{"line":19,"column":94}}],"line":18}},"s":{"0":1,"1":1,"2":1,"3":1,"4":1,"5":1,"6":1,"7":0,"8":0,"9":0,"10":0,"11":0,"12":0,"13":0,"14":0,"15":0,"16":0,"17":0,"18":0,"19":0,"20":1},"f":{"0":0,"1":0},"b":{"0":[0,0],"1":[0,0],"2":[0,0]},"_coverageSchema":"1a1c01bbd47fc00a2c39e90264f33305004495a9","hash":"d029b569bd5bad941bd6d77806f482d040f873b4"}
,"/home/conun/conun_network/conun-blockchain-middleware/routes/profile/user.js": {"path":"/home/conun/conun_network/conun-blockchain-middleware/routes/profile/user.js","statementMap":{"0":{"start":{"line":1,"column":25},"end":{"line":1,"column":61}},"1":{"start":{"line":2,"column":16},"end":{"line":2,"column":34}},"2":{"start":{"line":3,"column":15},"end":{"line":3,"column":32}},"3":{"start":{"line":4,"column":15},"end":{"line":4,"column":31}},"4":{"start":{"line":5,"column":13},"end":{"line":5,"column":45}},"5":{"start":{"line":6,"column":10},"end":{"line":6,"column":27}},"6":{"start":{"line":7,"column":15},"end":{"line":7,"column":42}},"7":{"start":{"line":9,"column":0},"end":{"line":18,"column":3}},"8":{"start":{"line":10,"column":4},"end":{"line":17,"column":5}},"9":{"start":{"line":11,"column":8},"end":{"line":11,"column":30}},"10":{"start":{"line":12,"column":21},"end":{"line":12,"column":74}},"11":{"start":{"line":13,"column":8},"end":{"line":13,"column":36}},"12":{"start":{"line":14,"column":8},"end":{"line":14,"column":23}},"13":{"start":{"line":16,"column":8},"end":{"line":16,"column":34}},"14":{"start":{"line":20,"column":0},"end":{"line":23,"column":3}},"15":{"start":{"line":21,"column":17},"end":{"line":21,"column":34}},"16":{"start":{"line":22,"column":4},"end":{"line":22,"column":19}},"17":{"start":{"line":25,"column":0},"end":{"line":61,"column":3}},"18":{"start":{"line":26,"column":22},"end":{"line":26,"column":40}},"19":{"start":{"line":27,"column":4},"end":{"line":28,"column":84}},"20":{"start":{"line":28,"column":8},"end":{"line":28,"column":84}},"21":{"start":{"line":29,"column":4},"end":{"line":30,"column":63}},"22":{"start":{"line":30,"column":8},"end":{"line":30,"column":63}},"23":{"start":{"line":31,"column":15},"end":{"line":31,"column":60}},"24":{"start":{"line":32,"column":4},"end":{"line":33,"column":80}},"25":{"start":{"line":33,"column":8},"end":{"line":33,"column":80}},"26":{"start":{"line":34,"column":4},"end":{"line":60,"column":5}},"27":{"start":{"line":35,"column":29},"end":{"line":35,"column":52}},"28":{"start":{"line":36,"column":22},"end":{"line":36,"column":38}},"29":{"start":{"line":37,"column":23},"end":{"line":37,"column":84}},"30":{"start":{"line":39,"column":8},"end":{"line":46,"column":11}},"31":{"start":{"line":48,"column":21},"end":{"line":48,"column":43}},"32":{"start":{"line":49,"column":8},"end":{"line":49,"column":63}},"33":{"start":{"line":51,"column":8},"end":{"line":51,"column":25}},"34":{"start":{"line":53,"column":8},"end":{"line":57,"column":9}},"35":{"start":{"line":54,"column":12},"end":{"line":54,"column":92}},"36":{"start":{"line":56,"column":12},"end":{"line":56,"column":72}},"37":{"start":{"line":59,"column":8},"end":{"line":59,"column":109}},"38":{"start":{"line":63,"column":0},"end":{"line":63,"column":24}}},"fnMap":{"0":{"name":"(anonymous_0)","decl":{"start":{"line":9,"column":24},"end":{"line":9,"column":25}},"loc":{"start":{"line":9,"column":44},"end":{"line":18,"column":1}},"line":9},"1":{"name":"(anonymous_1)","decl":{"start":{"line":20,"column":22},"end":{"line":20,"column":23}},"loc":{"start":{"line":20,"column":42},"end":{"line":23,"column":1}},"line":20},"2":{"name":"(anonymous_2)","decl":{"start":{"line":25,"column":17},"end":{"line":25,"column":18}},"loc":{"start":{"line":25,"column":37},"end":{"line":61,"column":1}},"line":25}},"branchMap":{"0":{"loc":{"start":{"line":27,"column":4},"end":{"line":28,"column":84}},"type":"if","locations":[{"start":{"line":27,"column":4},"end":{"line":28,"column":84}},{"start":{"line":27,"column":4},"end":{"line":28,"column":84}}],"line":27},"1":{"loc":{"start":{"line":29,"column":4},"end":{"line":30,"column":63}},"type":"if","locations":[{"start":{"line":29,"column":4},"end":{"line":30,"column":63}},{"start":{"line":29,"column":4},"end":{"line":30,"column":63}}],"line":29},"2":{"loc":{"start":{"line":32,"column":4},"end":{"line":33,"column":80}},"type":"if","locations":[{"start":{"line":32,"column":4},"end":{"line":33,"column":80}},{"start":{"line":32,"column":4},"end":{"line":33,"column":80}}],"line":32},"3":{"loc":{"start":{"line":53,"column":8},"end":{"line":57,"column":9}},"type":"if","locations":[{"start":{"line":53,"column":8},"end":{"line":57,"column":9}},{"start":{"line":53,"column":8},"end":{"line":57,"column":9}}],"line":53}},"s":{"0":1,"1":1,"2":1,"3":1,"4":1,"5":1,"6":1,"7":1,"8":0,"9":0,"10":0,"11":0,"12":0,"13":0,"14":1,"15":0,"16":0,"17":1,"18":0,"19":0,"20":0,"21":0,"22":0,"23":0,"24":0,"25":0,"26":0,"27":0,"28":0,"29":0,"30":0,"31":0,"32":0,"33":0,"34":0,"35":0,"36":0,"37":0,"38":1},"f":{"0":0,"1":0,"2":0},"b":{"0":[0,0],"1":[0,0],"2":[0,0],"3":[0,0]},"_coverageSchema":"1a1c01bbd47fc00a2c39e90264f33305004495a9","hash":"a5ebb4eae7d254bf5e3e66efbf4ad05a641b97a7"}
,"/home/conun/conun_network/conun-blockchain-middleware/startup/config.js": {"path":"/home/conun/conun_network/conun-blockchain-middleware/startup/config.js","statementMap":{"0":{"start":{"line":1,"column":15},"end":{"line":1,"column":32}},"1":{"start":{"line":3,"column":0},"end":{"line":7,"column":1}},"2":{"start":{"line":4,"column":4},"end":{"line":6,"column":5}},"3":{"start":{"line":5,"column":8},"end":{"line":5,"column":66}}},"fnMap":{"0":{"name":"(anonymous_0)","decl":{"start":{"line":3,"column":17},"end":{"line":3,"column":18}},"loc":{"start":{"line":3,"column":29},"end":{"line":7,"column":1}},"line":3}},"branchMap":{"0":{"loc":{"start":{"line":4,"column":4},"end":{"line":6,"column":5}},"type":"if","locations":[{"start":{"line":4,"column":4},"end":{"line":6,"column":5}},{"start":{"line":4,"column":4},"end":{"line":6,"column":5}}],"line":4}},"s":{"0":1,"1":1,"2":1,"3":0},"f":{"0":1},"b":{"0":[0,1]},"_coverageSchema":"1a1c01bbd47fc00a2c39e90264f33305004495a9","hash":"59945c18ad7db271d75601c6c72d74864e65aef7"}
,"/home/conun/conun_network/conun-blockchain-middleware/startup/db.js": {"path":"/home/conun/conun_network/conun-blockchain-middleware/startup/db.js","statementMap":{"0":{"start":{"line":1,"column":17},"end":{"line":1,"column":36}},"1":{"start":{"line":2,"column":15},"end":{"line":2,"column":32}},"2":{"start":{"line":4,"column":0},"end":{"line":12,"column":1}},"3":{"start":{"line":5,"column":4},"end":{"line":8,"column":11}},"4":{"start":{"line":7,"column":12},"end":{"line":7,"column":50}},"5":{"start":{"line":9,"column":4},"end":{"line":9,"column":44}},"6":{"start":{"line":10,"column":4},"end":{"line":10,"column":41}}},"fnMap":{"0":{"name":"(anonymous_0)","decl":{"start":{"line":4,"column":17},"end":{"line":4,"column":18}},"loc":{"start":{"line":4,"column":29},"end":{"line":12,"column":1}},"line":4},"1":{"name":"(anonymous_1)","decl":{"start":{"line":6,"column":14},"end":{"line":6,"column":15}},"loc":{"start":{"line":6,"column":20},"end":{"line":8,"column":9}},"line":6}},"branchMap":{},"s":{"0":1,"1":1,"2":1,"3":1,"4":1,"5":1,"6":1},"f":{"0":1,"1":1},"b":{},"_coverageSchema":"1a1c01bbd47fc00a2c39e90264f33305004495a9","hash":"2479b90c3ad20132882dcff96578c21057686644"}
,"/home/conun/conun_network/conun-blockchain-middleware/startup/logging.js": {"path":"/home/conun/conun_network/conun-blockchain-middleware/startup/logging.js","statementMap":{"0":{"start":{"line":1,"column":0},"end":{"line":1,"column":32}},"1":{"start":{"line":2,"column":0},"end":{"line":2,"column":27}},"2":{"start":{"line":3,"column":16},"end":{"line":3,"column":34}},"3":{"start":{"line":4,"column":15},"end":{"line":4,"column":32}},"4":{"start":{"line":5,"column":14},"end":{"line":26,"column":1}},"5":{"start":{"line":28,"column":15},"end":{"line":34,"column":2}},"6":{"start":{"line":36,"column":0},"end":{"line":36,"column":32}},"7":{"start":{"line":37,"column":0},"end":{"line":37,"column":35}},"8":{"start":{"line":40,"column":0},"end":{"line":42,"column":2}},"9":{"start":{"line":41,"column":4},"end":{"line":41,"column":55}},"10":{"start":{"line":44,"column":0},"end":{"line":44,"column":25}}},"fnMap":{"0":{"name":"(anonymous_0)","decl":{"start":{"line":40,"column":32},"end":{"line":40,"column":33}},"loc":{"start":{"line":40,"column":38},"end":{"line":42,"column":1}},"line":40}},"branchMap":{},"s":{"0":1,"1":1,"2":1,"3":1,"4":1,"5":1,"6":1,"7":1,"8":1,"9":0,"10":1},"f":{"0":0},"b":{},"_coverageSchema":"1a1c01bbd47fc00a2c39e90264f33305004495a9","hash":"875f1a337c7321804bc4284aa861d6af60531d8d"}
,"/home/conun/conun_network/conun-blockchain-middleware/startup/routes.v1.js": {"path":"/home/conun/conun_network/conun-blockchain-middleware/startup/routes.v1.js","statementMap":{"0":{"start":{"line":1,"column":16},"end":{"line":1,"column":34}},"1":{"start":{"line":2,"column":19},"end":{"line":2,"column":52}},"2":{"start":{"line":3,"column":18},"end":{"line":3,"column":51}},"3":{"start":{"line":4,"column":19},"end":{"line":4,"column":53}},"4":{"start":{"line":5,"column":19},"end":{"line":5,"column":55}},"5":{"start":{"line":7,"column":0},"end":{"line":13,"column":1}},"6":{"start":{"line":8,"column":4},"end":{"line":8,"column":28}},"7":{"start":{"line":9,"column":4},"end":{"line":9,"column":41}},"8":{"start":{"line":10,"column":4},"end":{"line":10,"column":39}},"9":{"start":{"line":11,"column":4},"end":{"line":11,"column":41}},"10":{"start":{"line":12,"column":4},"end":{"line":12,"column":45}}},"fnMap":{"0":{"name":"(anonymous_0)","decl":{"start":{"line":7,"column":17},"end":{"line":7,"column":18}},"loc":{"start":{"line":7,"column":32},"end":{"line":13,"column":1}},"line":7}},"branchMap":{},"s":{"0":1,"1":1,"2":1,"3":1,"4":1,"5":1,"6":1,"7":1,"8":1,"9":1,"10":1},"f":{"0":1},"b":{},"_coverageSchema":"1a1c01bbd47fc00a2c39e90264f33305004495a9","hash":"e7eb0d3c22717580d1027bf09bec1a66cd200ace"}
,"/home/conun/conun_network/conun-blockchain-middleware/test/jMeter/invoke.js": {"path":"/home/conun/conun_network/conun-blockchain-middleware/test/jMeter/invoke.js","statementMap":{"0":{"start":{"line":1,"column":16},"end":{"line":1,"column":34}},"1":{"start":{"line":2,"column":15},"end":{"line":2,"column":31}},"2":{"start":{"line":3,"column":10},"end":{"line":3,"column":27}},"3":{"start":{"line":4,"column":22},"end":{"line":4,"column":49}},"4":{"start":{"line":5,"column":21},"end":{"line":5,"column":47}},"5":{"start":{"line":6,"column":15},"end":{"line":6,"column":32}},"6":{"start":{"line":9,"column":22},"end":{"line":9,"column":47}},"7":{"start":{"line":10,"column":4},"end":{"line":43,"column":5}},"8":{"start":{"line":12,"column":12},"end":{"line":23,"column":14}},"9":{"start":{"line":13,"column":29},"end":{"line":21,"column":18}},"10":{"start":{"line":22,"column":16},"end":{"line":22,"column":32}},"11":{"start":{"line":25,"column":12},"end":{"line":35,"column":14}},"12":{"start":{"line":26,"column":29},"end":{"line":33,"column":18}},"13":{"start":{"line":34,"column":16},"end":{"line":34,"column":31}},"14":{"start":{"line":37,"column":25},"end":{"line":37,"column":46}},"15":{"start":{"line":38,"column":12},"end":{"line":41,"column":13}},"16":{"start":{"line":39,"column":16},"end":{"line":39,"column":47}},"17":{"start":{"line":40,"column":16},"end":{"line":40,"column":31}},"18":{"start":{"line":47,"column":23},"end":{"line":47,"column":48}},"19":{"start":{"line":48,"column":4},"end":{"line":72,"column":5}},"20":{"start":{"line":50,"column":12},"end":{"line":60,"column":14}},"21":{"start":{"line":51,"column":16},"end":{"line":51,"column":46}},"22":{"start":{"line":52,"column":29},"end":{"line":58,"column":18}},"23":{"start":{"line":59,"column":16},"end":{"line":59,"column":31}},"24":{"start":{"line":62,"column":12},"end":{"line":64,"column":14}},"25":{"start":{"line":66,"column":25},"end":{"line":66,"column":47}},"26":{"start":{"line":67,"column":12},"end":{"line":70,"column":13}},"27":{"start":{"line":68,"column":16},"end":{"line":68,"column":48}},"28":{"start":{"line":69,"column":16},"end":{"line":69,"column":31}},"29":{"start":{"line":75,"column":0},"end":{"line":94,"column":3}},"30":{"start":{"line":76,"column":4},"end":{"line":93,"column":5}},"31":{"start":{"line":77,"column":8},"end":{"line":77,"column":42}},"32":{"start":{"line":78,"column":23},"end":{"line":78,"column":58}},"33":{"start":{"line":79,"column":8},"end":{"line":79,"column":50}},"34":{"start":{"line":80,"column":8},"end":{"line":85,"column":22}},"35":{"start":{"line":87,"column":33},"end":{"line":91,"column":9}},"36":{"start":{"line":92,"column":8},"end":{"line":92,"column":46}},"37":{"start":{"line":96,"column":0},"end":{"line":114,"column":3}},"38":{"start":{"line":97,"column":4},"end":{"line":113,"column":5}},"39":{"start":{"line":98,"column":23},"end":{"line":98,"column":58}},"40":{"start":{"line":99,"column":8},"end":{"line":99,"column":44}},"41":{"start":{"line":100,"column":33},"end":{"line":104,"column":9}},"42":{"start":{"line":105,"column":8},"end":{"line":105,"column":47}},"43":{"start":{"line":107,"column":33},"end":{"line":111,"column":9}},"44":{"start":{"line":112,"column":8},"end":{"line":112,"column":46}},"45":{"start":{"line":116,"column":0},"end":{"line":116,"column":24}}},"fnMap":{"0":{"name":"CallInvoke","decl":{"start":{"line":8,"column":9},"end":{"line":8,"column":19}},"loc":{"start":{"line":8,"column":32},"end":{"line":44,"column":1}},"line":8},"1":{"name":"(anonymous_1)","decl":{"start":{"line":11,"column":8},"end":{"line":11,"column":9}},"loc":{"start":{"line":11,"column":29},"end":{"line":42,"column":9}},"line":11},"2":{"name":"(anonymous_2)","decl":{"start":{"line":12,"column":37},"end":{"line":12,"column":38}},"loc":{"start":{"line":12,"column":49},"end":{"line":23,"column":13}},"line":12},"3":{"name":"(anonymous_3)","decl":{"start":{"line":25,"column":33},"end":{"line":25,"column":34}},"loc":{"start":{"line":25,"column":45},"end":{"line":35,"column":13}},"line":25},"4":{"name":"CallQuery","decl":{"start":{"line":46,"column":9},"end":{"line":46,"column":18}},"loc":{"start":{"line":46,"column":31},"end":{"line":73,"column":1}},"line":46},"5":{"name":"(anonymous_5)","decl":{"start":{"line":49,"column":8},"end":{"line":49,"column":9}},"loc":{"start":{"line":49,"column":29},"end":{"line":71,"column":9}},"line":49},"6":{"name":"(anonymous_6)","decl":{"start":{"line":50,"column":39},"end":{"line":50,"column":40}},"loc":{"start":{"line":50,"column":51},"end":{"line":60,"column":13}},"line":50},"7":{"name":"(anonymous_7)","decl":{"start":{"line":62,"column":41},"end":{"line":62,"column":42}},"loc":{"start":{"line":62,"column":53},"end":{"line":64,"column":13}},"line":62},"8":{"name":"(anonymous_8)","decl":{"start":{"line":75,"column":64},"end":{"line":75,"column":65}},"loc":{"start":{"line":75,"column":84},"end":{"line":94,"column":1}},"line":75},"9":{"name":"(anonymous_9)","decl":{"start":{"line":96,"column":63},"end":{"line":96,"column":64}},"loc":{"start":{"line":96,"column":83},"end":{"line":114,"column":1}},"line":96}},"branchMap":{"0":{"loc":{"start":{"line":38,"column":12},"end":{"line":41,"column":13}},"type":"if","locations":[{"start":{"line":38,"column":12},"end":{"line":41,"column":13}},{"start":{"line":38,"column":12},"end":{"line":41,"column":13}}],"line":38},"1":{"loc":{"start":{"line":67,"column":12},"end":{"line":70,"column":13}},"type":"if","locations":[{"start":{"line":67,"column":12},"end":{"line":70,"column":13}},{"start":{"line":67,"column":12},"end":{"line":70,"column":13}}],"line":67}},"s":{"0":1,"1":1,"2":1,"3":1,"4":1,"5":1,"6":0,"7":0,"8":0,"9":0,"10":0,"11":0,"12":0,"13":0,"14":0,"15":0,"16":0,"17":0,"18":0,"19":0,"20":0,"21":0,"22":0,"23":0,"24":0,"25":0,"26":0,"27":0,"28":0,"29":1,"30":0,"31":0,"32":0,"33":0,"34":0,"35":0,"36":0,"37":1,"38":0,"39":0,"40":0,"41":0,"42":0,"43":0,"44":0,"45":1},"f":{"0":0,"1":0,"2":0,"3":0,"4":0,"5":0,"6":0,"7":0,"8":0,"9":0},"b":{"0":[0,0],"1":[0,0]},"_coverageSchema":"1a1c01bbd47fc00a2c39e90264f33305004495a9","hash":"4cb6143b820091cf839d9b5f4b9e6aab3edc183d"}
,"/home/conun/conun_network/conun-blockchain-middleware/test/jMeter/routes.v1.js": {"path":"/home/conun/conun_network/conun-blockchain-middleware/test/jMeter/routes.v1.js","statementMap":{"0":{"start":{"line":1,"column":16},"end":{"line":1,"column":34}},"1":{"start":{"line":2,"column":19},"end":{"line":2,"column":36}},"2":{"start":{"line":3,"column":24},"end":{"line":3,"column":43}},"3":{"start":{"line":5,"column":0},"end":{"line":9,"column":1}},"4":{"start":{"line":6,"column":4},"end":{"line":6,"column":28}},"5":{"start":{"line":7,"column":4},"end":{"line":7,"column":44}},"6":{"start":{"line":8,"column":4},"end":{"line":8,"column":53}}},"fnMap":{"0":{"name":"(anonymous_0)","decl":{"start":{"line":5,"column":17},"end":{"line":5,"column":18}},"loc":{"start":{"line":5,"column":32},"end":{"line":9,"column":1}},"line":5}},"branchMap":{},"s":{"0":1,"1":1,"2":1,"3":1,"4":1,"5":1,"6":1},"f":{"0":1},"b":{},"_coverageSchema":"1a1c01bbd47fc00a2c39e90264f33305004495a9","hash":"7a5a454cc1e60fb7efba15312a31d3654e430594"}
,"/home/conun/conun_network/conun-blockchain-middleware/test/jMeter/user.js": {"path":"/home/conun/conun_network/conun-blockchain-middleware/test/jMeter/user.js","statementMap":{"0":{"start":{"line":1,"column":25},"end":{"line":1,"column":61}},"1":{"start":{"line":2,"column":16},"end":{"line":2,"column":34}},"2":{"start":{"line":3,"column":15},"end":{"line":3,"column":32}},"3":{"start":{"line":4,"column":15},"end":{"line":4,"column":31}},"4":{"start":{"line":5,"column":10},"end":{"line":5,"column":27}},"5":{"start":{"line":6,"column":15},"end":{"line":6,"column":42}},"6":{"start":{"line":8,"column":24},"end":{"line":8,"column":67}},"7":{"start":{"line":10,"column":0},"end":{"line":61,"column":3}},"8":{"start":{"line":11,"column":22},"end":{"line":11,"column":40}},"9":{"start":{"line":12,"column":4},"end":{"line":13,"column":84}},"10":{"start":{"line":13,"column":8},"end":{"line":13,"column":84}},"11":{"start":{"line":14,"column":4},"end":{"line":15,"column":63}},"12":{"start":{"line":15,"column":8},"end":{"line":15,"column":63}},"13":{"start":{"line":16,"column":15},"end":{"line":16,"column":60}},"14":{"start":{"line":17,"column":4},"end":{"line":18,"column":80}},"15":{"start":{"line":18,"column":8},"end":{"line":18,"column":80}},"16":{"start":{"line":19,"column":4},"end":{"line":60,"column":5}},"17":{"start":{"line":20,"column":29},"end":{"line":20,"column":52}},"18":{"start":{"line":21,"column":22},"end":{"line":21,"column":38}},"19":{"start":{"line":22,"column":19},"end":{"line":22,"column":32}},"20":{"start":{"line":23,"column":20},"end":{"line":23,"column":34}},"21":{"start":{"line":24,"column":26},"end":{"line":30,"column":10}},"22":{"start":{"line":31,"column":8},"end":{"line":56,"column":9}},"23":{"start":{"line":31,"column":21},"end":{"line":31,"column":22}},"24":{"start":{"line":32,"column":12},"end":{"line":32,"column":89}},"25":{"start":{"line":33,"column":12},"end":{"line":40,"column":15}},"26":{"start":{"line":42,"column":23},"end":{"line":47,"column":13}},"27":{"start":{"line":49,"column":12},"end":{"line":51,"column":81}},"28":{"start":{"line":51,"column":27},"end":{"line":51,"column":79}},"29":{"start":{"line":53,"column":25},"end":{"line":53,"column":47}},"30":{"start":{"line":54,"column":12},"end":{"line":54,"column":67}},"31":{"start":{"line":55,"column":12},"end":{"line":55,"column":30}},"32":{"start":{"line":57,"column":8},"end":{"line":57,"column":68}},"33":{"start":{"line":59,"column":8},"end":{"line":59,"column":87}},"34":{"start":{"line":63,"column":0},"end":{"line":63,"column":24}}},"fnMap":{"0":{"name":"(anonymous_0)","decl":{"start":{"line":10,"column":17},"end":{"line":10,"column":18}},"loc":{"start":{"line":10,"column":37},"end":{"line":61,"column":1}},"line":10},"1":{"name":"(anonymous_1)","decl":{"start":{"line":51,"column":22},"end":{"line":51,"column":23}},"loc":{"start":{"line":51,"column":27},"end":{"line":51,"column":79}},"line":51}},"branchMap":{"0":{"loc":{"start":{"line":12,"column":4},"end":{"line":13,"column":84}},"type":"if","locations":[{"start":{"line":12,"column":4},"end":{"line":13,"column":84}},{"start":{"line":12,"column":4},"end":{"line":13,"column":84}}],"line":12},"1":{"loc":{"start":{"line":14,"column":4},"end":{"line":15,"column":63}},"type":"if","locations":[{"start":{"line":14,"column":4},"end":{"line":15,"column":63}},{"start":{"line":14,"column":4},"end":{"line":15,"column":63}}],"line":14},"2":{"loc":{"start":{"line":17,"column":4},"end":{"line":18,"column":80}},"type":"if","locations":[{"start":{"line":17,"column":4},"end":{"line":18,"column":80}},{"start":{"line":17,"column":4},"end":{"line":18,"column":80}}],"line":17}},"s":{"0":1,"1":1,"2":1,"3":1,"4":1,"5":1,"6":1,"7":1,"8":0,"9":0,"10":0,"11":0,"12":0,"13":0,"14":0,"15":0,"16":0,"17":0,"18":0,"19":0,"20":0,"21":0,"22":0,"23":0,"24":0,"25":0,"26":0,"27":0,"28":0,"29":0,"30":0,"31":0,"32":0,"33":0,"34":1},"f":{"0":0,"1":0},"b":{"0":[0,0],"1":[0,0],"2":[0,0]},"_coverageSchema":"1a1c01bbd47fc00a2c39e90264f33305004495a9","hash":"b3859bb9e244104b88a81080a721cb5b940b6a83"}
}
