{"/home/conun/conun_network/conun-blockchain-middleware/app.js": {"path":"/home/conun/conun_network/conun-blockchain-middleware/app.js","statementMap":{"0":{"start":{"line":2,"column":16},"end":{"line":2,"column":34}},"1":{"start":{"line":3,"column":12},"end":{"line":3,"column":21}},"2":{"start":{"line":4,"column":13},"end":{"line":4,"column":28}},"3":{"start":{"line":5,"column":18},"end":{"line":5,"column":47}},"4":{"start":{"line":6,"column":24},"end":{"line":6,"column":50}},"5":{"start":{"line":7,"column":19},"end":{"line":7,"column":41}},"6":{"start":{"line":8,"column":18},"end":{"line":8,"column":52}},"7":{"start":{"line":10,"column":0},"end":{"line":13,"column":3}},"8":{"start":{"line":11,"column":4},"end":{"line":11,"column":51}},"9":{"start":{"line":12,"column":4},"end":{"line":12,"column":11}},"10":{"start":{"line":15,"column":20},"end":{"line":20,"column":1}},"11":{"start":{"line":21,"column":0},"end":{"line":21,"column":27}},"12":{"start":{"line":22,"column":0},"end":{"line":22,"column":36}},"13":{"start":{"line":24,"column":0},"end":{"line":24,"column":27}},"14":{"start":{"line":25,"column":0},"end":{"line":27,"column":4}},"15":{"start":{"line":29,"column":0},"end":{"line":29,"column":29}},"16":{"start":{"line":30,"column":0},"end":{"line":30,"column":36}},"17":{"start":{"line":31,"column":0},"end":{"line":31,"column":40}},"18":{"start":{"line":32,"column":0},"end":{"line":32,"column":26}},"19":{"start":{"line":33,"column":0},"end":{"line":33,"column":30}},"20":{"start":{"line":35,"column":0},"end":{"line":37,"column":1}},"21":{"start":{"line":36,"column":4},"end":{"line":36,"column":76}},"22":{"start":{"line":40,"column":0},"end":{"line":42,"column":3}},"23":{"start":{"line":41,"column":4},"end":{"line":41,"column":42}},"24":{"start":{"line":44,"column":0},"end":{"line":44,"column":61}},"25":{"start":{"line":46,"column":0},"end":{"line":50,"column":1}},"26":{"start":{"line":47,"column":5},"end":{"line":47,"column":31}},"27":{"start":{"line":49,"column":4},"end":{"line":49,"column":38}},"28":{"start":{"line":52,"column":15},"end":{"line":54,"column":2}},"29":{"start":{"line":53,"column":4},"end":{"line":53,"column":61}},"30":{"start":{"line":55,"column":0},"end":{"line":55,"column":23}},"31":{"start":{"line":57,"column":0},"end":{"line":57,"column":24}}},"fnMap":{"0":{"name":"(anonymous_0)","decl":{"start":{"line":10,"column":8},"end":{"line":10,"column":9}},"loc":{"start":{"line":10,"column":27},"end":{"line":13,"column":1}},"line":10},"1":{"name":"(anonymous_1)","decl":{"start":{"line":40,"column":13},"end":{"line":40,"column":14}},"loc":{"start":{"line":40,"column":34},"end":{"line":42,"column":1}},"line":40},"2":{"name":"(anonymous_2)","decl":{"start":{"line":52,"column":44},"end":{"line":52,"column":45}},"loc":{"start":{"line":52,"column":50},"end":{"line":54,"column":1}},"line":52}},"branchMap":{"0":{"loc":{"start":{"line":35,"column":0},"end":{"line":37,"column":1}},"type":"if","locations":[{"start":{"line":35,"column":0},"end":{"line":37,"column":1}},{"start":{"line":35,"column":0},"end":{"line":37,"column":1}}],"line":35},"1":{"loc":{"start":{"line":46,"column":0},"end":{"line":50,"column":1}},"type":"if","locations":[{"start":{"line":46,"column":0},"end":{"line":50,"column":1}},{"start":{"line":46,"column":0},"end":{"line":50,"column":1}}],"line":46}},"s":{"0":1,"1":1,"2":1,"3":1,"4":1,"5":1,"6":1,"7":1,"8":11,"9":11,"10":1,"11":1,"12":1,"13":1,"14":1,"15":1,"16":1,"17":1,"18":1,"19":1,"20":1,"21":1,"22":1,"23":0,"24":1,"25":1,"26":1,"27":0,"28":1,"29":1,"30":1,"31":1},"f":{"0":11,"1":0,"2":1},"b":{"0":[1,0],"1":[1,0]},"_coverageSchema":"1a1c01bbd47fc00a2c39e90264f33305004495a9","hash":"2ee37a3d2f6e7a4acded28c9a82b4d3d32a85067"}
,"/home/conun/conun_network/conun-blockchain-middleware/app/invoke.js": {"path":"/home/conun/conun_network/conun-blockchain-middleware/app/invoke.js","statementMap":{"0":{"start":{"line":1,"column":20},"end":{"line":1,"column":45}},"1":{"start":{"line":2,"column":22},"end":{"line":2,"column":51}},"2":{"start":{"line":5,"column":0},"end":{"line":97,"column":1}},"3":{"start":{"line":7,"column":8},"end":{"line":25,"column":9}},"4":{"start":{"line":8,"column":12},"end":{"line":8,"column":46}},"5":{"start":{"line":9,"column":12},"end":{"line":9,"column":57}},"6":{"start":{"line":9,"column":45},"end":{"line":9,"column":57}},"7":{"start":{"line":10,"column":31},"end":{"line":10,"column":82}},"8":{"start":{"line":12,"column":28},"end":{"line":12,"column":41}},"9":{"start":{"line":13,"column":12},"end":{"line":13,"column":77}},"10":{"start":{"line":16,"column":28},"end":{"line":16,"column":69}},"11":{"start":{"line":17,"column":29},"end":{"line":17,"column":67}},"12":{"start":{"line":19,"column":25},"end":{"line":19,"column":104}},"13":{"start":{"line":20,"column":12},"end":{"line":20,"column":39}},"14":{"start":{"line":21,"column":12},"end":{"line":21,"column":49}},"15":{"start":{"line":23,"column":12},"end":{"line":23,"column":50}},"16":{"start":{"line":24,"column":12},"end":{"line":24,"column":24}},"17":{"start":{"line":29,"column":8},"end":{"line":49,"column":9}},"18":{"start":{"line":30,"column":12},"end":{"line":30,"column":42}},"19":{"start":{"line":31,"column":31},"end":{"line":31,"column":82}},"20":{"start":{"line":33,"column":28},"end":{"line":33,"column":41}},"21":{"start":{"line":34,"column":12},"end":{"line":34,"column":77}},"22":{"start":{"line":37,"column":28},"end":{"line":37,"column":69}},"23":{"start":{"line":38,"column":29},"end":{"line":38,"column":67}},"24":{"start":{"line":40,"column":25},"end":{"line":40,"column":78}},"25":{"start":{"line":42,"column":12},"end":{"line":42,"column":39}},"26":{"start":{"line":44,"column":12},"end":{"line":44,"column":49}},"27":{"start":{"line":47,"column":12},"end":{"line":47,"column":50}},"28":{"start":{"line":48,"column":12},"end":{"line":48,"column":24}},"29":{"start":{"line":53,"column":8},"end":{"line":73,"column":9}},"30":{"start":{"line":54,"column":12},"end":{"line":54,"column":42}},"31":{"start":{"line":55,"column":31},"end":{"line":55,"column":82}},"32":{"start":{"line":57,"column":28},"end":{"line":57,"column":41}},"33":{"start":{"line":58,"column":12},"end":{"line":58,"column":77}},"34":{"start":{"line":61,"column":28},"end":{"line":61,"column":69}},"35":{"start":{"line":62,"column":29},"end":{"line":62,"column":67}},"36":{"start":{"line":64,"column":25},"end":{"line":64,"column":78}},"37":{"start":{"line":66,"column":12},"end":{"line":66,"column":39}},"38":{"start":{"line":68,"column":12},"end":{"line":68,"column":49}},"39":{"start":{"line":71,"column":12},"end":{"line":71,"column":50}},"40":{"start":{"line":72,"column":12},"end":{"line":72,"column":24}},"41":{"start":{"line":77,"column":8},"end":{"line":95,"column":9}},"42":{"start":{"line":78,"column":12},"end":{"line":78,"column":42}},"43":{"start":{"line":79,"column":31},"end":{"line":79,"column":82}},"44":{"start":{"line":81,"column":28},"end":{"line":81,"column":41}},"45":{"start":{"line":82,"column":12},"end":{"line":82,"column":77}},"46":{"start":{"line":85,"column":28},"end":{"line":85,"column":69}},"47":{"start":{"line":86,"column":29},"end":{"line":86,"column":67}},"48":{"start":{"line":88,"column":25},"end":{"line":88,"column":85}},"49":{"start":{"line":89,"column":12},"end":{"line":89,"column":39}},"50":{"start":{"line":91,"column":12},"end":{"line":91,"column":49}},"51":{"start":{"line":93,"column":12},"end":{"line":93,"column":50}},"52":{"start":{"line":94,"column":12},"end":{"line":94,"column":24}}},"fnMap":{"0":{"name":"(anonymous_0)","decl":{"start":{"line":6,"column":14},"end":{"line":6,"column":15}},"loc":{"start":{"line":6,"column":29},"end":{"line":26,"column":5}},"line":6},"1":{"name":"(anonymous_1)","decl":{"start":{"line":28,"column":10},"end":{"line":28,"column":11}},"loc":{"start":{"line":28,"column":25},"end":{"line":50,"column":5}},"line":28},"2":{"name":"(anonymous_2)","decl":{"start":{"line":52,"column":10},"end":{"line":52,"column":11}},"loc":{"start":{"line":52,"column":25},"end":{"line":74,"column":5}},"line":52},"3":{"name":"(anonymous_3)","decl":{"start":{"line":76,"column":10},"end":{"line":76,"column":11}},"loc":{"start":{"line":76,"column":25},"end":{"line":96,"column":5}},"line":76}},"branchMap":{"0":{"loc":{"start":{"line":9,"column":12},"end":{"line":9,"column":57}},"type":"if","locations":[{"start":{"line":9,"column":12},"end":{"line":9,"column":57}},{"start":{"line":9,"column":12},"end":{"line":9,"column":57}}],"line":9}},"s":{"0":1,"1":1,"2":1,"3":1,"4":1,"5":1,"6":0,"7":1,"8":1,"9":1,"10":1,"11":1,"12":1,"13":0,"14":0,"15":1,"16":1,"17":0,"18":0,"19":0,"20":0,"21":0,"22":0,"23":0,"24":0,"25":0,"26":0,"27":0,"28":0,"29":1,"30":1,"31":1,"32":1,"33":1,"34":1,"35":1,"36":1,"37":1,"38":1,"39":0,"40":0,"41":0,"42":0,"43":0,"44":0,"45":0,"46":0,"47":0,"48":0,"49":0,"50":0,"51":0,"52":0},"f":{"0":1,"1":0,"2":1,"3":0},"b":{"0":[0,1]},"_coverageSchema":"1a1c01bbd47fc00a2c39e90264f33305004495a9","hash":"fb0cfcdbdf9b203cb22d6bd5028ebe848ab4f2cd"}
,"/home/conun/conun_network/conun-blockchain-middleware/app/query.js": {"path":"/home/conun/conun_network/conun-blockchain-middleware/app/query.js","statementMap":{"0":{"start":{"line":1,"column":20},"end":{"line":1,"column":45}},"1":{"start":{"line":2,"column":22},"end":{"line":2,"column":51}},"2":{"start":{"line":4,"column":0},"end":{"line":92,"column":1}},"3":{"start":{"line":6,"column":8},"end":{"line":25,"column":9}},"4":{"start":{"line":7,"column":12},"end":{"line":7,"column":38}},"5":{"start":{"line":8,"column":31},"end":{"line":8,"column":82}},"6":{"start":{"line":10,"column":28},"end":{"line":10,"column":41}},"7":{"start":{"line":11,"column":12},"end":{"line":11,"column":82}},"8":{"start":{"line":14,"column":28},"end":{"line":14,"column":69}},"9":{"start":{"line":17,"column":29},"end":{"line":17,"column":67}},"10":{"start":{"line":19,"column":25},"end":{"line":19,"column":87}},"11":{"start":{"line":20,"column":12},"end":{"line":20,"column":80}},"12":{"start":{"line":21,"column":12},"end":{"line":21,"column":37}},"13":{"start":{"line":23,"column":12},"end":{"line":23,"column":70}},"14":{"start":{"line":24,"column":12},"end":{"line":24,"column":24}},"15":{"start":{"line":29,"column":8},"end":{"line":42,"column":9}},"16":{"start":{"line":30,"column":12},"end":{"line":30,"column":38}},"17":{"start":{"line":31,"column":31},"end":{"line":31,"column":82}},"18":{"start":{"line":32,"column":28},"end":{"line":32,"column":41}},"19":{"start":{"line":33,"column":12},"end":{"line":33,"column":82}},"20":{"start":{"line":34,"column":28},"end":{"line":34,"column":69}},"21":{"start":{"line":35,"column":29},"end":{"line":35,"column":67}},"22":{"start":{"line":36,"column":25},"end":{"line":36,"column":68}},"23":{"start":{"line":37,"column":12},"end":{"line":37,"column":80}},"24":{"start":{"line":38,"column":12},"end":{"line":38,"column":49}},"25":{"start":{"line":40,"column":12},"end":{"line":40,"column":70}},"26":{"start":{"line":41,"column":12},"end":{"line":41,"column":24}},"27":{"start":{"line":46,"column":8},"end":{"line":59,"column":9}},"28":{"start":{"line":47,"column":12},"end":{"line":47,"column":38}},"29":{"start":{"line":48,"column":31},"end":{"line":48,"column":82}},"30":{"start":{"line":49,"column":28},"end":{"line":49,"column":41}},"31":{"start":{"line":50,"column":12},"end":{"line":50,"column":82}},"32":{"start":{"line":51,"column":28},"end":{"line":51,"column":69}},"33":{"start":{"line":52,"column":29},"end":{"line":52,"column":67}},"34":{"start":{"line":53,"column":25},"end":{"line":53,"column":68}},"35":{"start":{"line":54,"column":12},"end":{"line":54,"column":80}},"36":{"start":{"line":55,"column":12},"end":{"line":55,"column":37}},"37":{"start":{"line":57,"column":12},"end":{"line":57,"column":70}},"38":{"start":{"line":58,"column":12},"end":{"line":58,"column":24}},"39":{"start":{"line":63,"column":8},"end":{"line":90,"column":9}},"40":{"start":{"line":64,"column":12},"end":{"line":64,"column":38}},"41":{"start":{"line":65,"column":31},"end":{"line":65,"column":82}},"42":{"start":{"line":67,"column":28},"end":{"line":67,"column":41}},"43":{"start":{"line":68,"column":12},"end":{"line":68,"column":82}},"44":{"start":{"line":71,"column":28},"end":{"line":71,"column":69}},"45":{"start":{"line":83,"column":25},"end":{"line":83,"column":149}},"46":{"start":{"line":85,"column":12},"end":{"line":85,"column":80}},"47":{"start":{"line":86,"column":12},"end":{"line":86,"column":49}},"48":{"start":{"line":88,"column":12},"end":{"line":88,"column":70}},"49":{"start":{"line":89,"column":12},"end":{"line":89,"column":24}}},"fnMap":{"0":{"name":"(anonymous_0)","decl":{"start":{"line":5,"column":15},"end":{"line":5,"column":16}},"loc":{"start":{"line":5,"column":30},"end":{"line":26,"column":5}},"line":5},"1":{"name":"(anonymous_1)","decl":{"start":{"line":28,"column":16},"end":{"line":28,"column":17}},"loc":{"start":{"line":28,"column":31},"end":{"line":43,"column":5}},"line":28},"2":{"name":"(anonymous_2)","decl":{"start":{"line":45,"column":21},"end":{"line":45,"column":22}},"loc":{"start":{"line":45,"column":36},"end":{"line":60,"column":5}},"line":45},"3":{"name":"(anonymous_3)","decl":{"start":{"line":62,"column":25},"end":{"line":62,"column":26}},"loc":{"start":{"line":62,"column":40},"end":{"line":91,"column":5}},"line":62}},"branchMap":{},"s":{"0":1,"1":1,"2":1,"3":0,"4":0,"5":0,"6":0,"7":0,"8":0,"9":0,"10":0,"11":0,"12":0,"13":0,"14":0,"15":0,"16":0,"17":0,"18":0,"19":0,"20":0,"21":0,"22":0,"23":0,"24":0,"25":0,"26":0,"27":0,"28":0,"29":0,"30":0,"31":0,"32":0,"33":0,"34":0,"35":0,"36":0,"37":0,"38":0,"39":0,"40":0,"41":0,"42":0,"43":0,"44":0,"45":0,"46":0,"47":0,"48":0,"49":0},"f":{"0":0,"1":0,"2":0,"3":0},"b":{},"_coverageSchema":"1a1c01bbd47fc00a2c39e90264f33305004495a9","hash":"30c19ea8a330714b5364900c7ecb33bd74049628"}
,"/home/conun/conun_network/conun-blockchain-middleware/app/drive/invoke.js": {"path":"/home/conun/conun_network/conun-blockchain-middleware/app/drive/invoke.js","statementMap":{"0":{"start":{"line":1,"column":20},"end":{"line":1,"column":45}},"1":{"start":{"line":2,"column":22},"end":{"line":2,"column":52}},"2":{"start":{"line":7,"column":4},"end":{"line":7,"column":27}},"3":{"start":{"line":8,"column":4},"end":{"line":8,"column":25}},"4":{"start":{"line":9,"column":4},"end":{"line":9,"column":24}},"5":{"start":{"line":13,"column":8},"end":{"line":13,"column":70}},"6":{"start":{"line":15,"column":8},"end":{"line":15,"column":37}},"7":{"start":{"line":16,"column":8},"end":{"line":16,"column":88}},"8":{"start":{"line":19,"column":24},"end":{"line":19,"column":66}},"9":{"start":{"line":20,"column":8},"end":{"line":20,"column":59}},"10":{"start":{"line":24,"column":8},"end":{"line":24,"column":40}},"11":{"start":{"line":28,"column":8},"end":{"line":34,"column":9}},"12":{"start":{"line":29,"column":25},"end":{"line":29,"column":98}},"13":{"start":{"line":30,"column":12},"end":{"line":30,"column":49}},"14":{"start":{"line":32,"column":12},"end":{"line":32,"column":50}},"15":{"start":{"line":33,"column":12},"end":{"line":33,"column":24}},"16":{"start":{"line":38,"column":8},"end":{"line":48,"column":9}},"17":{"start":{"line":39,"column":29},"end":{"line":39,"column":31}},"18":{"start":{"line":40,"column":12},"end":{"line":43,"column":13}},"19":{"start":{"line":41,"column":29},"end":{"line":41,"column":98}},"20":{"start":{"line":42,"column":16},"end":{"line":42,"column":68}},"21":{"start":{"line":44,"column":12},"end":{"line":44,"column":29}},"22":{"start":{"line":46,"column":12},"end":{"line":46,"column":50}},"23":{"start":{"line":47,"column":12},"end":{"line":47,"column":24}},"24":{"start":{"line":52,"column":8},"end":{"line":58,"column":9}},"25":{"start":{"line":53,"column":25},"end":{"line":53,"column":92}},"26":{"start":{"line":54,"column":12},"end":{"line":54,"column":49}},"27":{"start":{"line":56,"column":12},"end":{"line":56,"column":50}},"28":{"start":{"line":57,"column":12},"end":{"line":57,"column":24}},"29":{"start":{"line":63,"column":8},"end":{"line":69,"column":9}},"30":{"start":{"line":64,"column":25},"end":{"line":64,"column":92}},"31":{"start":{"line":65,"column":12},"end":{"line":65,"column":49}},"32":{"start":{"line":67,"column":12},"end":{"line":67,"column":50}},"33":{"start":{"line":68,"column":12},"end":{"line":68,"column":24}},"34":{"start":{"line":75,"column":0},"end":{"line":166,"column":1}},"35":{"start":{"line":77,"column":7},"end":{"line":94,"column":8}},"36":{"start":{"line":78,"column":32},"end":{"line":78,"column":61}},"37":{"start":{"line":79,"column":11},"end":{"line":79,"column":106}},"38":{"start":{"line":80,"column":11},"end":{"line":90,"column":13}},"39":{"start":{"line":81,"column":15},"end":{"line":89,"column":17}},"40":{"start":{"line":83,"column":19},"end":{"line":83,"column":37}},"41":{"start":{"line":85,"column":19},"end":{"line":85,"column":42}},"42":{"start":{"line":86,"column":19},"end":{"line":86,"column":32}},"43":{"start":{"line":88,"column":19},"end":{"line":88,"column":44}},"44":{"start":{"line":92,"column":11},"end":{"line":92,"column":41}},"45":{"start":{"line":93,"column":11},"end":{"line":93,"column":23}},"46":{"start":{"line":98,"column":8},"end":{"line":117,"column":9}},"47":{"start":{"line":99,"column":12},"end":{"line":99,"column":50}},"48":{"start":{"line":100,"column":33},"end":{"line":100,"column":62}},"49":{"start":{"line":101,"column":12},"end":{"line":101,"column":100}},"50":{"start":{"line":102,"column":12},"end":{"line":113,"column":14}},"51":{"start":{"line":103,"column":16},"end":{"line":112,"column":18}},"52":{"start":{"line":105,"column":24},"end":{"line":105,"column":67}},"53":{"start":{"line":106,"column":24},"end":{"line":106,"column":42}},"54":{"start":{"line":108,"column":20},"end":{"line":108,"column":43}},"55":{"start":{"line":109,"column":20},"end":{"line":109,"column":33}},"56":{"start":{"line":111,"column":20},"end":{"line":111,"column":45}},"57":{"start":{"line":115,"column":12},"end":{"line":115,"column":42}},"58":{"start":{"line":116,"column":12},"end":{"line":116,"column":24}},"59":{"start":{"line":121,"column":8},"end":{"line":140,"column":9}},"60":{"start":{"line":122,"column":12},"end":{"line":122,"column":54}},"61":{"start":{"line":123,"column":33},"end":{"line":123,"column":62}},"62":{"start":{"line":124,"column":12},"end":{"line":124,"column":107}},"63":{"start":{"line":125,"column":12},"end":{"line":136,"column":14}},"64":{"start":{"line":126,"column":16},"end":{"line":135,"column":18}},"65":{"start":{"line":128,"column":24},"end":{"line":128,"column":71}},"66":{"start":{"line":129,"column":24},"end":{"line":129,"column":42}},"67":{"start":{"line":131,"column":20},"end":{"line":131,"column":43}},"68":{"start":{"line":132,"column":20},"end":{"line":132,"column":33}},"69":{"start":{"line":134,"column":20},"end":{"line":134,"column":45}},"70":{"start":{"line":138,"column":12},"end":{"line":138,"column":47}},"71":{"start":{"line":139,"column":12},"end":{"line":139,"column":24}},"72":{"start":{"line":145,"column":8},"end":{"line":164,"column":9}},"73":{"start":{"line":146,"column":12},"end":{"line":146,"column":57}},"74":{"start":{"line":147,"column":33},"end":{"line":147,"column":62}},"75":{"start":{"line":148,"column":12},"end":{"line":148,"column":107}},"76":{"start":{"line":149,"column":12},"end":{"line":160,"column":14}},"77":{"start":{"line":150,"column":16},"end":{"line":159,"column":18}},"78":{"start":{"line":152,"column":24},"end":{"line":152,"column":74}},"79":{"start":{"line":153,"column":24},"end":{"line":153,"column":42}},"80":{"start":{"line":155,"column":20},"end":{"line":155,"column":43}},"81":{"start":{"line":156,"column":20},"end":{"line":156,"column":33}},"82":{"start":{"line":158,"column":20},"end":{"line":158,"column":45}},"83":{"start":{"line":162,"column":12},"end":{"line":162,"column":50}},"84":{"start":{"line":163,"column":12},"end":{"line":163,"column":24}}},"fnMap":{"0":{"name":"(anonymous_0)","decl":{"start":{"line":6,"column":4},"end":{"line":6,"column":5}},"loc":{"start":{"line":6,"column":19},"end":{"line":10,"column":5}},"line":6},"1":{"name":"(anonymous_1)","decl":{"start":{"line":12,"column":4},"end":{"line":12,"column":5}},"loc":{"start":{"line":12,"column":70},"end":{"line":21,"column":5}},"line":12},"2":{"name":"(anonymous_2)","decl":{"start":{"line":23,"column":4},"end":{"line":23,"column":5}},"loc":{"start":{"line":23,"column":23},"end":{"line":25,"column":5}},"line":23},"3":{"name":"(anonymous_3)","decl":{"start":{"line":27,"column":4},"end":{"line":27,"column":5}},"loc":{"start":{"line":27,"column":54},"end":{"line":35,"column":5}},"line":27},"4":{"name":"(anonymous_4)","decl":{"start":{"line":37,"column":4},"end":{"line":37,"column":5}},"loc":{"start":{"line":37,"column":52},"end":{"line":49,"column":5}},"line":37},"5":{"name":"(anonymous_5)","decl":{"start":{"line":51,"column":4},"end":{"line":51,"column":5}},"loc":{"start":{"line":51,"column":53},"end":{"line":59,"column":5}},"line":51},"6":{"name":"(anonymous_6)","decl":{"start":{"line":62,"column":4},"end":{"line":62,"column":5}},"loc":{"start":{"line":62,"column":56},"end":{"line":70,"column":5}},"line":62},"7":{"name":"(anonymous_7)","decl":{"start":{"line":76,"column":16},"end":{"line":76,"column":17}},"loc":{"start":{"line":76,"column":31},"end":{"line":95,"column":5}},"line":76},"8":{"name":"(anonymous_8)","decl":{"start":{"line":80,"column":30},"end":{"line":80,"column":31}},"loc":{"start":{"line":80,"column":51},"end":{"line":90,"column":12}},"line":80},"9":{"name":"(anonymous_9)","decl":{"start":{"line":82,"column":21},"end":{"line":82,"column":22}},"loc":{"start":{"line":82,"column":36},"end":{"line":84,"column":16}},"line":82},"10":{"name":"(anonymous_10)","decl":{"start":{"line":84,"column":24},"end":{"line":84,"column":25}},"loc":{"start":{"line":84,"column":34},"end":{"line":87,"column":16}},"line":84},"11":{"name":"(anonymous_11)","decl":{"start":{"line":87,"column":26},"end":{"line":87,"column":27}},"loc":{"start":{"line":87,"column":32},"end":{"line":89,"column":16}},"line":87},"12":{"name":"(anonymous_12)","decl":{"start":{"line":97,"column":17},"end":{"line":97,"column":18}},"loc":{"start":{"line":97,"column":32},"end":{"line":118,"column":5}},"line":97},"13":{"name":"(anonymous_13)","decl":{"start":{"line":102,"column":31},"end":{"line":102,"column":32}},"loc":{"start":{"line":102,"column":52},"end":{"line":113,"column":13}},"line":102},"14":{"name":"(anonymous_14)","decl":{"start":{"line":104,"column":26},"end":{"line":104,"column":27}},"loc":{"start":{"line":104,"column":41},"end":{"line":107,"column":21}},"line":104},"15":{"name":"(anonymous_15)","decl":{"start":{"line":107,"column":29},"end":{"line":107,"column":30}},"loc":{"start":{"line":107,"column":39},"end":{"line":110,"column":17}},"line":107},"16":{"name":"(anonymous_16)","decl":{"start":{"line":110,"column":27},"end":{"line":110,"column":28}},"loc":{"start":{"line":110,"column":33},"end":{"line":112,"column":17}},"line":110},"17":{"name":"(anonymous_17)","decl":{"start":{"line":120,"column":21},"end":{"line":120,"column":22}},"loc":{"start":{"line":120,"column":37},"end":{"line":141,"column":5}},"line":120},"18":{"name":"(anonymous_18)","decl":{"start":{"line":125,"column":31},"end":{"line":125,"column":32}},"loc":{"start":{"line":125,"column":52},"end":{"line":136,"column":13}},"line":125},"19":{"name":"(anonymous_19)","decl":{"start":{"line":127,"column":26},"end":{"line":127,"column":27}},"loc":{"start":{"line":127,"column":41},"end":{"line":130,"column":21}},"line":127},"20":{"name":"(anonymous_20)","decl":{"start":{"line":130,"column":29},"end":{"line":130,"column":30}},"loc":{"start":{"line":130,"column":39},"end":{"line":133,"column":17}},"line":130},"21":{"name":"(anonymous_21)","decl":{"start":{"line":133,"column":27},"end":{"line":133,"column":28}},"loc":{"start":{"line":133,"column":33},"end":{"line":135,"column":17}},"line":133},"22":{"name":"(anonymous_22)","decl":{"start":{"line":144,"column":24},"end":{"line":144,"column":25}},"loc":{"start":{"line":144,"column":40},"end":{"line":165,"column":5}},"line":144},"23":{"name":"(anonymous_23)","decl":{"start":{"line":149,"column":31},"end":{"line":149,"column":32}},"loc":{"start":{"line":149,"column":52},"end":{"line":160,"column":13}},"line":149},"24":{"name":"(anonymous_24)","decl":{"start":{"line":151,"column":26},"end":{"line":151,"column":27}},"loc":{"start":{"line":151,"column":41},"end":{"line":154,"column":21}},"line":151},"25":{"name":"(anonymous_25)","decl":{"start":{"line":154,"column":29},"end":{"line":154,"column":30}},"loc":{"start":{"line":154,"column":39},"end":{"line":157,"column":17}},"line":154},"26":{"name":"(anonymous_26)","decl":{"start":{"line":157,"column":27},"end":{"line":157,"column":28}},"loc":{"start":{"line":157,"column":33},"end":{"line":159,"column":17}},"line":157}},"branchMap":{},"s":{"0":1,"1":1,"2":0,"3":0,"4":0,"5":0,"6":0,"7":0,"8":0,"9":0,"10":0,"11":0,"12":0,"13":0,"14":0,"15":0,"16":0,"17":0,"18":0,"19":0,"20":0,"21":0,"22":0,"23":0,"24":0,"25":0,"26":0,"27":0,"28":0,"29":0,"30":0,"31":0,"32":0,"33":0,"34":1,"35":0,"36":0,"37":0,"38":0,"39":0,"40":0,"41":0,"42":0,"43":0,"44":0,"45":0,"46":0,"47":0,"48":0,"49":0,"50":0,"51":0,"52":0,"53":0,"54":0,"55":0,"56":0,"57":0,"58":0,"59":0,"60":0,"61":0,"62":0,"63":0,"64":0,"65":0,"66":0,"67":0,"68":0,"69":0,"70":0,"71":0,"72":0,"73":0,"74":0,"75":0,"76":0,"77":0,"78":0,"79":0,"80":0,"81":0,"82":0,"83":0,"84":0},"f":{"0":0,"1":0,"2":0,"3":0,"4":0,"5":0,"6":0,"7":0,"8":0,"9":0,"10":0,"11":0,"12":0,"13":0,"14":0,"15":0,"16":0,"17":0,"18":0,"19":0,"20":0,"21":0,"22":0,"23":0,"24":0,"25":0,"26":0},"b":{},"_coverageSchema":"1a1c01bbd47fc00a2c39e90264f33305004495a9","hash":"41c7460f29445ae32032e4a06fd4a429588b4cb3"}
,"/home/conun/conun_network/conun-blockchain-middleware/app/drive/query.js": {"path":"/home/conun/conun_network/conun-blockchain-middleware/app/drive/query.js","statementMap":{"0":{"start":{"line":1,"column":20},"end":{"line":1,"column":45}},"1":{"start":{"line":2,"column":22},"end":{"line":2,"column":52}},"2":{"start":{"line":9,"column":8},"end":{"line":9,"column":31}},"3":{"start":{"line":10,"column":8},"end":{"line":10,"column":29}},"4":{"start":{"line":11,"column":8},"end":{"line":11,"column":28}},"5":{"start":{"line":15,"column":8},"end":{"line":15,"column":70}},"6":{"start":{"line":17,"column":8},"end":{"line":17,"column":37}},"7":{"start":{"line":18,"column":8},"end":{"line":18,"column":88}},"8":{"start":{"line":21,"column":24},"end":{"line":21,"column":66}},"9":{"start":{"line":22,"column":8},"end":{"line":22,"column":59}},"10":{"start":{"line":26,"column":8},"end":{"line":26,"column":40}},"11":{"start":{"line":30,"column":8},"end":{"line":37,"column":9}},"12":{"start":{"line":31,"column":25},"end":{"line":31,"column":94}},"13":{"start":{"line":32,"column":12},"end":{"line":32,"column":54}},"14":{"start":{"line":33,"column":12},"end":{"line":33,"column":37}},"15":{"start":{"line":35,"column":12},"end":{"line":35,"column":50}},"16":{"start":{"line":36,"column":12},"end":{"line":36,"column":24}},"17":{"start":{"line":41,"column":8},"end":{"line":48,"column":9}},"18":{"start":{"line":42,"column":25},"end":{"line":42,"column":79}},"19":{"start":{"line":43,"column":12},"end":{"line":43,"column":54}},"20":{"start":{"line":44,"column":12},"end":{"line":44,"column":49}},"21":{"start":{"line":46,"column":12},"end":{"line":46,"column":50}},"22":{"start":{"line":47,"column":12},"end":{"line":47,"column":24}},"23":{"start":{"line":52,"column":8},"end":{"line":59,"column":9}},"24":{"start":{"line":53,"column":25},"end":{"line":53,"column":79}},"25":{"start":{"line":54,"column":12},"end":{"line":54,"column":54}},"26":{"start":{"line":55,"column":12},"end":{"line":55,"column":49}},"27":{"start":{"line":57,"column":12},"end":{"line":57,"column":50}},"28":{"start":{"line":58,"column":12},"end":{"line":58,"column":24}},"29":{"start":{"line":65,"column":0},"end":{"line":128,"column":1}},"30":{"start":{"line":67,"column":8},"end":{"line":84,"column":9}},"31":{"start":{"line":68,"column":31},"end":{"line":68,"column":59}},"32":{"start":{"line":69,"column":12},"end":{"line":69,"column":105}},"33":{"start":{"line":70,"column":12},"end":{"line":80,"column":14}},"34":{"start":{"line":71,"column":16},"end":{"line":79,"column":18}},"35":{"start":{"line":73,"column":24},"end":{"line":73,"column":42}},"36":{"start":{"line":75,"column":20},"end":{"line":75,"column":43}},"37":{"start":{"line":76,"column":20},"end":{"line":76,"column":33}},"38":{"start":{"line":78,"column":20},"end":{"line":78,"column":43}},"39":{"start":{"line":82,"column":12},"end":{"line":82,"column":42}},"40":{"start":{"line":83,"column":12},"end":{"line":83,"column":24}},"41":{"start":{"line":88,"column":8},"end":{"line":105,"column":9}},"42":{"start":{"line":89,"column":31},"end":{"line":89,"column":59}},"43":{"start":{"line":90,"column":12},"end":{"line":90,"column":105}},"44":{"start":{"line":91,"column":12},"end":{"line":101,"column":14}},"45":{"start":{"line":92,"column":16},"end":{"line":100,"column":18}},"46":{"start":{"line":94,"column":24},"end":{"line":94,"column":42}},"47":{"start":{"line":96,"column":20},"end":{"line":96,"column":43}},"48":{"start":{"line":97,"column":20},"end":{"line":97,"column":33}},"49":{"start":{"line":99,"column":20},"end":{"line":99,"column":43}},"50":{"start":{"line":103,"column":12},"end":{"line":103,"column":42}},"51":{"start":{"line":104,"column":12},"end":{"line":104,"column":24}},"52":{"start":{"line":109,"column":8},"end":{"line":126,"column":9}},"53":{"start":{"line":110,"column":31},"end":{"line":110,"column":59}},"54":{"start":{"line":111,"column":12},"end":{"line":111,"column":105}},"55":{"start":{"line":112,"column":12},"end":{"line":122,"column":14}},"56":{"start":{"line":113,"column":16},"end":{"line":121,"column":18}},"57":{"start":{"line":115,"column":24},"end":{"line":115,"column":42}},"58":{"start":{"line":117,"column":20},"end":{"line":117,"column":43}},"59":{"start":{"line":118,"column":20},"end":{"line":118,"column":33}},"60":{"start":{"line":120,"column":20},"end":{"line":120,"column":43}},"61":{"start":{"line":124,"column":12},"end":{"line":124,"column":42}},"62":{"start":{"line":125,"column":12},"end":{"line":125,"column":24}}},"fnMap":{"0":{"name":"(anonymous_0)","decl":{"start":{"line":8,"column":4},"end":{"line":8,"column":5}},"loc":{"start":{"line":8,"column":18},"end":{"line":12,"column":5}},"line":8},"1":{"name":"(anonymous_1)","decl":{"start":{"line":14,"column":4},"end":{"line":14,"column":5}},"loc":{"start":{"line":14,"column":70},"end":{"line":23,"column":5}},"line":14},"2":{"name":"(anonymous_2)","decl":{"start":{"line":25,"column":4},"end":{"line":25,"column":5}},"loc":{"start":{"line":25,"column":23},"end":{"line":27,"column":5}},"line":25},"3":{"name":"(anonymous_3)","decl":{"start":{"line":29,"column":4},"end":{"line":29,"column":5}},"loc":{"start":{"line":29,"column":50},"end":{"line":38,"column":5}},"line":29},"4":{"name":"(anonymous_4)","decl":{"start":{"line":40,"column":4},"end":{"line":40,"column":5}},"loc":{"start":{"line":40,"column":40},"end":{"line":49,"column":5}},"line":40},"5":{"name":"(anonymous_5)","decl":{"start":{"line":51,"column":4},"end":{"line":51,"column":5}},"loc":{"start":{"line":51,"column":44},"end":{"line":60,"column":5}},"line":51},"6":{"name":"(anonymous_6)","decl":{"start":{"line":66,"column":19},"end":{"line":66,"column":20}},"loc":{"start":{"line":66,"column":34},"end":{"line":85,"column":5}},"line":66},"7":{"name":"(anonymous_7)","decl":{"start":{"line":70,"column":31},"end":{"line":70,"column":32}},"loc":{"start":{"line":70,"column":52},"end":{"line":80,"column":13}},"line":70},"8":{"name":"(anonymous_8)","decl":{"start":{"line":72,"column":26},"end":{"line":72,"column":27}},"loc":{"start":{"line":72,"column":41},"end":{"line":74,"column":21}},"line":72},"9":{"name":"(anonymous_9)","decl":{"start":{"line":74,"column":29},"end":{"line":74,"column":30}},"loc":{"start":{"line":74,"column":39},"end":{"line":77,"column":17}},"line":74},"10":{"name":"(anonymous_10)","decl":{"start":{"line":77,"column":27},"end":{"line":77,"column":28}},"loc":{"start":{"line":77,"column":33},"end":{"line":79,"column":17}},"line":77},"11":{"name":"(anonymous_11)","decl":{"start":{"line":87,"column":23},"end":{"line":87,"column":24}},"loc":{"start":{"line":87,"column":38},"end":{"line":106,"column":5}},"line":87},"12":{"name":"(anonymous_12)","decl":{"start":{"line":91,"column":31},"end":{"line":91,"column":32}},"loc":{"start":{"line":91,"column":52},"end":{"line":101,"column":13}},"line":91},"13":{"name":"(anonymous_13)","decl":{"start":{"line":93,"column":26},"end":{"line":93,"column":27}},"loc":{"start":{"line":93,"column":41},"end":{"line":95,"column":21}},"line":93},"14":{"name":"(anonymous_14)","decl":{"start":{"line":95,"column":29},"end":{"line":95,"column":30}},"loc":{"start":{"line":95,"column":39},"end":{"line":98,"column":17}},"line":95},"15":{"name":"(anonymous_15)","decl":{"start":{"line":98,"column":27},"end":{"line":98,"column":28}},"loc":{"start":{"line":98,"column":33},"end":{"line":100,"column":17}},"line":98},"16":{"name":"(anonymous_16)","decl":{"start":{"line":108,"column":23},"end":{"line":108,"column":24}},"loc":{"start":{"line":108,"column":38},"end":{"line":127,"column":5}},"line":108},"17":{"name":"(anonymous_17)","decl":{"start":{"line":112,"column":31},"end":{"line":112,"column":32}},"loc":{"start":{"line":112,"column":52},"end":{"line":122,"column":13}},"line":112},"18":{"name":"(anonymous_18)","decl":{"start":{"line":114,"column":26},"end":{"line":114,"column":27}},"loc":{"start":{"line":114,"column":41},"end":{"line":116,"column":21}},"line":114},"19":{"name":"(anonymous_19)","decl":{"start":{"line":116,"column":29},"end":{"line":116,"column":30}},"loc":{"start":{"line":116,"column":39},"end":{"line":119,"column":17}},"line":116},"20":{"name":"(anonymous_20)","decl":{"start":{"line":119,"column":27},"end":{"line":119,"column":28}},"loc":{"start":{"line":119,"column":33},"end":{"line":121,"column":17}},"line":119}},"branchMap":{},"s":{"0":1,"1":1,"2":0,"3":0,"4":0,"5":0,"6":0,"7":0,"8":0,"9":0,"10":0,"11":0,"12":0,"13":0,"14":0,"15":0,"16":0,"17":0,"18":0,"19":0,"20":0,"21":0,"22":0,"23":0,"24":0,"25":0,"26":0,"27":0,"28":0,"29":1,"30":0,"31":0,"32":0,"33":0,"34":0,"35":0,"36":0,"37":0,"38":0,"39":0,"40":0,"41":0,"42":0,"43":0,"44":0,"45":0,"46":0,"47":0,"48":0,"49":0,"50":0,"51":0,"52":0,"53":0,"54":0,"55":0,"56":0,"57":0,"58":0,"59":0,"60":0,"61":0,"62":0},"f":{"0":0,"1":0,"2":0,"3":0,"4":0,"5":0,"6":0,"7":0,"8":0,"9":0,"10":0,"11":0,"12":0,"13":0,"14":0,"15":0,"16":0,"17":0,"18":0,"19":0,"20":0},"b":{},"_coverageSchema":"1a1c01bbd47fc00a2c39e90264f33305004495a9","hash":"dce7ab4757676e5a14ec37287b635c7e5f24509d"}
,"/home/conun/conun_network/conun-blockchain-middleware/app/helper/conection.js": {"path":"/home/conun/conun_network/conun-blockchain-middleware/app/helper/conection.js","statementMap":{"0":{"start":{"line":1,"column":11},"end":{"line":1,"column":24}},"1":{"start":{"line":2,"column":13},"end":{"line":2,"column":28}},"2":{"start":{"line":3,"column":52},"end":{"line":3,"column":77}},"3":{"start":{"line":5,"column":16},"end":{"line":5,"column":83}},"4":{"start":{"line":6,"column":16},"end":{"line":6,"column":48}},"5":{"start":{"line":7,"column":12},"end":{"line":7,"column":31}},"6":{"start":{"line":10,"column":4},"end":{"line":43,"column":5}},"7":{"start":{"line":11,"column":8},"end":{"line":11,"column":63}},"8":{"start":{"line":14,"column":27},"end":{"line":14,"column":61}},"9":{"start":{"line":15,"column":23},"end":{"line":15,"column":68}},"10":{"start":{"line":16,"column":8},"end":{"line":16,"column":64}},"11":{"start":{"line":19,"column":23},"end":{"line":19,"column":54}},"12":{"start":{"line":21,"column":8},"end":{"line":21,"column":30}},"13":{"start":{"line":21,"column":23},"end":{"line":21,"column":30}},"14":{"start":{"line":23,"column":31},"end":{"line":29,"column":9}},"15":{"start":{"line":31,"column":36},"end":{"line":33,"column":9}},"16":{"start":{"line":35,"column":8},"end":{"line":39,"column":10}},"17":{"start":{"line":42,"column":8},"end":{"line":42,"column":48}},"18":{"start":{"line":46,"column":0},"end":{"line":46,"column":31}}},"fnMap":{"0":{"name":"connectionOrg","decl":{"start":{"line":9,"column":15},"end":{"line":9,"column":28}},"loc":{"start":{"line":9,"column":53},"end":{"line":44,"column":1}},"line":9}},"branchMap":{"0":{"loc":{"start":{"line":21,"column":8},"end":{"line":21,"column":30}},"type":"if","locations":[{"start":{"line":21,"column":8},"end":{"line":21,"column":30}},{"start":{"line":21,"column":8},"end":{"line":21,"column":30}}],"line":21}},"s":{"0":1,"1":1,"2":1,"3":1,"4":1,"5":1,"6":2,"7":2,"8":2,"9":2,"10":2,"11":2,"12":2,"13":0,"14":2,"15":2,"16":2,"17":0,"18":1},"f":{"0":2},"b":{"0":[0,2]},"_coverageSchema":"1a1c01bbd47fc00a2c39e90264f33305004495a9","hash":"4fccba328afa881bef489b32f5cc4568a4b5b2bf"}
,"/home/conun/conun_network/conun-blockchain-middleware/app/helper/token.helper.js": {"path":"/home/conun/conun_network/conun-blockchain-middleware/app/helper/token.helper.js","statementMap":{"0":{"start":{"line":3,"column":30},"end":{"line":3,"column":55}},"1":{"start":{"line":4,"column":11},"end":{"line":4,"column":24}},"2":{"start":{"line":5,"column":13},"end":{"line":5,"column":28}},"3":{"start":{"line":6,"column":25},"end":{"line":6,"column":52}},"4":{"start":{"line":7,"column":22},"end":{"line":7,"column":52}},"5":{"start":{"line":8,"column":15},"end":{"line":8,"column":65}},"6":{"start":{"line":10,"column":25},"end":{"line":10,"column":34}},"7":{"start":{"line":11,"column":0},"end":{"line":11,"column":51}},"8":{"start":{"line":12,"column":0},"end":{"line":12,"column":51}},"9":{"start":{"line":15,"column":24},"end":{"line":67,"column":1}},"10":{"start":{"line":16,"column":4},"end":{"line":66,"column":5}},"11":{"start":{"line":17,"column":8},"end":{"line":17,"column":35}},"12":{"start":{"line":18,"column":27},"end":{"line":18,"column":61}},"13":{"start":{"line":19,"column":23},"end":{"line":19,"column":68}},"14":{"start":{"line":20,"column":23},"end":{"line":20,"column":58}},"15":{"start":{"line":21,"column":8},"end":{"line":21,"column":36}},"16":{"start":{"line":21,"column":23},"end":{"line":21,"column":36}},"17":{"start":{"line":23,"column":27},"end":{"line":23,"column":78}},"18":{"start":{"line":25,"column":24},"end":{"line":25,"column":37}},"19":{"start":{"line":26,"column":8},"end":{"line":26,"column":73}},"20":{"start":{"line":28,"column":23},"end":{"line":28,"column":95}},"21":{"start":{"line":29,"column":29},"end":{"line":29,"column":50}},"22":{"start":{"line":30,"column":19},"end":{"line":30,"column":113}},"23":{"start":{"line":32,"column":28},"end":{"line":32,"column":53}},"24":{"start":{"line":33,"column":8},"end":{"line":38,"column":9}},"25":{"start":{"line":34,"column":12},"end":{"line":34,"column":95}},"26":{"start":{"line":35,"column":12},"end":{"line":35,"column":32}},"27":{"start":{"line":36,"column":12},"end":{"line":36,"column":54}},"28":{"start":{"line":37,"column":12},"end":{"line":37,"column":54}},"29":{"start":{"line":39,"column":25},"end":{"line":39,"column":85}},"30":{"start":{"line":40,"column":26},"end":{"line":40,"column":79}},"31":{"start":{"line":42,"column":32},"end":{"line":42,"column":61}},"32":{"start":{"line":44,"column":33},"end":{"line":44,"column":91}},"33":{"start":{"line":45,"column":25},"end":{"line":45,"column":51}},"34":{"start":{"line":48,"column":8},"end":{"line":48,"column":35}},"35":{"start":{"line":49,"column":8},"end":{"line":62,"column":10}},"36":{"start":{"line":50,"column":12},"end":{"line":60,"column":15}},"37":{"start":{"line":51,"column":16},"end":{"line":59,"column":17}},"38":{"start":{"line":52,"column":35},"end":{"line":52,"column":77}},"39":{"start":{"line":53,"column":20},"end":{"line":58,"column":26}},"40":{"start":{"line":54,"column":24},"end":{"line":58,"column":26}},"41":{"start":{"line":61,"column":12},"end":{"line":61,"column":25}},"42":{"start":{"line":64,"column":8},"end":{"line":64,"column":46}},"43":{"start":{"line":65,"column":8},"end":{"line":65,"column":20}},"44":{"start":{"line":69,"column":27},"end":{"line":123,"column":1}},"45":{"start":{"line":70,"column":4},"end":{"line":122,"column":5}},"46":{"start":{"line":72,"column":27},"end":{"line":72,"column":61}},"47":{"start":{"line":73,"column":23},"end":{"line":73,"column":68}},"48":{"start":{"line":74,"column":23},"end":{"line":74,"column":58}},"49":{"start":{"line":75,"column":8},"end":{"line":77,"column":9}},"50":{"start":{"line":76,"column":12},"end":{"line":76,"column":66}},"51":{"start":{"line":79,"column":27},"end":{"line":79,"column":78}},"52":{"start":{"line":81,"column":24},"end":{"line":81,"column":37}},"53":{"start":{"line":82,"column":8},"end":{"line":82,"column":73}},"54":{"start":{"line":84,"column":23},"end":{"line":84,"column":95}},"55":{"start":{"line":85,"column":29},"end":{"line":85,"column":50}},"56":{"start":{"line":86,"column":19},"end":{"line":86,"column":113}},"57":{"start":{"line":88,"column":28},"end":{"line":88,"column":53}},"58":{"start":{"line":89,"column":8},"end":{"line":94,"column":9}},"59":{"start":{"line":90,"column":12},"end":{"line":90,"column":95}},"60":{"start":{"line":91,"column":12},"end":{"line":91,"column":32}},"61":{"start":{"line":92,"column":12},"end":{"line":92,"column":54}},"62":{"start":{"line":93,"column":12},"end":{"line":93,"column":54}},"63":{"start":{"line":95,"column":25},"end":{"line":95,"column":85}},"64":{"start":{"line":96,"column":26},"end":{"line":96,"column":79}},"65":{"start":{"line":98,"column":32},"end":{"line":98,"column":61}},"66":{"start":{"line":100,"column":33},"end":{"line":100,"column":91}},"67":{"start":{"line":101,"column":25},"end":{"line":101,"column":51}},"68":{"start":{"line":104,"column":8},"end":{"line":104,"column":35}},"69":{"start":{"line":105,"column":8},"end":{"line":118,"column":10}},"70":{"start":{"line":106,"column":12},"end":{"line":116,"column":15}},"71":{"start":{"line":107,"column":16},"end":{"line":115,"column":17}},"72":{"start":{"line":108,"column":35},"end":{"line":108,"column":77}},"73":{"start":{"line":109,"column":20},"end":{"line":114,"column":26}},"74":{"start":{"line":110,"column":24},"end":{"line":114,"column":26}},"75":{"start":{"line":117,"column":12},"end":{"line":117,"column":25}},"76":{"start":{"line":120,"column":8},"end":{"line":120,"column":46}},"77":{"start":{"line":121,"column":8},"end":{"line":121,"column":20}},"78":{"start":{"line":125,"column":26},"end":{"line":175,"column":1}},"79":{"start":{"line":126,"column":4},"end":{"line":126,"column":72}},"80":{"start":{"line":127,"column":20},"end":{"line":127,"column":87}},"81":{"start":{"line":128,"column":20},"end":{"line":128,"column":52}},"82":{"start":{"line":129,"column":16},"end":{"line":129,"column":35}},"83":{"start":{"line":131,"column":18},"end":{"line":131,"column":83}},"84":{"start":{"line":132,"column":15},"end":{"line":132,"column":42}},"85":{"start":{"line":134,"column":23},"end":{"line":134,"column":57}},"86":{"start":{"line":135,"column":19},"end":{"line":135,"column":64}},"87":{"start":{"line":139,"column":24},"end":{"line":139,"column":49}},"88":{"start":{"line":140,"column":4},"end":{"line":145,"column":5}},"89":{"start":{"line":141,"column":8},"end":{"line":141,"column":91}},"90":{"start":{"line":142,"column":8},"end":{"line":142,"column":28}},"91":{"start":{"line":143,"column":8},"end":{"line":143,"column":50}},"92":{"start":{"line":144,"column":8},"end":{"line":144,"column":51}},"93":{"start":{"line":148,"column":21},"end":{"line":148,"column":81}},"94":{"start":{"line":149,"column":22},"end":{"line":149,"column":75}},"95":{"start":{"line":151,"column":19},"end":{"line":151,"column":80}},"96":{"start":{"line":152,"column":4},"end":{"line":152,"column":25}},"97":{"start":{"line":152,"column":18},"end":{"line":152,"column":25}},"98":{"start":{"line":154,"column":19},"end":{"line":154,"column":198}},"99":{"start":{"line":156,"column":23},"end":{"line":156,"column":156}},"100":{"start":{"line":160,"column":25},"end":{"line":169,"column":5}},"101":{"start":{"line":171,"column":4},"end":{"line":171,"column":54}},"102":{"start":{"line":172,"column":4},"end":{"line":172,"column":120}},"103":{"start":{"line":174,"column":4},"end":{"line":174,"column":23}},"104":{"start":{"line":178,"column":20},"end":{"line":217,"column":1}},"105":{"start":{"line":179,"column":4},"end":{"line":214,"column":5}},"106":{"start":{"line":180,"column":24},"end":{"line":180,"column":91}},"107":{"start":{"line":181,"column":24},"end":{"line":181,"column":56}},"108":{"start":{"line":182,"column":20},"end":{"line":182,"column":39}},"109":{"start":{"line":184,"column":23},"end":{"line":184,"column":72}},"110":{"start":{"line":185,"column":29},"end":{"line":185,"column":50}},"111":{"start":{"line":186,"column":19},"end":{"line":186,"column":113}},"112":{"start":{"line":189,"column":27},"end":{"line":189,"column":61}},"113":{"start":{"line":190,"column":23},"end":{"line":190,"column":68}},"114":{"start":{"line":194,"column":25},"end":{"line":194,"column":50}},"115":{"start":{"line":195,"column":8},"end":{"line":198,"column":9}},"116":{"start":{"line":196,"column":12},"end":{"line":196,"column":95}},"117":{"start":{"line":197,"column":12},"end":{"line":197,"column":19}},"118":{"start":{"line":201,"column":27},"end":{"line":201,"column":98}},"119":{"start":{"line":202,"column":29},"end":{"line":209,"column":9}},"120":{"start":{"line":210,"column":8},"end":{"line":210,"column":48}},"121":{"start":{"line":211,"column":8},"end":{"line":211,"column":96}},"122":{"start":{"line":213,"column":8},"end":{"line":213,"column":71}},"123":{"start":{"line":219,"column":0},"end":{"line":219,"column":45}},"124":{"start":{"line":220,"column":0},"end":{"line":220,"column":47}},"125":{"start":{"line":221,"column":0},"end":{"line":221,"column":41}}},"fnMap":{"0":{"name":"(anonymous_0)","decl":{"start":{"line":15,"column":24},"end":{"line":15,"column":25}},"loc":{"start":{"line":15,"column":40},"end":{"line":67,"column":1}},"line":15},"1":{"name":"(anonymous_1)","decl":{"start":{"line":49,"column":27},"end":{"line":49,"column":28}},"loc":{"start":{"line":49,"column":48},"end":{"line":62,"column":9}},"line":49},"2":{"name":"(anonymous_2)","decl":{"start":{"line":50,"column":50},"end":{"line":50,"column":51}},"loc":{"start":{"line":50,"column":57},"end":{"line":60,"column":13}},"line":50},"3":{"name":"(anonymous_3)","decl":{"start":{"line":69,"column":27},"end":{"line":69,"column":28}},"loc":{"start":{"line":69,"column":43},"end":{"line":123,"column":1}},"line":69},"4":{"name":"(anonymous_4)","decl":{"start":{"line":105,"column":27},"end":{"line":105,"column":28}},"loc":{"start":{"line":105,"column":48},"end":{"line":118,"column":9}},"line":105},"5":{"name":"(anonymous_5)","decl":{"start":{"line":106,"column":50},"end":{"line":106,"column":51}},"loc":{"start":{"line":106,"column":57},"end":{"line":116,"column":13}},"line":106},"6":{"name":"(anonymous_6)","decl":{"start":{"line":125,"column":26},"end":{"line":125,"column":27}},"loc":{"start":{"line":125,"column":41},"end":{"line":175,"column":1}},"line":125},"7":{"name":"(anonymous_7)","decl":{"start":{"line":178,"column":20},"end":{"line":178,"column":21}},"loc":{"start":{"line":178,"column":32},"end":{"line":217,"column":1}},"line":178}},"branchMap":{"0":{"loc":{"start":{"line":21,"column":8},"end":{"line":21,"column":36}},"type":"if","locations":[{"start":{"line":21,"column":8},"end":{"line":21,"column":36}},{"start":{"line":21,"column":8},"end":{"line":21,"column":36}}],"line":21},"1":{"loc":{"start":{"line":33,"column":8},"end":{"line":38,"column":9}},"type":"if","locations":[{"start":{"line":33,"column":8},"end":{"line":38,"column":9}},{"start":{"line":33,"column":8},"end":{"line":38,"column":9}}],"line":33},"2":{"loc":{"start":{"line":51,"column":16},"end":{"line":59,"column":17}},"type":"if","locations":[{"start":{"line":51,"column":16},"end":{"line":59,"column":17}},{"start":{"line":51,"column":16},"end":{"line":59,"column":17}}],"line":51},"3":{"loc":{"start":{"line":53,"column":20},"end":{"line":58,"column":26}},"type":"if","locations":[{"start":{"line":53,"column":20},"end":{"line":58,"column":26}},{"start":{"line":53,"column":20},"end":{"line":58,"column":26}}],"line":53},"4":{"loc":{"start":{"line":75,"column":8},"end":{"line":77,"column":9}},"type":"if","locations":[{"start":{"line":75,"column":8},"end":{"line":77,"column":9}},{"start":{"line":75,"column":8},"end":{"line":77,"column":9}}],"line":75},"5":{"loc":{"start":{"line":89,"column":8},"end":{"line":94,"column":9}},"type":"if","locations":[{"start":{"line":89,"column":8},"end":{"line":94,"column":9}},{"start":{"line":89,"column":8},"end":{"line":94,"column":9}}],"line":89},"6":{"loc":{"start":{"line":107,"column":16},"end":{"line":115,"column":17}},"type":"if","locations":[{"start":{"line":107,"column":16},"end":{"line":115,"column":17}},{"start":{"line":107,"column":16},"end":{"line":115,"column":17}}],"line":107},"7":{"loc":{"start":{"line":109,"column":20},"end":{"line":114,"column":26}},"type":"if","locations":[{"start":{"line":109,"column":20},"end":{"line":114,"column":26}},{"start":{"line":109,"column":20},"end":{"line":114,"column":26}}],"line":109},"8":{"loc":{"start":{"line":140,"column":4},"end":{"line":145,"column":5}},"type":"if","locations":[{"start":{"line":140,"column":4},"end":{"line":145,"column":5}},{"start":{"line":140,"column":4},"end":{"line":145,"column":5}}],"line":140},"9":{"loc":{"start":{"line":152,"column":4},"end":{"line":152,"column":25}},"type":"if","locations":[{"start":{"line":152,"column":4},"end":{"line":152,"column":25}},{"start":{"line":152,"column":4},"end":{"line":152,"column":25}}],"line":152},"10":{"loc":{"start":{"line":195,"column":8},"end":{"line":198,"column":9}},"type":"if","locations":[{"start":{"line":195,"column":8},"end":{"line":198,"column":9}},{"start":{"line":195,"column":8},"end":{"line":198,"column":9}}],"line":195}},"s":{"0":1,"1":1,"2":1,"3":1,"4":1,"5":1,"6":1,"7":1,"8":1,"9":1,"10":0,"11":0,"12":0,"13":0,"14":0,"15":0,"16":0,"17":0,"18":0,"19":0,"20":0,"21":0,"22":0,"23":0,"24":0,"25":0,"26":0,"27":0,"28":0,"29":0,"30":0,"31":0,"32":0,"33":0,"34":0,"35":0,"36":0,"37":0,"38":0,"39":0,"40":0,"41":0,"42":0,"43":0,"44":1,"45":0,"46":0,"47":0,"48":0,"49":0,"50":0,"51":0,"52":0,"53":0,"54":0,"55":0,"56":0,"57":0,"58":0,"59":0,"60":0,"61":0,"62":0,"63":0,"64":0,"65":0,"66":0,"67":0,"68":0,"69":0,"70":0,"71":0,"72":0,"73":0,"74":0,"75":0,"76":0,"77":0,"78":1,"79":0,"80":0,"81":0,"82":0,"83":0,"84":0,"85":0,"86":0,"87":0,"88":0,"89":0,"90":0,"91":0,"92":0,"93":0,"94":0,"95":0,"96":0,"97":0,"98":0,"99":0,"100":0,"101":0,"102":0,"103":0,"104":1,"105":0,"106":0,"107":0,"108":0,"109":0,"110":0,"111":0,"112":0,"113":0,"114":0,"115":0,"116":0,"117":0,"118":0,"119":0,"120":0,"121":0,"122":0,"123":1,"124":1,"125":1},"f":{"0":0,"1":0,"2":0,"3":0,"4":0,"5":0,"6":0,"7":0},"b":{"0":[0,0],"1":[0,0],"2":[0,0],"3":[0,0],"4":[0,0],"5":[0,0],"6":[0,0],"7":[0,0],"8":[0,0],"9":[0,0],"10":[0,0]},"_coverageSchema":"1a1c01bbd47fc00a2c39e90264f33305004495a9","hash":"cf7021faf62e976e2097a3f0065f602256be3a40"}
,"/home/conun/conun_network/conun-blockchain-middleware/app/web3/eth.main.js": {"path":"/home/conun/conun_network/conun-blockchain-middleware/app/web3/eth.main.js","statementMap":{"0":{"start":{"line":2,"column":15},"end":{"line":2,"column":32}},"1":{"start":{"line":4,"column":21},"end":{"line":4,"column":61}},"2":{"start":{"line":5,"column":14},"end":{"line":5,"column":34}},"3":{"start":{"line":6,"column":9},"end":{"line":6,"column":45}},"4":{"start":{"line":8,"column":13},"end":{"line":8,"column":28}},"5":{"start":{"line":9,"column":17},"end":{"line":9,"column":85}},"6":{"start":{"line":10,"column":27},"end":{"line":10,"column":66}},"7":{"start":{"line":11,"column":13},"end":{"line":11,"column":31}},"8":{"start":{"line":13,"column":14},"end":{"line":13,"column":35}},"9":{"start":{"line":14,"column":15},"end":{"line":14,"column":22}},"10":{"start":{"line":16,"column":15},"end":{"line":16,"column":36}},"11":{"start":{"line":17,"column":14},"end":{"line":17,"column":38}},"12":{"start":{"line":18,"column":11},"end":{"line":18,"column":24}},"13":{"start":{"line":19,"column":0},"end":{"line":19,"column":29}},"14":{"start":{"line":23,"column":0},"end":{"line":371,"column":1}},"15":{"start":{"line":25,"column":8},"end":{"line":42,"column":9}},"16":{"start":{"line":27,"column":16},"end":{"line":27,"column":79}},"17":{"start":{"line":27,"column":48},"end":{"line":27,"column":79}},"18":{"start":{"line":28,"column":30},"end":{"line":28,"column":79}},"19":{"start":{"line":29,"column":16},"end":{"line":40,"column":17}},"20":{"start":{"line":30,"column":20},"end":{"line":33,"column":22}},"21":{"start":{"line":36,"column":20},"end":{"line":39,"column":22}},"22":{"start":{"line":46,"column":8},"end":{"line":59,"column":9}},"23":{"start":{"line":48,"column":27},"end":{"line":48,"column":61}},"24":{"start":{"line":49,"column":16},"end":{"line":57,"column":17}},"25":{"start":{"line":50,"column":20},"end":{"line":53,"column":22}},"26":{"start":{"line":56,"column":20},"end":{"line":56,"column":30}},"27":{"start":{"line":63,"column":19},"end":{"line":63,"column":53}},"28":{"start":{"line":64,"column":8},"end":{"line":64,"column":31}},"29":{"start":{"line":65,"column":8},"end":{"line":80,"column":9}},"30":{"start":{"line":67,"column":34},"end":{"line":67,"column":84}},"31":{"start":{"line":68,"column":16},"end":{"line":78,"column":17}},"32":{"start":{"line":69,"column":31},"end":{"line":74,"column":21}},"33":{"start":{"line":75,"column":20},"end":{"line":75,"column":33}},"34":{"start":{"line":77,"column":20},"end":{"line":77,"column":39}},"35":{"start":{"line":84,"column":8},"end":{"line":101,"column":9}},"36":{"start":{"line":86,"column":34},"end":{"line":86,"column":81}},"37":{"start":{"line":87,"column":30},"end":{"line":87,"column":79}},"38":{"start":{"line":88,"column":16},"end":{"line":88,"column":49}},"39":{"start":{"line":89,"column":16},"end":{"line":99,"column":17}},"40":{"start":{"line":90,"column":31},"end":{"line":95,"column":21}},"41":{"start":{"line":96,"column":20},"end":{"line":96,"column":33}},"42":{"start":{"line":98,"column":20},"end":{"line":98,"column":39}},"43":{"start":{"line":105,"column":8},"end":{"line":123,"column":9}},"44":{"start":{"line":107,"column":27},"end":{"line":107,"column":76}},"45":{"start":{"line":108,"column":16},"end":{"line":121,"column":17}},"46":{"start":{"line":109,"column":20},"end":{"line":114,"column":22}},"47":{"start":{"line":117,"column":20},"end":{"line":120,"column":22}},"48":{"start":{"line":127,"column":8},"end":{"line":137,"column":9}},"49":{"start":{"line":129,"column":33},"end":{"line":129,"column":84}},"50":{"start":{"line":130,"column":16},"end":{"line":135,"column":19}},"51":{"start":{"line":132,"column":24},"end":{"line":132,"column":56}},"52":{"start":{"line":134,"column":20},"end":{"line":134,"column":33}},"53":{"start":{"line":141,"column":8},"end":{"line":148,"column":13}},"54":{"start":{"line":143,"column":20},"end":{"line":146,"column":22}},"55":{"start":{"line":144,"column":24},"end":{"line":144,"column":66}},"56":{"start":{"line":145,"column":24},"end":{"line":145,"column":44}},"57":{"start":{"line":145,"column":32},"end":{"line":145,"column":44}},"58":{"start":{"line":152,"column":19},"end":{"line":155,"column":9}},"59":{"start":{"line":157,"column":8},"end":{"line":160,"column":11}},"60":{"start":{"line":161,"column":8},"end":{"line":161,"column":52}},"61":{"start":{"line":163,"column":8},"end":{"line":166,"column":11}},"62":{"start":{"line":164,"column":12},"end":{"line":164,"column":63}},"63":{"start":{"line":165,"column":12},"end":{"line":165,"column":62}},"64":{"start":{"line":168,"column":8},"end":{"line":184,"column":9}},"65":{"start":{"line":189,"column":19},"end":{"line":192,"column":9}},"66":{"start":{"line":194,"column":25},"end":{"line":196,"column":10}},"67":{"start":{"line":197,"column":8},"end":{"line":197,"column":26}},"68":{"start":{"line":198,"column":23},"end":{"line":198,"column":112}},"69":{"start":{"line":200,"column":8},"end":{"line":200,"column":39}},"70":{"start":{"line":202,"column":8},"end":{"line":206,"column":11}},"71":{"start":{"line":208,"column":8},"end":{"line":211,"column":11}},"72":{"start":{"line":209,"column":12},"end":{"line":209,"column":63}},"73":{"start":{"line":210,"column":12},"end":{"line":210,"column":62}},"74":{"start":{"line":213,"column":8},"end":{"line":229,"column":9}},"75":{"start":{"line":233,"column":8},"end":{"line":233,"column":40}},"76":{"start":{"line":247,"column":8},"end":{"line":297,"column":10}},"77":{"start":{"line":249,"column":16},"end":{"line":249,"column":61}},"78":{"start":{"line":251,"column":16},"end":{"line":254,"column":17}},"79":{"start":{"line":252,"column":20},"end":{"line":252,"column":93}},"80":{"start":{"line":253,"column":20},"end":{"line":253,"column":58}},"81":{"start":{"line":256,"column":16},"end":{"line":256,"column":74}},"82":{"start":{"line":259,"column":16},"end":{"line":259,"column":53}},"83":{"start":{"line":260,"column":16},"end":{"line":295,"column":18}},"84":{"start":{"line":262,"column":37},"end":{"line":269,"column":21}},"85":{"start":{"line":270,"column":20},"end":{"line":270,"column":56}},"86":{"start":{"line":272,"column":31},"end":{"line":272,"column":67}},"87":{"start":{"line":273,"column":20},"end":{"line":273,"column":47}},"88":{"start":{"line":275,"column":41},"end":{"line":275,"column":55}},"89":{"start":{"line":276,"column":32},"end":{"line":276,"column":67}},"90":{"start":{"line":277,"column":20},"end":{"line":277,"column":46}},"91":{"start":{"line":280,"column":20},"end":{"line":288,"column":27}},"92":{"start":{"line":286,"column":28},"end":{"line":287,"column":42}},"93":{"start":{"line":286,"column":34},"end":{"line":286,"column":62}},"94":{"start":{"line":287,"column":33},"end":{"line":287,"column":42}},"95":{"start":{"line":301,"column":8},"end":{"line":369,"column":9}},"96":{"start":{"line":302,"column":12},"end":{"line":302,"column":78}},"97":{"start":{"line":303,"column":12},"end":{"line":303,"column":57}},"98":{"start":{"line":305,"column":12},"end":{"line":308,"column":13}},"99":{"start":{"line":306,"column":16},"end":{"line":306,"column":89}},"100":{"start":{"line":307,"column":16},"end":{"line":307,"column":54}},"101":{"start":{"line":310,"column":12},"end":{"line":310,"column":70}},"102":{"start":{"line":313,"column":12},"end":{"line":313,"column":49}},"103":{"start":{"line":315,"column":29},"end":{"line":317,"column":14}},"104":{"start":{"line":319,"column":25},"end":{"line":319,"column":114}},"105":{"start":{"line":322,"column":12},"end":{"line":365,"column":14}},"106":{"start":{"line":324,"column":20},"end":{"line":363,"column":23}},"107":{"start":{"line":326,"column":39},"end":{"line":338,"column":25}},"108":{"start":{"line":339,"column":24},"end":{"line":339,"column":60}},"109":{"start":{"line":341,"column":35},"end":{"line":341,"column":71}},"110":{"start":{"line":342,"column":24},"end":{"line":342,"column":51}},"111":{"start":{"line":344,"column":45},"end":{"line":344,"column":59}},"112":{"start":{"line":345,"column":24},"end":{"line":345,"column":68}},"113":{"start":{"line":346,"column":34},"end":{"line":346,"column":69}},"114":{"start":{"line":347,"column":24},"end":{"line":347,"column":50}},"115":{"start":{"line":349,"column":24},"end":{"line":357,"column":31}},"116":{"start":{"line":355,"column":32},"end":{"line":356,"column":46}},"117":{"start":{"line":355,"column":38},"end":{"line":355,"column":66}},"118":{"start":{"line":356,"column":37},"end":{"line":356,"column":46}},"119":{"start":{"line":367,"column":12},"end":{"line":367,"column":53}},"120":{"start":{"line":368,"column":12},"end":{"line":368,"column":24}}},"fnMap":{"0":{"name":"(anonymous_0)","decl":{"start":{"line":24,"column":23},"end":{"line":24,"column":24}},"loc":{"start":{"line":24,"column":45},"end":{"line":43,"column":5}},"line":24},"1":{"name":"(anonymous_1)","decl":{"start":{"line":26,"column":12},"end":{"line":26,"column":13}},"loc":{"start":{"line":26,"column":33},"end":{"line":41,"column":13}},"line":26},"2":{"name":"(anonymous_2)","decl":{"start":{"line":45,"column":20},"end":{"line":45,"column":21}},"loc":{"start":{"line":45,"column":34},"end":{"line":60,"column":5}},"line":45},"3":{"name":"(anonymous_3)","decl":{"start":{"line":47,"column":12},"end":{"line":47,"column":13}},"loc":{"start":{"line":47,"column":33},"end":{"line":58,"column":13}},"line":47},"4":{"name":"(anonymous_4)","decl":{"start":{"line":62,"column":28},"end":{"line":62,"column":29}},"loc":{"start":{"line":62,"column":50},"end":{"line":81,"column":5}},"line":62},"5":{"name":"(anonymous_5)","decl":{"start":{"line":66,"column":12},"end":{"line":66,"column":13}},"loc":{"start":{"line":66,"column":33},"end":{"line":79,"column":13}},"line":66},"6":{"name":"(anonymous_6)","decl":{"start":{"line":83,"column":32},"end":{"line":83,"column":33}},"loc":{"start":{"line":83,"column":66},"end":{"line":102,"column":5}},"line":83},"7":{"name":"(anonymous_7)","decl":{"start":{"line":85,"column":12},"end":{"line":85,"column":13}},"loc":{"start":{"line":85,"column":33},"end":{"line":100,"column":13}},"line":85},"8":{"name":"(anonymous_8)","decl":{"start":{"line":104,"column":22},"end":{"line":104,"column":23}},"loc":{"start":{"line":104,"column":56},"end":{"line":124,"column":5}},"line":104},"9":{"name":"(anonymous_9)","decl":{"start":{"line":106,"column":12},"end":{"line":106,"column":13}},"loc":{"start":{"line":106,"column":33},"end":{"line":122,"column":13}},"line":106},"10":{"name":"(anonymous_10)","decl":{"start":{"line":126,"column":22},"end":{"line":126,"column":23}},"loc":{"start":{"line":126,"column":38},"end":{"line":138,"column":5}},"line":126},"11":{"name":"(anonymous_11)","decl":{"start":{"line":128,"column":12},"end":{"line":128,"column":13}},"loc":{"start":{"line":128,"column":33},"end":{"line":136,"column":13}},"line":128},"12":{"name":"(anonymous_12)","decl":{"start":{"line":131,"column":26},"end":{"line":131,"column":27}},"loc":{"start":{"line":131,"column":33},"end":{"line":133,"column":21}},"line":131},"13":{"name":"(anonymous_13)","decl":{"start":{"line":133,"column":29},"end":{"line":133,"column":30}},"loc":{"start":{"line":133,"column":38},"end":{"line":135,"column":17}},"line":133},"14":{"name":"(anonymous_14)","decl":{"start":{"line":140,"column":22},"end":{"line":140,"column":23}},"loc":{"start":{"line":140,"column":41},"end":{"line":149,"column":5}},"line":140},"15":{"name":"(anonymous_15)","decl":{"start":{"line":142,"column":16},"end":{"line":142,"column":17}},"loc":{"start":{"line":142,"column":37},"end":{"line":147,"column":17}},"line":142},"16":{"name":"(anonymous_16)","decl":{"start":{"line":143,"column":49},"end":{"line":143,"column":50}},"loc":{"start":{"line":143,"column":63},"end":{"line":146,"column":21}},"line":143},"17":{"name":"(anonymous_17)","decl":{"start":{"line":151,"column":23},"end":{"line":151,"column":24}},"loc":{"start":{"line":151,"column":41},"end":{"line":185,"column":5}},"line":151},"18":{"name":"(anonymous_18)","decl":{"start":{"line":163,"column":42},"end":{"line":163,"column":43}},"loc":{"start":{"line":163,"column":54},"end":{"line":166,"column":9}},"line":163},"19":{"name":"(anonymous_19)","decl":{"start":{"line":187,"column":25},"end":{"line":187,"column":26}},"loc":{"start":{"line":188,"column":4},"end":{"line":230,"column":5}},"line":188},"20":{"name":"(anonymous_20)","decl":{"start":{"line":208,"column":42},"end":{"line":208,"column":43}},"loc":{"start":{"line":208,"column":54},"end":{"line":211,"column":9}},"line":208},"21":{"name":"(anonymous_21)","decl":{"start":{"line":232,"column":13},"end":{"line":232,"column":14}},"loc":{"start":{"line":232,"column":31},"end":{"line":298,"column":5}},"line":232},"22":{"name":"(anonymous_22)","decl":{"start":{"line":248,"column":12},"end":{"line":248,"column":13}},"loc":{"start":{"line":248,"column":33},"end":{"line":296,"column":13}},"line":248},"23":{"name":"(anonymous_23)","decl":{"start":{"line":260,"column":65},"end":{"line":260,"column":66}},"loc":{"start":{"line":260,"column":83},"end":{"line":295,"column":17}},"line":260},"24":{"name":"(anonymous_24)","decl":{"start":{"line":285,"column":39},"end":{"line":285,"column":40}},"loc":{"start":{"line":285,"column":53},"end":{"line":288,"column":25}},"line":285},"25":{"name":"(anonymous_25)","decl":{"start":{"line":300,"column":13},"end":{"line":300,"column":14}},"loc":{"start":{"line":300,"column":31},"end":{"line":370,"column":5}},"line":300},"26":{"name":"(anonymous_26)","decl":{"start":{"line":323,"column":16},"end":{"line":323,"column":17}},"loc":{"start":{"line":323,"column":37},"end":{"line":364,"column":17}},"line":323},"27":{"name":"(anonymous_27)","decl":{"start":{"line":324,"column":69},"end":{"line":324,"column":70}},"loc":{"start":{"line":324,"column":87},"end":{"line":363,"column":21}},"line":324},"28":{"name":"(anonymous_28)","decl":{"start":{"line":354,"column":43},"end":{"line":354,"column":44}},"loc":{"start":{"line":354,"column":57},"end":{"line":357,"column":29}},"line":354}},"branchMap":{"0":{"loc":{"start":{"line":27,"column":16},"end":{"line":27,"column":79}},"type":"if","locations":[{"start":{"line":27,"column":16},"end":{"line":27,"column":79}},{"start":{"line":27,"column":16},"end":{"line":27,"column":79}}],"line":27},"1":{"loc":{"start":{"line":29,"column":16},"end":{"line":40,"column":17}},"type":"if","locations":[{"start":{"line":29,"column":16},"end":{"line":40,"column":17}},{"start":{"line":29,"column":16},"end":{"line":40,"column":17}}],"line":29},"2":{"loc":{"start":{"line":49,"column":16},"end":{"line":57,"column":17}},"type":"if","locations":[{"start":{"line":49,"column":16},"end":{"line":57,"column":17}},{"start":{"line":49,"column":16},"end":{"line":57,"column":17}}],"line":49},"3":{"loc":{"start":{"line":68,"column":16},"end":{"line":78,"column":17}},"type":"if","locations":[{"start":{"line":68,"column":16},"end":{"line":78,"column":17}},{"start":{"line":68,"column":16},"end":{"line":78,"column":17}}],"line":68},"4":{"loc":{"start":{"line":89,"column":16},"end":{"line":99,"column":17}},"type":"if","locations":[{"start":{"line":89,"column":16},"end":{"line":99,"column":17}},{"start":{"line":89,"column":16},"end":{"line":99,"column":17}}],"line":89},"5":{"loc":{"start":{"line":108,"column":16},"end":{"line":121,"column":17}},"type":"if","locations":[{"start":{"line":108,"column":16},"end":{"line":121,"column":17}},{"start":{"line":108,"column":16},"end":{"line":121,"column":17}}],"line":108},"6":{"loc":{"start":{"line":145,"column":24},"end":{"line":145,"column":44}},"type":"if","locations":[{"start":{"line":145,"column":24},"end":{"line":145,"column":44}},{"start":{"line":145,"column":24},"end":{"line":145,"column":44}}],"line":145},"7":{"loc":{"start":{"line":251,"column":16},"end":{"line":254,"column":17}},"type":"if","locations":[{"start":{"line":251,"column":16},"end":{"line":254,"column":17}},{"start":{"line":251,"column":16},"end":{"line":254,"column":17}}],"line":251},"8":{"loc":{"start":{"line":286,"column":28},"end":{"line":287,"column":42}},"type":"if","locations":[{"start":{"line":286,"column":28},"end":{"line":287,"column":42}},{"start":{"line":286,"column":28},"end":{"line":287,"column":42}}],"line":286},"9":{"loc":{"start":{"line":305,"column":12},"end":{"line":308,"column":13}},"type":"if","locations":[{"start":{"line":305,"column":12},"end":{"line":308,"column":13}},{"start":{"line":305,"column":12},"end":{"line":308,"column":13}}],"line":305},"10":{"loc":{"start":{"line":355,"column":32},"end":{"line":356,"column":46}},"type":"if","locations":[{"start":{"line":355,"column":32},"end":{"line":356,"column":46}},{"start":{"line":355,"column":32},"end":{"line":356,"column":46}}],"line":355}},"s":{"0":1,"1":1,"2":1,"3":1,"4":1,"5":1,"6":1,"7":1,"8":1,"9":1,"10":1,"11":1,"12":1,"13":1,"14":1,"15":0,"16":0,"17":0,"18":0,"19":0,"20":0,"21":0,"22":0,"23":0,"24":0,"25":0,"26":0,"27":0,"28":0,"29":0,"30":0,"31":0,"32":0,"33":0,"34":0,"35":0,"36":0,"37":0,"38":0,"39":0,"40":0,"41":0,"42":0,"43":0,"44":0,"45":0,"46":0,"47":0,"48":0,"49":0,"50":0,"51":0,"52":0,"53":0,"54":0,"55":0,"56":0,"57":0,"58":0,"59":0,"60":0,"61":0,"62":0,"63":0,"64":0,"65":0,"66":0,"67":0,"68":0,"69":0,"70":0,"71":0,"72":0,"73":0,"74":0,"75":0,"76":0,"77":0,"78":0,"79":0,"80":0,"81":0,"82":0,"83":0,"84":0,"85":0,"86":0,"87":0,"88":0,"89":0,"90":0,"91":0,"92":0,"93":0,"94":0,"95":0,"96":0,"97":0,"98":0,"99":0,"100":0,"101":0,"102":0,"103":0,"104":0,"105":0,"106":0,"107":0,"108":0,"109":0,"110":0,"111":0,"112":0,"113":0,"114":0,"115":0,"116":0,"117":0,"118":0,"119":0,"120":0},"f":{"0":0,"1":0,"2":0,"3":0,"4":0,"5":0,"6":0,"7":0,"8":0,"9":0,"10":0,"11":0,"12":0,"13":0,"14":0,"15":0,"16":0,"17":0,"18":0,"19":0,"20":0,"21":0,"22":0,"23":0,"24":0,"25":0,"26":0,"27":0,"28":0},"b":{"0":[0,0],"1":[0,0],"2":[0,0],"3":[0,0],"4":[0,0],"5":[0,0],"6":[0,0],"7":[0,0],"8":[0,0],"9":[0,0],"10":[0,0]},"_coverageSchema":"1a1c01bbd47fc00a2c39e90264f33305004495a9","hash":"283f05f30e6ccce8692a4451f6e302f2086e4dca"}
,"/home/conun/conun_network/conun-blockchain-middleware/middleware/auth.js": {"path":"/home/conun/conun_network/conun-blockchain-middleware/middleware/auth.js","statementMap":{"0":{"start":{"line":1,"column":12},"end":{"line":1,"column":35}},"1":{"start":{"line":2,"column":15},"end":{"line":2,"column":32}},"2":{"start":{"line":11,"column":4},"end":{"line":25,"column":5}},"3":{"start":{"line":12,"column":22},"end":{"line":12,"column":48}},"4":{"start":{"line":13,"column":12},"end":{"line":14,"column":108}},"5":{"start":{"line":14,"column":16},"end":{"line":14,"column":108}},"6":{"start":{"line":15,"column":12},"end":{"line":21,"column":15}},"7":{"start":{"line":16,"column":16},"end":{"line":18,"column":17}},"8":{"start":{"line":17,"column":20},"end":{"line":17,"column":119}},"9":{"start":{"line":19,"column":16},"end":{"line":19,"column":34}},"10":{"start":{"line":20,"column":16},"end":{"line":20,"column":23}},"11":{"start":{"line":23,"column":12},"end":{"line":23,"column":36}},"12":{"start":{"line":24,"column":12},"end":{"line":24,"column":93}},"13":{"start":{"line":27,"column":0},"end":{"line":27,"column":22}}},"fnMap":{"0":{"name":"auth","decl":{"start":{"line":10,"column":9},"end":{"line":10,"column":13}},"loc":{"start":{"line":10,"column":30},"end":{"line":26,"column":1}},"line":10},"1":{"name":"(anonymous_1)","decl":{"start":{"line":15,"column":59},"end":{"line":15,"column":60}},"loc":{"start":{"line":15,"column":82},"end":{"line":21,"column":13}},"line":15}},"branchMap":{"0":{"loc":{"start":{"line":13,"column":12},"end":{"line":14,"column":108}},"type":"if","locations":[{"start":{"line":13,"column":12},"end":{"line":14,"column":108}},{"start":{"line":13,"column":12},"end":{"line":14,"column":108}}],"line":13},"1":{"loc":{"start":{"line":16,"column":16},"end":{"line":18,"column":17}},"type":"if","locations":[{"start":{"line":16,"column":16},"end":{"line":18,"column":17}},{"start":{"line":16,"column":16},"end":{"line":18,"column":17}}],"line":16}},"s":{"0":1,"1":1,"2":11,"3":11,"4":11,"5":0,"6":11,"7":11,"8":0,"9":11,"10":11,"11":0,"12":0,"13":1},"f":{"0":11,"1":11},"b":{"0":[0,11],"1":[0,11]},"_coverageSchema":"1a1c01bbd47fc00a2c39e90264f33305004495a9","hash":"363d5562ae3c8ba911bf40f2cd4616327a454bd7"}
,"/home/conun/conun_network/conun-blockchain-middleware/middleware/owner.js": {"path":"/home/conun/conun_network/conun-blockchain-middleware/middleware/owner.js","statementMap":{"0":{"start":{"line":7,"column":4},"end":{"line":16,"column":5}},"1":{"start":{"line":8,"column":28},"end":{"line":8,"column":101}},"2":{"start":{"line":9,"column":8},"end":{"line":9,"column":86}},"3":{"start":{"line":10,"column":8},"end":{"line":11,"column":108}},"4":{"start":{"line":11,"column":12},"end":{"line":11,"column":108}},"5":{"start":{"line":12,"column":8},"end":{"line":12,"column":15}},"6":{"start":{"line":14,"column":8},"end":{"line":14,"column":33}},"7":{"start":{"line":15,"column":8},"end":{"line":15,"column":89}},"8":{"start":{"line":19,"column":0},"end":{"line":19,"column":23}}},"fnMap":{"0":{"name":"owner","decl":{"start":{"line":6,"column":9},"end":{"line":6,"column":14}},"loc":{"start":{"line":6,"column":31},"end":{"line":17,"column":1}},"line":6}},"branchMap":{"0":{"loc":{"start":{"line":8,"column":28},"end":{"line":8,"column":101}},"type":"binary-expr","locations":[{"start":{"line":8,"column":28},"end":{"line":8,"column":51}},{"start":{"line":8,"column":55},"end":{"line":8,"column":77}},{"start":{"line":8,"column":81},"end":{"line":8,"column":101}}],"line":8},"1":{"loc":{"start":{"line":10,"column":8},"end":{"line":11,"column":108}},"type":"if","locations":[{"start":{"line":10,"column":8},"end":{"line":11,"column":108}},{"start":{"line":10,"column":8},"end":{"line":11,"column":108}}],"line":10}},"s":{"0":11,"1":11,"2":11,"3":11,"4":6,"5":5,"6":0,"7":0,"8":1},"f":{"0":11},"b":{"0":[11,11,6],"1":[6,5]},"_coverageSchema":"1a1c01bbd47fc00a2c39e90264f33305004495a9","hash":"673309c9e7601a99a47b08d761d1e4babec10cb8"}
,"/home/conun/conun_network/conun-blockchain-middleware/middleware/x509.js": {"path":"/home/conun/conun_network/conun-blockchain-middleware/middleware/x509.js","statementMap":{"0":{"start":{"line":1,"column":13},"end":{"line":1,"column":28}},"1":{"start":{"line":2,"column":36},"end":{"line":2,"column":57}},"2":{"start":{"line":3,"column":20},"end":{"line":3,"column":45}},"3":{"start":{"line":4,"column":12},"end":{"line":4,"column":35}},"4":{"start":{"line":14,"column":15},"end":{"line":53,"column":1}},"5":{"start":{"line":15,"column":4},"end":{"line":52,"column":5}},"6":{"start":{"line":16,"column":8},"end":{"line":16,"column":43}},"7":{"start":{"line":17,"column":27},"end":{"line":17,"column":61}},"8":{"start":{"line":18,"column":23},"end":{"line":18,"column":68}},"9":{"start":{"line":19,"column":23},"end":{"line":19,"column":63}},"10":{"start":{"line":20,"column":8},"end":{"line":24,"column":11}},"11":{"start":{"line":20,"column":23},"end":{"line":24,"column":11}},"12":{"start":{"line":25,"column":28},"end":{"line":25,"column":81}},"13":{"start":{"line":26,"column":24},"end":{"line":26,"column":42}},"14":{"start":{"line":27,"column":8},"end":{"line":27,"column":34}},"15":{"start":{"line":29,"column":8},"end":{"line":44,"column":11}},"16":{"start":{"line":30,"column":12},"end":{"line":34,"column":15}},"17":{"start":{"line":30,"column":20},"end":{"line":34,"column":15}},"18":{"start":{"line":36,"column":25},"end":{"line":36,"column":143}},"19":{"start":{"line":37,"column":12},"end":{"line":43,"column":26}},"20":{"start":{"line":38,"column":16},"end":{"line":42,"column":19}},"21":{"start":{"line":43,"column":19},"end":{"line":43,"column":26}},"22":{"start":{"line":46,"column":8},"end":{"line":46,"column":44}},"23":{"start":{"line":47,"column":8},"end":{"line":51,"column":11}},"24":{"start":{"line":55,"column":0},"end":{"line":55,"column":23}},"25":{"start":{"line":63,"column":13},"end":{"line":80,"column":1}},"26":{"start":{"line":64,"column":4},"end":{"line":79,"column":5}},"27":{"start":{"line":65,"column":27},"end":{"line":65,"column":61}},"28":{"start":{"line":66,"column":23},"end":{"line":66,"column":68}},"29":{"start":{"line":67,"column":23},"end":{"line":67,"column":54}},"30":{"start":{"line":68,"column":8},"end":{"line":68,"column":89}},"31":{"start":{"line":69,"column":27},"end":{"line":69,"column":78}},"32":{"start":{"line":70,"column":8},"end":{"line":70,"column":49}},"33":{"start":{"line":71,"column":26},"end":{"line":71,"column":89}},"34":{"start":{"line":72,"column":8},"end":{"line":72,"column":47}},"35":{"start":{"line":73,"column":19},"end":{"line":73,"column":128}},"36":{"start":{"line":75,"column":8},"end":{"line":75,"column":35}},"37":{"start":{"line":78,"column":8},"end":{"line":78,"column":44}}},"fnMap":{"0":{"name":"(anonymous_0)","decl":{"start":{"line":14,"column":15},"end":{"line":14,"column":16}},"loc":{"start":{"line":14,"column":41},"end":{"line":53,"column":1}},"line":14},"1":{"name":"(anonymous_1)","decl":{"start":{"line":29,"column":63},"end":{"line":29,"column":64}},"loc":{"start":{"line":29,"column":86},"end":{"line":44,"column":9}},"line":29},"2":{"name":"(anonymous_2)","decl":{"start":{"line":63,"column":13},"end":{"line":63,"column":14}},"loc":{"start":{"line":63,"column":48},"end":{"line":80,"column":1}},"line":63}},"branchMap":{"0":{"loc":{"start":{"line":20,"column":8},"end":{"line":24,"column":11}},"type":"if","locations":[{"start":{"line":20,"column":8},"end":{"line":24,"column":11}},{"start":{"line":20,"column":8},"end":{"line":24,"column":11}}],"line":20},"1":{"loc":{"start":{"line":30,"column":12},"end":{"line":34,"column":15}},"type":"if","locations":[{"start":{"line":30,"column":12},"end":{"line":34,"column":15}},{"start":{"line":30,"column":12},"end":{"line":34,"column":15}}],"line":30},"2":{"loc":{"start":{"line":37,"column":12},"end":{"line":43,"column":26}},"type":"if","locations":[{"start":{"line":37,"column":12},"end":{"line":43,"column":26}},{"start":{"line":37,"column":12},"end":{"line":43,"column":26}}],"line":37}},"s":{"0":1,"1":1,"2":1,"3":1,"4":1,"5":5,"6":5,"7":5,"8":5,"9":5,"10":5,"11":0,"12":5,"13":5,"14":5,"15":5,"16":5,"17":0,"18":5,"19":5,"20":0,"21":5,"22":0,"23":0,"24":1,"25":1,"26":0,"27":0,"28":0,"29":0,"30":0,"31":0,"32":0,"33":0,"34":0,"35":0,"36":0,"37":0},"f":{"0":5,"1":5,"2":0},"b":{"0":[0,5],"1":[0,5],"2":[0,5]},"_coverageSchema":"1a1c01bbd47fc00a2c39e90264f33305004495a9","hash":"d57df4a03fd49694ab817da3aeeaf7aee0918845"}
,"/home/conun/conun_network/conun-blockchain-middleware/models/profile/user.js": {"path":"/home/conun/conun_network/conun-blockchain-middleware/models/profile/user.js","statementMap":{"0":{"start":{"line":1,"column":12},"end":{"line":1,"column":26}},"1":{"start":{"line":2,"column":17},"end":{"line":2,"column":36}},"2":{"start":{"line":3,"column":12},"end":{"line":3,"column":35}},"3":{"start":{"line":4,"column":15},"end":{"line":4,"column":32}},"4":{"start":{"line":6,"column":19},"end":{"line":45,"column":2}},"5":{"start":{"line":47,"column":0},"end":{"line":49,"column":1}},"6":{"start":{"line":48,"column":4},"end":{"line":48,"column":147}},"7":{"start":{"line":51,"column":13},"end":{"line":51,"column":47}},"8":{"start":{"line":55,"column":19},"end":{"line":63,"column":6}},"9":{"start":{"line":64,"column":4},"end":{"line":64,"column":33}},"10":{"start":{"line":67,"column":0},"end":{"line":67,"column":20}},"11":{"start":{"line":68,"column":0},"end":{"line":68,"column":32}}},"fnMap":{"0":{"name":"(anonymous_0)","decl":{"start":{"line":47,"column":39},"end":{"line":47,"column":40}},"loc":{"start":{"line":47,"column":51},"end":{"line":49,"column":1}},"line":47},"1":{"name":"validateUser","decl":{"start":{"line":54,"column":9},"end":{"line":54,"column":21}},"loc":{"start":{"line":54,"column":28},"end":{"line":65,"column":1}},"line":54}},"branchMap":{},"s":{"0":1,"1":1,"2":1,"3":1,"4":1,"5":1,"6":0,"7":1,"8":0,"9":0,"10":1,"11":1},"f":{"0":0,"1":0},"b":{},"_coverageSchema":"1a1c01bbd47fc00a2c39e90264f33305004495a9","hash":"16a3ba9b4c145eb89071f844b9d37dcf60146c7b"}
[...]
,"/home/conun/conun_network/conun-blockchain-middleware/startup/config.js": {"path":"/home/conun/conun_network/conun-blockchain-middleware/startup/config.js","statementMap":{"0":{"start":{"line":1,"column":15},"end":{"line":1,"column":32}},"1":{"start":{"line":3,"column":0},"end":{"line":7,"column":1}},"2":{"start":{"line":4,"column":4},"end":{"line":6,"column":5}},"3":{"start":{"line":5,"column":8},"end":{"line":5,"column":66}}},"fnMap":{"0":{"name":"(anonymous_0)","decl":{"start":{"line":3,"column":17},"end":{"line":3,"column":18}},"loc":{"start":{"line":3,"column":29},"end":{"line":7,"column":1}},"line":3}},"branchMap":{"0":{"loc":{"start":{"line":4,"column":4},"end":{"line":6,"column":5}},"type":"if","locations":[{"start":{"line":4,"column":4},"end":{"line":6,"column":5}},{"start":{"line":4,"column":4},"end":{"line":6,"column":5}}],"line":4}},"s":{"0":1,"1":1,"2":1,"3":0},"f":{"0":1},"b":{"0":[0,1]},"_coverageSchema":"1a1c01bbd47fc00a2c39e90264f33305004495a9","hash":"59945c18ad7db271d75601c6c72d74864e65aef7"}
,"/home/conun/conun_network/conun-blockchain-middleware/startup/db.js": {"path":"/home/conun/conun_network/conun-blockchain-middleware/startup/db.js","statementMap":{"0":{"start":{"line":1,"column":17},"end":{"line":1,"column":36}},"1":{"start":{"line":2,"column":15},"end":{"line":2,"column":32}},"2":{"start":{"line":4,"column":0},"end":{"line":12,"column":1}},"3":{"start":{"line":5,"column":4},"end":{"line":8,"column":11}},"4":{"start":{"line":7,"column":12},"end":{"line":7,"column":50}},"5":{"start":{"line":9,"column":4},"end":{"line":9,"column":44}},"6":{"start":{"line":10,"column":4},"end":{"line":10,"column":41}}},"fnMap":{"0":{"name":"(anonymous_0)","decl":{"start":{"line":4,"column":17},"end":{"line":4,"column":18}},"loc":{"start":{"line":4,"column":29},"end":{"line":12,"column":1}},"line":4},"1":{"name":"(anonymous_1)","decl":{"start":{"line":6,"column":14},"end":{"line":6,"column":15}},"loc":{"start":{"line":6,"column":20},"end":{"line":8,"column":9}},"line":6}},"branchMap":{},"s":{"0":1,"1":1,"2":1,"3":1,"4":1,"5":1,"6":1},"f":{"0":1,"1":1},"b":{},"_coverageSchema":"1a1c01bbd47fc00a2c39e90264f33305004495a9","hash":"2479b90c3ad20132882dcff96578c21057686644"}
,"/home/conun/conun_network/conun-blockchain-middleware/startup/logging.js": {"path":"/home/conun/conun_network/conun-blockchain-middleware/startup/logging.js","statementMap":{"0":{"start":{"line":1,"column":0},"end":{"line":1,"column":32}},"1":{"start":{"line":2,"column":0},"end":{"line":2,"column":27}},"2":{"start":{"line":3,"column":16},"end":{"line":3,"column":34}},"3":{"start":{"line":4,"column":15},"end":{"line":4,"column":32}},"4":{"start":{"line":5,"column":14},"end":{"line":26,"column":1}},"5":{"start":{"line":28,"column":15},"end":{"line":34,"column":2}},"6":{"start":{"line":36,"column":0},"end":{"line":36,"column":32}},"7":{"start":{"line":37,"column":0},"end":{"line":37,"column":35}},"8":{"start":{"line":39,"column":0},"end":{"line":41,"column":2}},"9":{"start":{"line":40,"column":4},"end":{"line":40,"column":47}},"10":{"start":{"line":43,"column":0},"end":{"line":43,"column":25}}},"fnMap":{"0":{"name":"(anonymous_0)","decl":{"start":{"line":39,"column":32},"end":{"line":39,"column":33}},"loc":{"start":{"line":39,"column":38},"end":{"line":41,"column":1}},"line":39}},"branchMap":{},"s":{"0":1,"1":1,"2":1,"3":1,"4":1,"5":1,"6":1,"7":1,"8":1,"9":0,"10":1},"f":{"0":0},"b":{},"_coverageSchema":"1a1c01bbd47fc00a2c39e90264f33305004495a9","hash":"09f32bdf2f3121a95135a727cf51c9ac56402665"}
,"/home/conun/conun_network/conun-blockchain-middleware/startup/routes.v1.js": {"path":"/home/conun/conun_network/conun-blockchain-middleware/startup/routes.v1.js","statementMap":{"0":{"start":{"line":1,"column":16},"end":{"line":1,"column":34}},"1":{"start":{"line":2,"column":19},"end":{"line":2,"column":52}},"2":{"start":{"line":3,"column":18},"end":{"line":3,"column":51}},"3":{"start":{"line":4,"column":19},"end":{"line":4,"column":53}},"4":{"start":{"line":5,"column":19},"end":{"line":5,"column":55}},"5":{"start":{"line":6,"column":19},"end":{"line":6,"column":55}},"6":{"start":{"line":7,"column":19},"end":{"line":7,"column":49}},"7":{"start":{"line":9,"column":0},"end":{"line":17,"column":1}},"8":{"start":{"line":10,"column":4},"end":{"line":10,"column":28}},"9":{"start":{"line":11,"column":4},"end":{"line":11,"column":41}},"10":{"start":{"line":12,"column":4},"end":{"line":12,"column":39}},"11":{"start":{"line":13,"column":4},"end":{"line":13,"column":41}},"12":{"start":{"line":14,"column":4},"end":{"line":14,"column":45}},"13":{"start":{"line":15,"column":4},"end":{"line":15,"column":41}},"14":{"start":{"line":16,"column":4},"end":{"line":16,"column":41}}},"fnMap":{"0":{"name":"(anonymous_0)","decl":{"start":{"line":9,"column":17},"end":{"line":9,"column":18}},"loc":{"start":{"line":9,"column":32},"end":{"line":17,"column":1}},"line":9}},"branchMap":{},"s":{"0":1,"1":1,"2":1,"3":1,"4":1,"5":1,"6":1,"7":1,"8":1,"9":1,"10":1,"11":1,"12":1,"13":1,"14":1},"f":{"0":1},"b":{},"_coverageSchema":"1a1c01bbd47fc00a2c39e90264f33305004495a9","hash":"ecd7d10cb12e99e41b55471ed6320947ee3ec7ef"}
,"/home/conun/conun_network/conun-blockchain-middleware/test/jMeter/invoke.js": {"path":"/home/conun/conun_network/conun-blockchain-middleware/test/jMeter/invoke.js","statementMap":{"0":{"start":{"line":1,"column":16},"end":{"line":1,"column":34}},"1":{"start":{"line":2,"column":15},"end":{"line":2,"column":31}},"2":{"start":{"line":3,"column":10},"end":{"line":3,"column":27}},"3":{"start":{"line":4,"column":22},"end":{"line":4,"column":49}},"4":{"start":{"line":5,"column":21},"end":{"line":5,"column":47}},"5":{"start":{"line":6,"column":15},"end":{"line":6,"column":32}},"6":{"start":{"line":9,"column":22},"end":{"line":9,"column":47}},"7":{"start":{"line":10,"column":4},"end":{"line":43,"column":5}},"8":{"start":{"line":12,"column":12},"end":{"line":23,"column":14}},"9":{"start":{"line":13,"column":29},"end":{"line":21,"column":18}},"10":{"start":{"line":22,"column":16},"end":{"line":22,"column":32}},"11":{"start":{"line":25,"column":12},"end":{"line":35,"column":14}},"12":{"start":{"line":26,"column":29},"end":{"line":33,"column":18}},"13":{"start":{"line":34,"column":16},"end":{"line":34,"column":31}},"14":{"start":{"line":37,"column":25},"end":{"line":37,"column":46}},"15":{"start":{"line":38,"column":12},"end":{"line":41,"column":13}},"16":{"start":{"line":39,"column":16},"end":{"line":39,"column":47}},"17":{"start":{"line":40,"column":16},"end":{"line":40,"column":31}},"18":{"start":{"line":47,"column":23},"end":{"line":47,"column":48}},"19":{"start":{"line":48,"column":4},"end":{"line":72,"column":5}},"20":{"start":{"line":50,"column":12},"end":{"line":60,"column":14}},"21":{"start":{"line":51,"column":16},"end":{"line":51,"column":46}},"22":{"start":{"line":52,"column":29},"end":{"line":58,"column":18}},"23":{"start":{"line":59,"column":16},"end":{"line":59,"column":31}},"24":{"start":{"line":62,"column":12},"end":{"line":64,"column":14}},"25":{"start":{"line":66,"column":25},"end":{"line":66,"column":47}},"26":{"start":{"line":67,"column":12},"end":{"line":70,"column":13}},"27":{"start":{"line":68,"column":16},"end":{"line":68,"column":48}},"28":{"start":{"line":69,"column":16},"end":{"line":69,"column":31}},"29":{"start":{"line":75,"column":0},"end":{"line":94,"column":3}},"30":{"start":{"line":76,"column":4},"end":{"line":93,"column":5}},"31":{"start":{"line":77,"column":8},"end":{"line":77,"column":42}},"32":{"start":{"line":78,"column":23},"end":{"line":78,"column":58}},"33":{"start":{"line":79,"column":8},"end":{"line":79,"column":50}},"34":{"start":{"line":80,"column":8},"end":{"line":85,"column":10}},"35":{"start":{"line":87,"column":33},"end":{"line":91,"column":9}},"36":{"start":{"line":92,"column":8},"end":{"line":92,"column":46}},"37":{"start":{"line":96,"column":0},"end":{"line":114,"column":3}},"38":{"start":{"line":97,"column":4},"end":{"line":113,"column":5}},"39":{"start":{"line":98,"column":23},"end":{"line":98,"column":58}},"40":{"start":{"line":99,"column":8},"end":{"line":99,"column":44}},"41":{"start":{"line":100,"column":33},"end":{"line":104,"column":9}},"42":{"start":{"line":105,"column":8},"end":{"line":105,"column":47}},"43":{"start":{"line":107,"column":33},"end":{"line":111,"column":9}},"44":{"start":{"line":112,"column":8},"end":{"line":112,"column":47}},"45":{"start":{"line":116,"column":0},"end":{"line":116,"column":24}}},"fnMap":{"0":{"name":"CallInvoke","decl":{"start":{"line":8,"column":9},"end":{"line":8,"column":19}},"loc":{"start":{"line":8,"column":32},"end":{"line":44,"column":1}},"line":8},"1":{"name":"(anonymous_1)","decl":{"start":{"line":11,"column":8},"end":{"line":11,"column":9}},"loc":{"start":{"line":11,"column":29},"end":{"line":42,"column":9}},"line":11},"2":{"name":"(anonymous_2)","decl":{"start":{"line":12,"column":37},"end":{"line":12,"column":38}},"loc":{"start":{"line":12,"column":49},"end":{"line":23,"column":13}},"line":12},"3":{"name":"(anonymous_3)","decl":{"start":{"line":25,"column":33},"end":{"line":25,"column":34}},"loc":{"start":{"line":25,"column":45},"end":{"line":35,"column":13}},"line":25},"4":{"name":"CallQuery","decl":{"start":{"line":46,"column":9},"end":{"line":46,"column":18}},"loc":{"start":{"line":46,"column":31},"end":{"line":73,"column":1}},"line":46},"5":{"name":"(anonymous_5)","decl":{"start":{"line":49,"column":8},"end":{"line":49,"column":9}},"loc":{"start":{"line":49,"column":29},"end":{"line":71,"column":9}},"line":49},"6":{"name":"(anonymous_6)","decl":{"start":{"line":50,"column":39},"end":{"line":50,"column":40}},"loc":{"start":{"line":50,"column":51},"end":{"line":60,"column":13}},"line":50},"7":{"name":"(anonymous_7)","decl":{"start":{"line":62,"column":41},"end":{"line":62,"column":42}},"loc":{"start":{"line":62,"column":53},"end":{"line":64,"column":13}},"line":62},"8":{"name":"(anonymous_8)","decl":{"start":{"line":75,"column":64},"end":{"line":75,"column":65}},"loc":{"start":{"line":75,"column":84},"end":{"line":94,"column":1}},"line":75},"9":{"name":"(anonymous_9)","decl":{"start":{"line":96,"column":63},"end":{"line":96,"column":64}},"loc":{"start":{"line":96,"column":83},"end":{"line":114,"column":1}},"line":96}},"branchMap":{"0":{"loc":{"start":{"line":38,"column":12},"end":{"line":41,"column":13}},"type":"if","locations":[{"start":{"line":38,"column":12},"end":{"line":41,"column":13}},{"start":{"line":38,"column":12},"end":{"line":41,"column":13}}],"line":38},"1":{"loc":{"start":{"line":67,"column":12},"end":{"line":70,"column":13}},"type":"if","locations":[{"start":{"line":67,"column":12},"end":{"line":70,"column":13}},{"start":{"line":67,"column":12},"end":{"line":70,"column":13}}],"line":67}},"s":{"0":1,"1":1,"2":1,"3":1,"4":1,"5":1,"6":0,"7":0,"8":0,"9":0,"10":0,"11":0,"12":0,"13":0,"14":0,"15":0,"16":0,"17":0,"18":0,"19":0,"20":0,"21":0,"22":0,"23":0,"24":0,"25":0,"26":0,"27":0,"28":0,"29":1,"30":0,"31":0,"32":0,"33":0,"34":0,"35":0,"36":0,"37":1,"38":0,"39":0,"40":0,"41":0,"42":0,"43":0,"44":0,"45":1},"f":{"0":0,"1":0,"2":0,"3":0,"4":0,"5":0,"6":0,"7":0,"8":0,"9":0},"b":{"0":[0,0],"1":[0,0]},"_coverageSchema":"1a1c01bbd47fc00a2c39e90264f33305004495a9","hash":"b0bdd1f1f7230b2e2ce4ccbee3470fd329ae3859"}
,"/home/conun/conun_network/conun-blockchain-middleware/test/jMeter/routes.v1.js": {"path":"/home/conun/conun_network/conun-blockchain-middleware/test/jMeter/routes.v1.js","statementMap":{"0":{"start":{"line":1,"column":16},"end":{"line":1,"column":34}},"1":{"start":{"line":2,"column":19},"end":{"line":2,"column":36}},"2":{"start":{"line":3,"column":24},"end":{"line":3,"column":43}},"3":{"start":{"line":5,"column":0},"end":{"line":9,"column":1}},"4":{"start":{"line":6,"column":4},"end":{"line":6,"column":28}},"5":{"start":{"line":7,"column":4},"end":{"line":7,"column":44}},"6":{"start":{"line":8,"column":4},"end":{"line":8,"column":53}}},"fnMap":{"0":{"name":"(anonymous_0)","decl":{"start":{"line":5,"column":17},"end":{"line":5,"column":18}},"loc":{"start":{"line":5,"column":32},"end":{"line":9,"column":1}},"line":5}},"branchMap":{},"s":{"0":1,"1":1,"2":1,"3":1,"4":1,"5":1,"6":1},"f":{"0":1},"b":{},"_coverageSchema":"1a1c01bbd47fc00a2c39e90264f33305004495a9","hash":"7a5a454cc1e60fb7efba15312a31d3654e430594"}
,"/home/conun/conun_network/conun-blockchain-middleware/test/jMeter/user.js": {"path":"/home/conun/conun_network/conun-blockchain-middleware/test/jMeter/user.js","statementMap":{"0":{"start":{"line":1,"column":25},"end":{"line":1,"column":61}},"1":{"start":{"line":2,"column":16},"end":{"line":2,"column":34}},"2":{"start":{"line":3,"column":15},"end":{"line":3,"column":32}},"3":{"start":{"line":4,"column":15},"end":{"line":4,"column":31}},"4":{"start":{"line":5,"column":10},"end":{"line":5,"column":27}},"5":{"start":{"line":6,"column":15},"end":{"line":6,"column":55}},"6":{"start":{"line":8,"column":24},"end":{"line":8,"column":67}},"7":{"start":{"line":10,"column":0},"end":{"line":61,"column":3}},"8":{"start":{"line":11,"column":22},"end":{"line":11,"column":40}},"9":{"start":{"line":12,"column":4},"end":{"line":13,"column":84}},"10":{"start":{"line":13,"column":8},"end":{"line":13,"column":84}},"11":{"start":{"line":14,"column":4},"end":{"line":15,"column":63}},"12":{"start":{"line":15,"column":8},"end":{"line":15,"column":63}},"13":{"start":{"line":16,"column":15},"end":{"line":16,"column":60}},"14":{"start":{"line":17,"column":4},"end":{"line":18,"column":80}},"15":{"start":{"line":18,"column":8},"end":{"line":18,"column":80}},"16":{"start":{"line":19,"column":4},"end":{"line":60,"column":5}},"17":{"start":{"line":20,"column":29},"end":{"line":20,"column":52}},"18":{"start":{"line":21,"column":22},"end":{"line":21,"column":38}},"19":{"start":{"line":22,"column":19},"end":{"line":22,"column":32}},"20":{"start":{"line":23,"column":20},"end":{"line":23,"column":34}},"21":{"start":{"line":24,"column":26},"end":{"line":30,"column":10}},"22":{"start":{"line":31,"column":8},"end":{"line":56,"column":9}},"23":{"start":{"line":31,"column":21},"end":{"line":31,"column":22}},"24":{"start":{"line":32,"column":12},"end":{"line":32,"column":89}},"25":{"start":{"line":33,"column":12},"end":{"line":40,"column":15}},"26":{"start":{"line":42,"column":23},"end":{"line":47,"column":13}},"27":{"start":{"line":49,"column":12},"end":{"line":51,"column":81}},"28":{"start":{"line":51,"column":27},"end":{"line":51,"column":79}},"29":{"start":{"line":53,"column":25},"end":{"line":53,"column":47}},"30":{"start":{"line":54,"column":12},"end":{"line":54,"column":67}},"31":{"start":{"line":55,"column":12},"end":{"line":55,"column":30}},"32":{"start":{"line":57,"column":8},"end":{"line":57,"column":68}},"33":{"start":{"line":59,"column":8},"end":{"line":59,"column":87}},"34":{"start":{"line":63,"column":0},"end":{"line":63,"column":24}}},"fnMap":{"0":{"name":"(anonymous_0)","decl":{"start":{"line":10,"column":17},"end":{"line":10,"column":18}},"loc":{"start":{"line":10,"column":37},"end":{"line":61,"column":1}},"line":10},"1":{"name":"(anonymous_1)","decl":{"start":{"line":51,"column":22},"end":{"line":51,"column":23}},"loc":{"start":{"line":51,"column":27},"end":{"line":51,"column":79}},"line":51}},"branchMap":{"0":{"loc":{"start":{"line":12,"column":4},"end":{"line":13,"column":84}},"type":"if","locations":[{"start":{"line":12,"column":4},"end":{"line":13,"column":84}},{"start":{"line":12,"column":4},"end":{"line":13,"column":84}}],"line":12},"1":{"loc":{"start":{"line":14,"column":4},"end":{"line":15,"column":63}},"type":"if","locations":[{"start":{"line":14,"column":4},"end":{"line":15,"column":63}},{"start":{"line":14,"column":4},"end":{"line":15,"column":63}}],"line":14},"2":{"loc":{"start":{"line":17,"column":4},"end":{"line":18,"column":80}},"type":"if","locations":[{"start":{"line":17,"column":4},"end":{"line":18,"column":80}},{"start":{"line":17,"column":4},"end":{"line":18,"column":80}}],"line":17}},"s":{"0":1,"1":1,"2":1,"3":1,"4":1,"5":1,"6":1,"7":1,"8":0,"9":0,"10":0,"11":0,"12":0,"13":0,"14":0,"15":0,"16":0,"17":0,"18":0,"19":0,"20":0,"21":0,"22":0,"23":0,"24":0,"25":0,"26":0,"27":0,"28":0,"29":0,"30":0,"31":0,"32":0,"33":0,"34":1},"f":{"0":0,"1":0},"b":{"0":[0,0],"1":[0,0],"2":[0,0]},"_coverageSchema":"1a1c01bbd47fc00a2c39e90264f33305004495a9","hash":"10a99fcbb1728b37920c75a37a6cc045c8bfd323"}
,"/home/conun/conun_network/conun-blockchain-middleware/utils/crypto/encryption.algorithm.js": {"path":"/home/conun/conun_network/conun-blockchain-middleware/utils/crypto/encryption.algorithm.js","statementMap":{"0":{"start":{"line":1,"column":15},"end":{"line":1,"column":32}},"1":{"start":{"line":4,"column":21},"end":{"line":4,"column":104}},"2":{"start":{"line":5,"column":15},"end":{"line":5,"column":98}},"3":{"start":{"line":6,"column":4},"end":{"line":9,"column":5}},"4":{"start":{"line":12,"column":0},"end":{"line":37,"column":1}},"5":{"start":{"line":14,"column":8},"end":{"line":23,"column":9}},"6":{"start":{"line":15,"column":26},"end":{"line":15,"column":42}},"7":{"start":{"line":16,"column":25},"end":{"line":16,"column":90}},"8":{"start":{"line":17,"column":28},"end":{"line":17,"column":65}},"9":{"start":{"line":18,"column":12},"end":{"line":18,"column":48}},"10":{"start":{"line":19,"column":12},"end":{"line":19,"column":29}},"11":{"start":{"line":21,"column":12},"end":{"line":21,"column":54}},"12":{"start":{"line":22,"column":12},"end":{"line":22,"column":24}},"13":{"start":{"line":27,"column":8},"end":{"line":35,"column":9}},"14":{"start":{"line":28,"column":26},"end":{"line":28,"column":42}},"15":{"start":{"line":29,"column":27},"end":{"line":29,"column":94}},"16":{"start":{"line":30,"column":28},"end":{"line":30,"column":72}},"17":{"start":{"line":31,"column":12},"end":{"line":31,"column":56}},"18":{"start":{"line":33,"column":12},"end":{"line":33,"column":54}},"19":{"start":{"line":34,"column":12},"end":{"line":34,"column":24}}},"fnMap":{"0":{"name":"getKey","decl":{"start":{"line":3,"column":9},"end":{"line":3,"column":15}},"loc":{"start":{"line":3,"column":26},"end":{"line":10,"column":1}},"line":3},"1":{"name":"(anonymous_1)","decl":{"start":{"line":13,"column":17},"end":{"line":13,"column":18}},"loc":{"start":{"line":13,"column":37},"end":{"line":24,"column":5}},"line":13},"2":{"name":"(anonymous_2)","decl":{"start":{"line":26,"column":17},"end":{"line":26,"column":18}},"loc":{"start":{"line":26,"column":42},"end":{"line":36,"column":5}},"line":26}},"branchMap":{},"s":{"0":1,"1":0,"2":0,"3":0,"4":1,"5":0,"6":0,"7":0,"8":0,"9":0,"10":0,"11":0,"12":0,"13":0,"14":0,"15":0,"16":0,"17":0,"18":0,"19":0},"f":{"0":0,"1":0,"2":0},"b":{},"_coverageSchema":"1a1c01bbd47fc00a2c39e90264f33305004495a9","hash":"34a2d52c18ed69ef38a01672f56daeed390661ef"}
}
