TN:
SF:app.js
FN:10,(anonymous_0)
FN:40,(anonymous_1)
FN:52,(anonymous_2)
FNF:3
FNH:2
FNDA:11,(anonymous_0)
FNDA:0,(anonymous_1)
FNDA:1,(anonymous_2)
DA:2,1
DA:3,1
DA:4,1
DA:5,1
DA:6,1
DA:7,1
DA:8,1
DA:10,1
DA:11,11
DA:12,11
DA:15,1
DA:21,1
DA:22,1
DA:24,1
DA:25,1
DA:29,1
DA:30,1
DA:31,1
DA:32,1
DA:33,1
DA:35,1
DA:36,1
DA:40,1
DA:41,0
DA:44,1
DA:46,1
DA:47,1
DA:49,0
DA:52,1
DA:53,1
DA:55,1
DA:57,1
LF:32
LH:30
BRDA:35,0,0,1
BRDA:35,0,1,0
BRDA:46,1,0,1
BRDA:46,1,1,0
BRF:4
BRH:2
end_of_record
TN:
SF:app/invoke.js
FN:6,(anonymous_0)
FN:28,(anonymous_1)
FN:52,(anonymous_2)
FN:76,(anonymous_3)
FNF:4
FNH:2
FNDA:1,(anonymous_0)
FNDA:0,(anonymous_1)
FNDA:1,(anonymous_2)
FNDA:0,(anonymous_3)
DA:1,1
DA:2,1
DA:5,1
DA:7,1
DA:8,1
DA:9,1
DA:10,1
DA:12,1
DA:13,1
DA:16,1
DA:17,1
DA:19,1
DA:20,0
DA:21,0
DA:23,1
DA:24,1
DA:29,0
DA:30,0
DA:31,0
DA:33,0
DA:34,0
DA:37,0
DA:38,0
DA:40,0
DA:42,0
DA:44,0
DA:47,0
DA:48,0
DA:53,1
DA:54,1
DA:55,1
DA:57,1
DA:58,1
DA:61,1
DA:62,1
DA:64,1
DA:66,1
DA:68,1
DA:71,0
DA:72,0
DA:77,0
DA:78,0
DA:79,0
DA:81,0
DA:82,0
DA:85,0
DA:86,0
DA:88,0
DA:89,0
DA:91,0
DA:93,0
DA:94,0
LF:52
LH:24
BRDA:9,0,0,0
BRDA:9,0,1,1
BRF:2
BRH:1
end_of_record
TN:
SF:app/query.js
FN:5,(anonymous_0)
FN:28,(anonymous_1)
FN:45,(anonymous_2)
FN:62,(anonymous_3)
FNF:4
FNH:0
FNDA:0,(anonymous_0)
FNDA:0,(anonymous_1)
FNDA:0,(anonymous_2)
FNDA:0,(anonymous_3)
DA:1,1
DA:2,1
DA:4,1
DA:6,0
DA:7,0
DA:8,0
DA:10,0
DA:11,0
DA:14,0
DA:17,0
DA:19,0
DA:20,0
DA:21,0
DA:23,0
DA:24,0
DA:29,0
DA:30,0
DA:31,0
DA:32,0
DA:33,0
DA:34,0
DA:35,0
DA:36,0
DA:37,0
DA:38,0
DA:40,0
DA:41,0
DA:46,0
DA:47,0
DA:48,0
DA:49,0
DA:50,0
DA:51,0
DA:52,0
DA:53,0
DA:54,0
DA:55,0
DA:57,0
DA:58,0
DA:63,0
DA:64,0
DA:65,0
DA:67,0
DA:68,0
DA:71,0
DA:83,0
DA:85,0
DA:86,0
DA:88,0
DA:89,0
LF:50
LH:3
BRF:0
BRH:0
end_of_record
TN:
SF:app/drive/invoke.js
FN:6,(anonymous_0)
FN:12,(anonymous_1)
FN:23,(anonymous_2)
FN:27,(anonymous_3)
FN:37,(anonymous_4)
FN:51,(anonymous_5)
FN:62,(anonymous_6)
FN:76,(anonymous_7)
FN:80,(anonymous_8)
FN:82,(anonymous_9)
FN:84,(anonymous_10)
FN:87,(anonymous_11)
FN:97,(anonymous_12)
FN:102,(anonymous_13)
FN:104,(anonymous_14)
FN:107,(anonymous_15)
FN:110,(anonymous_16)
FN:120,(anonymous_17)
FN:125,(anonymous_18)
FN:127,(anonymous_19)
FN:130,(anonymous_20)
FN:133,(anonymous_21)
FN:144,(anonymous_22)
FN:149,(anonymous_23)
FN:151,(anonymous_24)
FN:154,(anonymous_25)
FN:157,(anonymous_26)
FNF:27
FNH:0
FNDA:0,(anonymous_0)
FNDA:0,(anonymous_1)
FNDA:0,(anonymous_2)
FNDA:0,(anonymous_3)
FNDA:0,(anonymous_4)
FNDA:0,(anonymous_5)
FNDA:0,(anonymous_6)
FNDA:0,(anonymous_7)
FNDA:0,(anonymous_8)
FNDA:0,(anonymous_9)
FNDA:0,(anonymous_10)
FNDA:0,(anonymous_11)
FNDA:0,(anonymous_12)
FNDA:0,(anonymous_13)
FNDA:0,(anonymous_14)
FNDA:0,(anonymous_15)
FNDA:0,(anonymous_16)
FNDA:0,(anonymous_17)
FNDA:0,(anonymous_18)
FNDA:0,(anonymous_19)
FNDA:0,(anonymous_20)
FNDA:0,(anonymous_21)
FNDA:0,(anonymous_22)
FNDA:0,(anonymous_23)
FNDA:0,(anonymous_24)
FNDA:0,(anonymous_25)
FNDA:0,(anonymous_26)
DA:1,1
DA:2,1
DA:7,0
DA:8,0
DA:9,0
DA:13,0
DA:15,0
DA:16,0
DA:19,0
DA:20,0
DA:24,0
DA:28,0
DA:29,0
DA:30,0
DA:32,0
DA:33,0
DA:38,0
DA:39,0
DA:40,0
DA:41,0
DA:42,0
DA:44,0
DA:46,0
DA:47,0
DA:52,0
DA:53,0
DA:54,0
DA:56,0
DA:57,0
DA:63,0
DA:64,0
DA:65,0
DA:67,0
DA:68,0
DA:75,1
DA:77,0
DA:78,0
DA:79,0
DA:80,0
DA:81,0
DA:83,0
DA:85,0
DA:86,0
DA:88,0
DA:92,0
DA:93,0
DA:98,0
DA:99,0
DA:100,0
DA:101,0
DA:102,0
DA:103,0
DA:105,0
DA:106,0
DA:108,0
DA:109,0
DA:111,0
DA:115,0
DA:116,0
DA:121,0
DA:122,0
DA:123,0
DA:124,0
DA:125,0
DA:126,0
DA:128,0
DA:129,0
DA:131,0
DA:132,0
DA:134,0
DA:138,0
DA:139,0
DA:145,0
DA:146,0
DA:147,0
DA:148,0
DA:149,0
DA:150,0
DA:152,0
DA:153,0
DA:155,0
DA:156,0
DA:158,0
DA:162,0
DA:163,0
LF:85
LH:3
BRF:0
BRH:0
end_of_record
TN:
SF:app/drive/query.js
FN:8,(anonymous_0)
FN:14,(anonymous_1)
FN:25,(anonymous_2)
FN:29,(anonymous_3)
FN:40,(anonymous_4)
FN:51,(anonymous_5)
FN:66,(anonymous_6)
FN:70,(anonymous_7)
FN:72,(anonymous_8)
FN:74,(anonymous_9)
FN:77,(anonymous_10)
FN:87,(anonymous_11)
FN:91,(anonymous_12)
FN:93,(anonymous_13)
FN:95,(anonymous_14)
FN:98,(anonymous_15)
FN:108,(anonymous_16)
FN:112,(anonymous_17)
FN:114,(anonymous_18)
FN:116,(anonymous_19)
FN:119,(anonymous_20)
FNF:21
FNH:0
FNDA:0,(anonymous_0)
FNDA:0,(anonymous_1)
FNDA:0,(anonymous_2)
FNDA:0,(anonymous_3)
FNDA:0,(anonymous_4)
FNDA:0,(anonymous_5)
FNDA:0,(anonymous_6)
FNDA:0,(anonymous_7)
FNDA:0,(anonymous_8)
FNDA:0,(anonymous_9)
FNDA:0,(anonymous_10)
FNDA:0,(anonymous_11)
FNDA:0,(anonymous_12)
FNDA:0,(anonymous_13)
FNDA:0,(anonymous_14)
FNDA:0,(anonymous_15)
FNDA:0,(anonymous_16)
FNDA:0,(anonymous_17)
FNDA:0,(anonymous_18)
FNDA:0,(anonymous_19)
FNDA:0,(anonymous_20)
DA:1,1
DA:2,1
DA:9,0
DA:10,0
DA:11,0
DA:15,0
DA:17,0
DA:18,0
DA:21,0
DA:22,0
DA:26,0
DA:30,0
DA:31,0
DA:32,0
DA:33,0
DA:35,0
DA:36,0
DA:41,0
DA:42,0
DA:43,0
DA:44,0
DA:46,0
DA:47,0
DA:52,0
DA:53,0
DA:54,0
DA:55,0
DA:57,0
DA:58,0
DA:65,1
DA:67,0
DA:68,0
DA:69,0
DA:70,0
DA:71,0
DA:73,0
DA:75,0
DA:76,0
DA:78,0
DA:82,0
DA:83,0
DA:88,0
DA:89,0
DA:90,0
DA:91,0
DA:92,0
DA:94,0
DA:96,0
DA:97,0
DA:99,0
DA:103,0
DA:104,0
DA:109,0
DA:110,0
DA:111,0
DA:112,0
DA:113,0
DA:115,0
DA:117,0
DA:118,0
DA:120,0
DA:124,0
DA:125,0
LF:63
LH:3
BRF:0
BRH:0
end_of_record
TN:
SF:app/helper/conection.js
FN:9,connectionOrg
FNF:1
FNH:1
FNDA:2,connectionOrg
DA:1,1
DA:2,1
DA:3,1
DA:5,1
DA:6,1
DA:7,1
DA:10,2
DA:11,2
DA:14,2
DA:15,2
DA:16,2
DA:19,2
DA:21,2
DA:23,2
DA:31,2
DA:35,2
DA:42,0
DA:46,1
LF:18
LH:17
BRDA:21,0,0,0
BRDA:21,0,1,2
BRF:2
BRH:1
end_of_record
TN:
SF:app/helper/token.helper.js
FN:15,(anonymous_0)
FN:49,(anonymous_1)
FN:50,(anonymous_2)
FN:69,(anonymous_3)
FN:105,(anonymous_4)
FN:106,(anonymous_5)
FN:125,(anonymous_6)
FN:178,(anonymous_7)
FNF:8
FNH:0
FNDA:0,(anonymous_0)
FNDA:0,(anonymous_1)
FNDA:0,(anonymous_2)
FNDA:0,(anonymous_3)
FNDA:0,(anonymous_4)
FNDA:0,(anonymous_5)
FNDA:0,(anonymous_6)
FNDA:0,(anonymous_7)
DA:3,1
DA:4,1
DA:5,1
DA:6,1
DA:7,1
DA:8,1
DA:10,1
DA:11,1
DA:12,1
DA:15,1
DA:16,0
DA:17,0
DA:18,0
DA:19,0
DA:20,0
DA:21,0
DA:23,0
DA:25,0
DA:26,0
DA:28,0
DA:29,0
DA:30,0
DA:32,0
DA:33,0
DA:34,0
DA:35,0
DA:36,0
DA:37,0
DA:39,0
DA:40,0
DA:42,0
DA:44,0
DA:45,0
DA:48,0
DA:49,0
DA:50,0
DA:51,0
DA:52,0
DA:53,0
DA:54,0
DA:61,0
DA:64,0
DA:65,0
DA:69,1
DA:70,0
DA:72,0
DA:73,0
DA:74,0
DA:75,0
DA:76,0
DA:79,0
DA:81,0
DA:82,0
DA:84,0
DA:85,0
DA:86,0
DA:88,0
DA:89,0
DA:90,0
DA:91,0
DA:92,0
DA:93,0
DA:95,0
DA:96,0
DA:98,0
DA:100,0
DA:101,0
DA:104,0
DA:105,0
DA:106,0
DA:107,0
DA:108,0
DA:109,0
DA:110,0
DA:117,0
DA:120,0
DA:121,0
DA:125,1
DA:126,0
DA:127,0
DA:128,0
DA:129,0
DA:131,0
DA:132,0
DA:134,0
DA:135,0
DA:139,0
DA:140,0
DA:141,0
DA:142,0
DA:143,0
DA:144,0
DA:148,0
DA:149,0
DA:151,0
DA:152,0
DA:154,0
DA:156,0
DA:160,0
DA:171,0
DA:172,0
DA:174,0
DA:178,1
DA:179,0
DA:180,0
DA:181,0
DA:182,0
DA:184,0
DA:185,0
DA:186,0
DA:189,0
DA:190,0
DA:194,0
DA:195,0
DA:196,0
DA:197,0
DA:201,0
DA:202,0
DA:210,0
DA:211,0
DA:213,0
DA:219,1
DA:220,1
DA:221,1
LF:124
LH:16
BRDA:21,0,0,0
BRDA:21,0,1,0
BRDA:33,1,0,0
BRDA:33,1,1,0
BRDA:51,2,0,0
BRDA:51,2,1,0
BRDA:53,3,0,0
BRDA:53,3,1,0
BRDA:75,4,0,0
BRDA:75,4,1,0
BRDA:89,5,0,0
BRDA:89,5,1,0
BRDA:107,6,0,0
BRDA:107,6,1,0
BRDA:109,7,0,0
BRDA:109,7,1,0
BRDA:140,8,0,0
BRDA:140,8,1,0
BRDA:152,9,0,0
BRDA:152,9,1,0
BRDA:195,10,0,0
BRDA:195,10,1,0
BRF:22
BRH:0
end_of_record
TN:
SF:app/web3/eth.main.js
FN:24,(anonymous_0)
FN:26,(anonymous_1)
FN:45,(anonymous_2)
FN:47,(anonymous_3)
FN:62,(anonymous_4)
FN:66,(anonymous_5)
FN:83,(anonymous_6)
FN:85,(anonymous_7)
FN:104,(anonymous_8)
FN:106,(anonymous_9)
FN:126,(anonymous_10)
FN:128,(anonymous_11)
FN:131,(anonymous_12)
FN:133,(anonymous_13)
FN:140,(anonymous_14)
FN:142,(anonymous_15)
FN:143,(anonymous_16)
FN:151,(anonymous_17)
FN:163,(anonymous_18)
FN:187,(anonymous_19)
FN:208,(anonymous_20)
FN:232,(anonymous_21)
FN:248,(anonymous_22)
FN:260,(anonymous_23)
FN:285,(anonymous_24)
FN:300,(anonymous_25)
FN:323,(anonymous_26)
FN:324,(anonymous_27)
FN:354,(anonymous_28)
FNF:29
FNH:0
FNDA:0,(anonymous_0)
FNDA:0,(anonymous_1)
FNDA:0,(anonymous_2)
FNDA:0,(anonymous_3)
FNDA:0,(anonymous_4)
FNDA:0,(anonymous_5)
FNDA:0,(anonymous_6)
FNDA:0,(anonymous_7)
FNDA:0,(anonymous_8)
FNDA:0,(anonymous_9)
FNDA:0,(anonymous_10)
FNDA:0,(anonymous_11)
FNDA:0,(anonymous_12)
FNDA:0,(anonymous_13)
FNDA:0,(anonymous_14)
FNDA:0,(anonymous_15)
FNDA:0,(anonymous_16)
FNDA:0,(anonymous_17)
FNDA:0,(anonymous_18)
FNDA:0,(anonymous_19)
FNDA:0,(anonymous_20)
FNDA:0,(anonymous_21)
FNDA:0,(anonymous_22)
FNDA:0,(anonymous_23)
FNDA:0,(anonymous_24)
FNDA:0,(anonymous_25)
FNDA:0,(anonymous_26)
FNDA:0,(anonymous_27)
FNDA:0,(anonymous_28)
DA:2,1
DA:4,1
DA:5,1
DA:6,1
DA:8,1
DA:9,1
DA:10,1
DA:11,1
DA:13,1
DA:14,1
DA:16,1
DA:17,1
DA:18,1
DA:19,1
DA:23,1
DA:25,0
DA:27,0
DA:28,0
DA:29,0
DA:30,0
DA:36,0
DA:46,0
DA:48,0
DA:49,0
DA:50,0
DA:56,0
DA:63,0
DA:64,0
DA:65,0
DA:67,0
DA:68,0
DA:69,0
DA:75,0
DA:77,0
DA:84,0
DA:86,0
DA:87,0
DA:88,0
DA:89,0
DA:90,0
DA:96,0
DA:98,0
DA:105,0
DA:107,0
DA:108,0
DA:109,0
DA:117,0
DA:127,0
DA:129,0
DA:130,0
DA:132,0
DA:134,0
DA:141,0
DA:143,0
DA:144,0
DA:145,0
DA:152,0
DA:157,0
DA:161,0
DA:163,0
DA:164,0
DA:165,0
DA:168,0
DA:189,0
DA:194,0
DA:197,0
DA:198,0
DA:200,0
DA:202,0
DA:208,0
DA:209,0
DA:210,0
DA:213,0
DA:233,0
DA:247,0
DA:249,0
DA:251,0
DA:252,0
DA:253,0
DA:256,0
DA:259,0
DA:260,0
DA:262,0
DA:270,0
DA:272,0
DA:273,0
DA:275,0
DA:276,0
DA:277,0
DA:280,0
DA:286,0
DA:287,0
DA:301,0
DA:302,0
DA:303,0
DA:305,0
DA:306,0
DA:307,0
DA:310,0
DA:313,0
DA:315,0
DA:319,0
DA:322,0
DA:324,0
DA:326,0
DA:339,0
DA:341,0
DA:342,0
DA:344,0
DA:345,0
DA:346,0
DA:347,0
DA:349,0
DA:355,0
DA:356,0
DA:367,0
DA:368,0
LF:117
LH:15
BRDA:27,0,0,0
BRDA:27,0,1,0
BRDA:29,1,0,0
BRDA:29,1,1,0
BRDA:49,2,0,0
BRDA:49,2,1,0
BRDA:68,3,0,0
BRDA:68,3,1,0
BRDA:89,4,0,0
BRDA:89,4,1,0
BRDA:108,5,0,0
BRDA:108,5,1,0
BRDA:145,6,0,0
BRDA:145,6,1,0
BRDA:251,7,0,0
BRDA:251,7,1,0
BRDA:286,8,0,0
BRDA:286,8,1,0
BRDA:305,9,0,0
BRDA:305,9,1,0
BRDA:355,10,0,0
BRDA:355,10,1,0
BRF:22
BRH:0
end_of_record
TN:
SF:middleware/auth.js
FN:10,auth
FN:15,(anonymous_1)
FNF:2
FNH:2
FNDA:11,auth
FNDA:11,(anonymous_1)
DA:1,1
DA:2,1
DA:11,11
DA:12,11
DA:13,11
DA:14,0
DA:15,11
DA:16,11
DA:17,0
DA:19,11
DA:20,11
DA:23,0
DA:24,0
DA:27,1
LF:14
LH:10
BRDA:13,0,0,0
BRDA:13,0,1,11
BRDA:16,1,0,0
BRDA:16,1,1,11
BRF:4
BRH:2
end_of_record
TN:
SF:middleware/owner.js
FN:6,owner
FNF:1
FNH:1
FNDA:11,owner
DA:7,11
DA:8,11
DA:9,11
DA:10,11
DA:11,6
DA:12,5
DA:14,0
DA:15,0
DA:19,1
LF:9
LH:7
BRDA:8,0,0,11
BRDA:8,0,1,11
BRDA:8,0,2,6
BRDA:10,1,0,6
BRDA:10,1,1,5
BRF:5
BRH:5
end_of_record
TN:
SF:middleware/x509.js
FN:14,(anonymous_0)
FN:29,(anonymous_1)
FN:63,(anonymous_2)
FNF:3
FNH:2
FNDA:5,(anonymous_0)
FNDA:5,(anonymous_1)
FNDA:0,(anonymous_2)
DA:1,1
DA:2,1
DA:3,1
DA:4,1
DA:14,1
DA:15,5
DA:16,5
DA:17,5
DA:18,5
DA:19,5
DA:20,5
DA:25,5
DA:26,5
DA:27,5
DA:29,5
DA:30,5
DA:36,5
DA:37,5
DA:38,0
DA:43,5
DA:46,0
DA:47,0
DA:55,1
DA:63,1
DA:64,0
DA:65,0
DA:66,0
DA:67,0
DA:68,0
DA:69,0
DA:70,0
DA:71,0
DA:72,0
DA:73,0
DA:75,0
DA:78,0
LF:36
LH:21
BRDA:20,0,0,0
BRDA:20,0,1,5
BRDA:30,1,0,0
BRDA:30,1,1,5
BRDA:37,2,0,0
BRDA:37,2,1,5
BRF:6
BRH:3
end_of_record
TN:
SF:models/profile/user.js
FN:47,(anonymous_0)
FN:54,validateUser
FNF:2
FNH:0
FNDA:0,(anonymous_0)
FNDA:0,validateUser
DA:1,1
DA:2,1
DA:3,1
DA:4,1
DA:6,1
DA:47,1
DA:48,0
DA:51,1
DA:55,0
DA:64,0
DA:67,1
DA:68,1
LF:12
LH:9
BRF:0
BRH:0
end_of_record
TN:
SF:routes/chaincode/drive.js
FN:10,CallInvokeDrive
FN:13,(anonymous_1)
FN:14,(anonymous_2)
FN:27,(anonymous_3)
FN:42,(anonymous_4)
FN:55,(anonymous_5)
FN:79,CallQueryDrive
FN:82,(anonymous_7)
FN:83,(anonymous_8)
FN:95,(anonymous_9)
FN:108,(anonymous_10)
FN:130,(anonymous_11)
FN:133,(anonymous_12)
FN:142,(anonymous_13)
FN:162,(anonymous_14)
FN:165,(anonymous_15)
FN:173,(anonymous_16)
FNF:17
FNH:0
FNDA:0,CallInvokeDrive
FNDA:0,(anonymous_1)
FNDA:0,(anonymous_2)
FNDA:0,(anonymous_3)
FNDA:0,(anonymous_4)
FNDA:0,(anonymous_5)
FNDA:0,CallQueryDrive
FNDA:0,(anonymous_7)
FNDA:0,(anonymous_8)
FNDA:0,(anonymous_9)
FNDA:0,(anonymous_10)
FNDA:0,(anonymous_11)
FNDA:0,(anonymous_12)
FNDA:0,(anonymous_13)
FNDA:0,(anonymous_14)
FNDA:0,(anonymous_15)
FNDA:0,(anonymous_16)
DA:1,1
DA:2,1
DA:3,1
DA:4,1
DA:5,1
DA:6,1
DA:7,1
DA:8,1
DA:11,0
DA:12,0
DA:14,0
DA:15,0
DA:23,0
DA:24,0
DA:27,0
DA:28,0
DA:37,0
DA:38,0
DA:42,0
DA:43,0
DA:51,0
DA:52,0
DA:55,0
DA:56,0
DA:64,0
DA:65,0
DA:69,0
DA:70,0
DA:71,0
DA:72,0
DA:80,0
DA:81,0
DA:83,0
DA:84,0
DA:92,0
DA:93,0
DA:95,0
DA:96,0
DA:104,0
DA:105,0
DA:108,0
DA:109,0
DA:117,0
DA:118,0
DA:121,0
DA:122,0
DA:123,0
DA:124,0
DA:130,1
DA:131,0
DA:132,0
DA:134,0
DA:135,0
DA:143,0
DA:144,0
DA:152,0
DA:153,0
DA:162,1
DA:163,0
DA:164,0
DA:166,0
DA:167,0
DA:174,0
DA:181,0
DA:190,1
LF:65
LH:11
BRDA:23,0,0,0
BRDA:23,0,1,0
BRDA:37,1,0,0
BRDA:37,1,1,0
BRDA:51,2,0,0
BRDA:51,2,1,0
BRDA:64,3,0,0
BRDA:64,3,1,0
BRDA:70,4,0,0
BRDA:70,4,1,0
BRDA:92,5,0,0
BRDA:92,5,1,0
BRDA:104,6,0,0
BRDA:104,6,1,0
BRDA:117,7,0,0
BRDA:117,7,1,0
BRDA:122,8,0,0
BRDA:122,8,1,0
BRF:18
BRH:0
end_of_record
TN:
SF:routes/chaincode/token.js
FN:11,CallInvoke
FN:14,(anonymous_1)
FN:15,(anonymous_2)
FN:29,(anonymous_3)
FN:41,(anonymous_4)
FN:54,(anonymous_5)
FN:77,CallQuery
FN:80,(anonymous_7)
FN:81,(anonymous_8)
FN:94,(anonymous_9)
FN:107,(anonymous_10)
FN:130,(anonymous_11)
FN:134,(anonymous_12)
FN:143,(anonymous_13)
FN:160,(anonymous_14)
FN:166,(anonymous_15)
FN:174,(anonymous_16)
FNF:17
FNH:7
FNDA:5,CallInvoke
FNDA:5,(anonymous_1)
FNDA:1,(anonymous_2)
FNDA:0,(anonymous_3)
FNDA:1,(anonymous_4)
FNDA:0,(anonymous_5)
FNDA:0,CallQuery
FNDA:0,(anonymous_7)
FNDA:0,(anonymous_8)
FNDA:0,(anonymous_9)
FNDA:0,(anonymous_10)
FNDA:5,(anonymous_11)
FNDA:1,(anonymous_12)
FNDA:4,(anonymous_13)
FNDA:0,(anonymous_14)
FNDA:0,(anonymous_15)
FNDA:0,(anonymous_16)
DA:1,1
DA:2,1
DA:3,1
DA:4,1
DA:5,1
DA:6,1
DA:7,1
DA:8,1
DA:9,1
DA:12,5
DA:13,5
DA:15,5
DA:16,1
DA:25,1
DA:26,1
DA:29,5
DA:30,0
DA:37,0
DA:38,0
DA:41,5
DA:42,1
DA:50,1
DA:51,1
DA:54,5
DA:55,0
DA:63,0
DA:64,0
DA:68,5
DA:69,5
DA:70,3
DA:71,3
DA:78,0
DA:79,0
DA:81,0
DA:82,0
DA:83,0
DA:90,0
DA:91,0
DA:94,0
DA:95,0
DA:96,0
DA:103,0
DA:104,0
DA:107,0
DA:108,0
DA:109,0
DA:116,0
DA:117,0
DA:120,0
DA:121,0
DA:122,0
DA:123,0
DA:130,1
DA:131,5
DA:132,5
DA:133,5
DA:135,1
DA:136,1
DA:144,4
DA:152,0
DA:160,1
DA:161,0
DA:162,0
DA:163,0
DA:164,0
DA:165,0
DA:167,0
DA:168,0
DA:175,0
DA:182,0
DA:190,1
LF:71
LH:34
BRDA:25,0,0,1
BRDA:25,0,1,0
BRDA:37,1,0,0
BRDA:37,1,1,0
BRDA:50,2,0,0
BRDA:50,2,1,1
BRDA:63,3,0,0
BRDA:63,3,1,0
BRDA:69,4,0,3
BRDA:69,4,1,2
BRDA:90,5,0,0
BRDA:90,5,1,0
BRDA:103,6,0,0
BRDA:103,6,1,0
BRDA:116,7,0,0
BRDA:116,7,1,0
BRDA:121,8,0,0
BRDA:121,8,1,0
BRF:18
BRH:4
end_of_record
TN:
SF:routes/ether/eth.js
FN:9,(anonymous_0)
FN:16,(anonymous_1)
FN:17,(anonymous_2)
FN:25,(anonymous_3)
FN:32,(anonymous_4)
FN:43,(anonymous_5)
FN:49,(anonymous_6)
FN:50,(anonymous_7)
FN:58,(anonymous_8)
FN:65,(anonymous_9)
FN:77,(anonymous_10)
FN:79,(anonymous_11)
FN:86,(anonymous_12)
FN:96,(anonymous_13)
FN:98,(anonymous_14)
FN:105,(anonymous_15)
FN:114,(anonymous_16)
FN:119,(anonymous_17)
FN:126,(anonymous_18)
FN:135,(anonymous_19)
FN:141,(anonymous_20)
FN:148,(anonymous_21)
FNF:22
FNH:0
FNDA:0,(anonymous_0)
FNDA:0,(anonymous_1)
FNDA:0,(anonymous_2)
FNDA:0,(anonymous_3)
FNDA:0,(anonymous_4)
FNDA:0,(anonymous_5)
FNDA:0,(anonymous_6)
FNDA:0,(anonymous_7)
FNDA:0,(anonymous_8)
FNDA:0,(anonymous_9)
FNDA:0,(anonymous_10)
FNDA:0,(anonymous_11)
FNDA:0,(anonymous_12)
FNDA:0,(anonymous_13)
FNDA:0,(anonymous_14)
FNDA:0,(anonymous_15)
FNDA:0,(anonymous_16)
FNDA:0,(anonymous_17)
FNDA:0,(anonymous_18)
FNDA:0,(anonymous_19)
FNDA:0,(anonymous_20)
FNDA:0,(anonymous_21)
DA:1,1
DA:2,1
DA:3,1
DA:4,1
DA:5,1
DA:6,1
DA:7,1
DA:9,1
DA:10,0
DA:11,0
DA:17,0
DA:18,0
DA:26,0
DA:27,0
DA:33,0
DA:43,1
DA:44,0
DA:50,0
DA:51,0
DA:59,0
DA:60,0
DA:66,0
DA:77,1
DA:78,0
DA:80,0
DA:81,0
DA:87,0
DA:96,1
DA:97,0
DA:99,0
DA:100,0
DA:106,0
DA:114,1
DA:115,0
DA:120,0
DA:121,0
DA:127,0
DA:135,1
DA:136,0
DA:142,0
DA:143,0
DA:149,0
DA:158,1
LF:43
LH:14
BRF:0
BRH:0
end_of_record
TN:
SF:routes/profile/admin.js
FN:9,(anonymous_0)
FN:18,(anonymous_1)
FN:66,(anonymous_2)
FN:112,(anonymous_3)
FNF:4
FNH:0
FNDA:0,(anonymous_0)
FNDA:0,(anonymous_1)
FNDA:0,(anonymous_2)
FNDA:0,(anonymous_3)
DA:1,1
DA:2,1
DA:3,1
DA:4,1
DA:5,1
DA:6,1
DA:7,1
DA:9,1
DA:10,0
DA:11,0
DA:12,0
DA:14,0
DA:18,1
DA:19,0
DA:20,0
DA:21,0
DA:22,0
DA:23,0
DA:24,0
DA:25,0
DA:26,0
DA:27,0
DA:28,0
DA:30,0
DA:32,0
DA:41,0
DA:42,0
DA:43,0
DA:45,0
DA:52,0
DA:54,0
DA:55,0
DA:57,0
DA:60,0
DA:61,0
DA:66,1
DA:67,0
DA:68,0
DA:69,0
DA:70,0
DA:71,0
DA:72,0
DA:73,0
DA:74,0
DA:75,0
DA:76,0
DA:77,0
DA:79,0
DA:88,0
DA:89,0
DA:90,0
DA:92,0
DA:100,0
DA:101,0
DA:102,0
DA:104,0
DA:107,0
DA:108,0
DA:112,1
DA:113,0
DA:114,0
DA:115,0
DA:116,0
DA:117,0
DA:118,0
DA:119,0
DA:120,0
DA:121,0
DA:123,0
DA:131,0
DA:132,0
DA:134,0
DA:137,0
DA:138,0
DA:142,1
LF:75
LH:12
BRDA:20,0,0,0
BRDA:20,0,1,0
BRDA:22,1,0,0
BRDA:22,1,1,0
BRDA:25,2,0,0
BRDA:25,2,1,0
BRDA:52,3,0,0
BRDA:52,3,1,0
BRDA:54,4,0,0
BRDA:54,4,1,0
BRDA:68,5,0,0
BRDA:68,5,1,0
BRDA:70,6,0,0
BRDA:70,6,1,0
BRDA:73,7,0,0
BRDA:73,7,1,0
BRDA:100,8,0,0
BRDA:100,8,1,0
BRDA:101,9,0,0
BRDA:101,9,1,0
BRDA:114,10,0,0
BRDA:114,10,1,0
BRDA:118,11,0,0
BRDA:118,11,1,0
BRDA:131,12,0,0
BRDA:131,12,1,0
BRF:26
BRH:0
end_of_record
TN:
SF:routes/profile/auth.js
FN:8,(anonymous_0)
FN:32,validate
FNF:2
FNH:0
FNDA:0,(anonymous_0)
FNDA:0,validate
DA:1,1
DA:2,1
DA:3,1
DA:4,1
DA:5,1
DA:6,1
DA:8,1
DA:9,0
DA:10,0
DA:11,0
DA:12,0
DA:14,0
DA:15,0
DA:16,0
DA:18,0
DA:19,0
DA:20,0
DA:21,0
DA:22,0
DA:33,0
DA:37,0
DA:40,1
LF:22
LH:8
BRDA:11,0,0,0
BRDA:11,0,1,0
BRDA:15,1,0,0
BRDA:15,1,1,0
BRDA:19,2,0,0
BRDA:19,2,1,0
BRF:6
BRH:0
end_of_record
TN:
SF:routes/profile/user.js
FN:11,(anonymous_0)
FN:21,(anonymous_1)
FN:30,(anonymous_2)
FN:49,(anonymous_3)
FN:92,(anonymous_4)
FN:144,(anonymous_5)
FNF:6
FNH:0
FNDA:0,(anonymous_0)
FNDA:0,(anonymous_1)
FNDA:0,(anonymous_2)
FNDA:0,(anonymous_3)
FNDA:0,(anonymous_4)
FNDA:0,(anonymous_5)
DA:1,1
DA:2,1
DA:3,1
DA:4,1
DA:5,1
DA:6,1
DA:7,1
DA:8,1
DA:9,1
DA:11,1
DA:12,0
DA:13,0
DA:14,0
DA:16,0
DA:17,0
DA:21,1
DA:22,0
DA:23,0
DA:24,0
DA:26,0
DA:30,1
DA:31,0
DA:32,0
DA:38,0
DA:39,0
DA:41,0
DA:44,0
DA:45,0
DA:49,1
DA:50,0
DA:51,0
DA:52,0
DA:53,0
DA:54,0
DA:55,0
DA:56,0
DA:57,0
DA:59,0
DA:61,0
DA:70,0
DA:71,0
DA:73,0
DA:80,0
DA:81,0
DA:82,0
DA:84,0
DA:87,0
DA:88,0
DA:92,1
DA:93,0
DA:94,0
DA:95,0
DA:96,0
DA:97,0
DA:98,0
DA:99,0
DA:100,0
DA:101,0
DA:103,0
DA:104,0
DA:105,0
DA:112,0
DA:121,0
DA:122,0
DA:124,0
DA:132,0
DA:133,0
DA:134,0
DA:136,0
DA:139,0
DA:140,0
DA:144,1
DA:145,0
DA:146,0
DA:147,0
DA:148,0
DA:149,0
DA:150,0
DA:151,0
DA:152,0
DA:154,0
DA:162,0
DA:163,0
DA:165,0
DA:168,0
DA:169,0
DA:173,1
LF:87
LH:16
BRDA:38,0,0,0
BRDA:38,0,1,0
BRDA:51,1,0,0
BRDA:51,1,1,0
BRDA:54,2,0,0
BRDA:54,2,1,0
BRDA:80,3,0,0
BRDA:80,3,1,0
BRDA:81,4,0,0
BRDA:81,4,1,0
BRDA:94,5,0,0
BRDA:94,5,1,0
BRDA:97,6,0,0
BRDA:97,6,1,0
BRDA:104,7,0,0
BRDA:104,7,1,0
BRDA:132,8,0,0
BRDA:132,8,1,0
BRDA:133,9,0,0
BRDA:133,9,1,0
BRDA:146,10,0,0
BRDA:146,10,1,0
BRDA:149,11,0,0
BRDA:149,11,1,0
BRDA:162,12,0,0
BRDA:162,12,1,0
BRF:26
BRH:0
end_of_record
TN:
SF:startup/config.js
FN:3,(anonymous_0)
FNF:1
FNH:1
FNDA:1,(anonymous_0)
DA:1,1
DA:3,1
DA:4,1
DA:5,0
LF:4
LH:3
BRDA:4,0,0,0
BRDA:4,0,1,1
BRF:2
BRH:1
end_of_record
TN:
SF:startup/db.js
FN:4,(anonymous_0)
FN:6,(anonymous_1)
FNF:2
FNH:2
FNDA:1,(anonymous_0)
FNDA:1,(anonymous_1)
DA:1,1
DA:2,1
DA:4,1
DA:5,1
DA:7,1
DA:9,1
DA:10,1
LF:7
LH:7
BRF:0
BRH:0
end_of_record
TN:
SF:startup/logging.js
FN:39,(anonymous_0)
FNF:1
FNH:0
FNDA:0,(anonymous_0)
DA:1,1
DA:2,1
DA:3,1
DA:4,1
DA:5,1
DA:28,1
DA:36,1
DA:37,1
DA:39,1
DA:40,0
DA:43,1
LF:11
LH:10
BRF:0
BRH:0
end_of_record
TN:
SF:startup/routes.v1.js
FN:9,(anonymous_0)
FNF:1
FNH:1
FNDA:1,(anonymous_0)
DA:1,1
DA:2,1
DA:3,1
DA:4,1
DA:5,1
DA:6,1
DA:7,1
DA:9,1
DA:10,1
DA:11,1
DA:12,1
DA:13,1
DA:14,1
DA:15,1
DA:16,1
LF:15
LH:15
BRF:0
BRH:0
end_of_record
TN:
SF:test/jMeter/invoke.js
FN:8,CallInvoke
FN:11,(anonymous_1)
FN:12,(anonymous_2)
FN:25,(anonymous_3)
FN:46,CallQuery
FN:49,(anonymous_5)
FN:50,(anonymous_6)
FN:62,(anonymous_7)
FN:75,(anonymous_8)
FN:96,(anonymous_9)
FNF:10
FNH:0
FNDA:0,CallInvoke
FNDA:0,(anonymous_1)
FNDA:0,(anonymous_2)
FNDA:0,(anonymous_3)
FNDA:0,CallQuery
FNDA:0,(anonymous_5)
FNDA:0,(anonymous_6)
FNDA:0,(anonymous_7)
FNDA:0,(anonymous_8)
FNDA:0,(anonymous_9)
DA:1,1
DA:2,1
DA:3,1
DA:4,1
DA:5,1
DA:6,1
DA:9,0
DA:10,0
DA:12,0
DA:13,0
DA:22,0
DA:25,0
DA:26,0
DA:34,0
DA:37,0
DA:38,0
DA:39,0
DA:40,0
DA:47,0
DA:48,0
DA:50,0
DA:51,0
DA:52,0
DA:59,0
DA:62,0
DA:66,0
DA:67,0
DA:68,0
DA:69,0
DA:75,1
DA:76,0
DA:77,0
DA:78,0
DA:79,0
DA:80,0
DA:87,0
DA:92,0
DA:96,1
DA:97,0
DA:98,0
DA:99,0
DA:100,0
DA:105,0
DA:107,0
DA:112,0
DA:116,1
LF:46
LH:9
BRDA:38,0,0,0
BRDA:38,0,1,0
BRDA:67,1,0,0
BRDA:67,1,1,0
BRF:4
BRH:0
end_of_record
TN:
SF:test/jMeter/routes.v1.js
FN:5,(anonymous_0)
FNF:1
FNH:1
FNDA:1,(anonymous_0)
DA:1,1
DA:2,1
DA:3,1
DA:5,1
DA:6,1
DA:7,1
DA:8,1
LF:7
LH:7
BRF:0
BRH:0
end_of_record
TN:
SF:test/jMeter/user.js
FN:10,(anonymous_0)
FN:51,(anonymous_1)
FNF:2
FNH:0
FNDA:0,(anonymous_0)
FNDA:0,(anonymous_1)
DA:1,1
DA:2,1
DA:3,1
DA:4,1
DA:5,1
DA:6,1
DA:8,1
DA:10,1
DA:11,0
DA:12,0
DA:13,0
DA:14,0
DA:15,0
DA:16,0
DA:17,0
DA:18,0
DA:19,0
DA:20,0
DA:21,0
DA:22,0
DA:23,0
DA:24,0
DA:31,0
DA:32,0
DA:33,0
DA:42,0
DA:49,0
DA:51,0
DA:53,0
DA:54,0
DA:55,0
DA:57,0
DA:59,0
DA:63,1
LF:34
LH:9
BRDA:12,0,0,0
BRDA:12,0,1,0
BRDA:14,1,0,0
BRDA:14,1,1,0
BRDA:17,2,0,0
BRDA:17,2,1,0
BRF:6
BRH:0
end_of_record
TN:
SF:utils/crypto/encryption.algorithm.js
FN:3,getKey
FN:13,(anonymous_1)
FN:26,(anonymous_2)
FNF:3
FNH:0
FNDA:0,getKey
FNDA:0,(anonymous_1)
FNDA:0,(anonymous_2)
DA:1,1
DA:4,0
DA:5,0
DA:6,0
DA:12,1
DA:14,0
DA:15,0
DA:16,0
DA:17,0
DA:18,0
DA:19,0
DA:21,0
DA:22,0
DA:27,0
DA:28,0
DA:29,0
DA:30,0
DA:31,0
DA:33,0
DA:34,0
LF:20
LH:2
BRF:0
BRH:0
end_of_record
